[2021-10-17 10:16:38] local.ERROR: SQLSTATE[HY000] [2002] No connection could be made because the target machine actively refused it.
 (SQL: SHOW FULL TABLES WHERE table_type = 'BASE TABLE') {"exception":"[object] (Illuminate\\Database\\QueryException(code: 2002): SQLSTATE[HY000] [2002] No connection could be made because the target machine actively refused it.
 (SQL: SHOW FULL TABLES WHERE table_type = 'BASE TABLE') at C:\\Soft\\OpenServer\\domains\\MirVseh\\vendor\\laravel\\framework\\src\\Illuminate\\Database\\Connection.php:678)
[stacktrace]
#0 C:\\Soft\\OpenServer\\domains\\MirVseh\\vendor\\laravel\\framework\\src\\Illuminate\\Database\\Connection.php(638): Illuminate\\Database\\Connection->runQueryCallback()
#1 C:\\Soft\\OpenServer\\domains\\MirVseh\\vendor\\laravel\\framework\\src\\Illuminate\\Database\\Connection.php(346): Illuminate\\Database\\Connection->run()
#2 C:\\Soft\\OpenServer\\domains\\MirVseh\\vendor\\laravel\\framework\\src\\Illuminate\\Database\\Schema\\MySqlBuilder.php(99): Illuminate\\Database\\Connection->select()
#3 C:\\Soft\\OpenServer\\domains\\MirVseh\\vendor\\laravel\\framework\\src\\Illuminate\\Database\\Schema\\MySqlBuilder.php(48): Illuminate\\Database\\Schema\\MySqlBuilder->getAllTables()
#4 C:\\Soft\\OpenServer\\domains\\MirVseh\\vendor\\laravel\\framework\\src\\Illuminate\\Database\\Console\\WipeCommand.php(69): Illuminate\\Database\\Schema\\MySqlBuilder->dropAllTables()
#5 C:\\Soft\\OpenServer\\domains\\MirVseh\\vendor\\laravel\\framework\\src\\Illuminate\\Database\\Console\\WipeCommand.php(46): Illuminate\\Database\\Console\\WipeCommand->dropAllTables()
#6 C:\\Soft\\OpenServer\\domains\\MirVseh\\vendor\\laravel\\framework\\src\\Illuminate\\Container\\BoundMethod.php(36): Illuminate\\Database\\Console\\WipeCommand->handle()
#7 C:\\Soft\\OpenServer\\domains\\MirVseh\\vendor\\laravel\\framework\\src\\Illuminate\\Container\\Util.php(40): Illuminate\\Container\\BoundMethod::Illuminate\\Container\\{closure}()
#8 C:\\Soft\\OpenServer\\domains\\MirVseh\\vendor\\laravel\\framework\\src\\Illuminate\\Container\\BoundMethod.php(93): Illuminate\\Container\\Util::unwrapIfClosure()
#9 C:\\Soft\\OpenServer\\domains\\MirVseh\\vendor\\laravel\\framework\\src\\Illuminate\\Container\\BoundMethod.php(37): Illuminate\\Container\\BoundMethod::callBoundMethod()
#10 C:\\Soft\\OpenServer\\domains\\MirVseh\\vendor\\laravel\\framework\\src\\Illuminate\\Container\\Container.php(610): Illuminate\\Container\\BoundMethod::call()
#11 C:\\Soft\\OpenServer\\domains\\MirVseh\\vendor\\laravel\\framework\\src\\Illuminate\\Console\\Command.php(136): Illuminate\\Container\\Container->call()
#12 C:\\Soft\\OpenServer\\domains\\MirVseh\\vendor\\symfony\\console\\Command\\Command.php(255): Illuminate\\Console\\Command->execute()
#13 C:\\Soft\\OpenServer\\domains\\MirVseh\\vendor\\laravel\\framework\\src\\Illuminate\\Console\\Command.php(121): Symfony\\Component\\Console\\Command\\Command->run()
#14 C:\\Soft\\OpenServer\\domains\\MirVseh\\vendor\\laravel\\framework\\src\\Illuminate\\Console\\Concerns\\CallsCommands.php(68): Illuminate\\Console\\Command->run()
#15 C:\\Soft\\OpenServer\\domains\\MirVseh\\vendor\\laravel\\framework\\src\\Illuminate\\Console\\Concerns\\CallsCommands.php(28): Illuminate\\Console\\Command->runCommand()
#16 C:\\Soft\\OpenServer\\domains\\MirVseh\\vendor\\laravel\\framework\\src\\Illuminate\\Database\\Console\\Migrations\\FreshCommand.php(43): Illuminate\\Console\\Command->call()
#17 C:\\Soft\\OpenServer\\domains\\MirVseh\\vendor\\laravel\\framework\\src\\Illuminate\\Container\\BoundMethod.php(36): Illuminate\\Database\\Console\\Migrations\\FreshCommand->handle()
#18 C:\\Soft\\OpenServer\\domains\\MirVseh\\vendor\\laravel\\framework\\src\\Illuminate\\Container\\Util.php(40): Illuminate\\Container\\BoundMethod::Illuminate\\Container\\{closure}()
#19 C:\\Soft\\OpenServer\\domains\\MirVseh\\vendor\\laravel\\framework\\src\\Illuminate\\Container\\BoundMethod.php(93): Illuminate\\Container\\Util::unwrapIfClosure()
#20 C:\\Soft\\OpenServer\\domains\\MirVseh\\vendor\\laravel\\framework\\src\\Illuminate\\Container\\BoundMethod.php(37): Illuminate\\Container\\BoundMethod::callBoundMethod()
#21 C:\\Soft\\OpenServer\\domains\\MirVseh\\vendor\\laravel\\framework\\src\\Illuminate\\Container\\Container.php(610): Illuminate\\Container\\BoundMethod::call()
#22 C:\\Soft\\OpenServer\\domains\\MirVseh\\vendor\\laravel\\framework\\src\\Illuminate\\Console\\Command.php(136): Illuminate\\Container\\Container->call()
#23 C:\\Soft\\OpenServer\\domains\\MirVseh\\vendor\\symfony\\console\\Command\\Command.php(255): Illuminate\\Console\\Command->execute()
#24 C:\\Soft\\OpenServer\\domains\\MirVseh\\vendor\\laravel\\framework\\src\\Illuminate\\Console\\Command.php(121): Symfony\\Component\\Console\\Command\\Command->run()
#25 C:\\Soft\\OpenServer\\domains\\MirVseh\\vendor\\symfony\\console\\Application.php(971): Illuminate\\Console\\Command->run()
#26 C:\\Soft\\OpenServer\\domains\\MirVseh\\vendor\\symfony\\console\\Application.php(290): Symfony\\Component\\Console\\Application->doRunCommand()
#27 C:\\Soft\\OpenServer\\domains\\MirVseh\\vendor\\symfony\\console\\Application.php(166): Symfony\\Component\\Console\\Application->doRun()
#28 C:\\Soft\\OpenServer\\domains\\MirVseh\\vendor\\laravel\\framework\\src\\Illuminate\\Console\\Application.php(93): Symfony\\Component\\Console\\Application->run()
#29 C:\\Soft\\OpenServer\\domains\\MirVseh\\vendor\\laravel\\framework\\src\\Illuminate\\Foundation\\Console\\Kernel.php(129): Illuminate\\Console\\Application->run()
#30 C:\\Soft\\OpenServer\\domains\\MirVseh\\artisan(37): Illuminate\\Foundation\\Console\\Kernel->handle()
#31 {main}

[previous exception] [object] (Doctrine\\DBAL\\Driver\\PDO\\Exception(code: 2002): SQLSTATE[HY000] [2002] No connection could be made because the target machine actively refused it.
 at C:\\Soft\\OpenServer\\domains\\MirVseh\\vendor\\doctrine\\dbal\\lib\\Doctrine\\DBAL\\Driver\\PDO\\Exception.php:18)
[stacktrace]
#0 C:\\Soft\\OpenServer\\domains\\MirVseh\\vendor\\doctrine\\dbal\\lib\\Doctrine\\DBAL\\Driver\\PDOConnection.php(42): Doctrine\\DBAL\\Driver\\PDO\\Exception::new()
#1 C:\\Soft\\OpenServer\\domains\\MirVseh\\vendor\\laravel\\framework\\src\\Illuminate\\Database\\Connectors\\Connector.php(67): Doctrine\\DBAL\\Driver\\PDOConnection->__construct()
#2 C:\\Soft\\OpenServer\\domains\\MirVseh\\vendor\\laravel\\framework\\src\\Illuminate\\Database\\Connectors\\Connector.php(46): Illuminate\\Database\\Connectors\\Connector->createPdoConnection()
#3 C:\\Soft\\OpenServer\\domains\\MirVseh\\vendor\\laravel\\framework\\src\\Illuminate\\Database\\Connectors\\MySqlConnector.php(24): Illuminate\\Database\\Connectors\\Connector->createConnection()
#4 C:\\Soft\\OpenServer\\domains\\MirVseh\\vendor\\laravel\\framework\\src\\Illuminate\\Database\\Connectors\\ConnectionFactory.php(184): Illuminate\\Database\\Connectors\\MySqlConnector->connect()
#5 [internal function]: Illuminate\\Database\\Connectors\\ConnectionFactory->Illuminate\\Database\\Connectors\\{closure}()
#6 C:\\Soft\\OpenServer\\domains\\MirVseh\\vendor\\laravel\\framework\\src\\Illuminate\\Database\\Connection.php(939): call_user_func()
#7 C:\\Soft\\OpenServer\\domains\\MirVseh\\vendor\\laravel\\framework\\src\\Illuminate\\Database\\Connection.php(974): Illuminate\\Database\\Connection->getPdo()
#8 C:\\Soft\\OpenServer\\domains\\MirVseh\\vendor\\laravel\\framework\\src\\Illuminate\\Database\\Connection.php(412): Illuminate\\Database\\Connection->getReadPdo()
#9 C:\\Soft\\OpenServer\\domains\\MirVseh\\vendor\\laravel\\framework\\src\\Illuminate\\Database\\Connection.php(338): Illuminate\\Database\\Connection->getPdoForSelect()
#10 C:\\Soft\\OpenServer\\domains\\MirVseh\\vendor\\laravel\\framework\\src\\Illuminate\\Database\\Connection.php(671): Illuminate\\Database\\Connection->Illuminate\\Database\\{closure}()
#11 C:\\Soft\\OpenServer\\domains\\MirVseh\\vendor\\laravel\\framework\\src\\Illuminate\\Database\\Connection.php(638): Illuminate\\Database\\Connection->runQueryCallback()
#12 C:\\Soft\\OpenServer\\domains\\MirVseh\\vendor\\laravel\\framework\\src\\Illuminate\\Database\\Connection.php(346): Illuminate\\Database\\Connection->run()
#13 C:\\Soft\\OpenServer\\domains\\MirVseh\\vendor\\laravel\\framework\\src\\Illuminate\\Database\\Schema\\MySqlBuilder.php(99): Illuminate\\Database\\Connection->select()
#14 C:\\Soft\\OpenServer\\domains\\MirVseh\\vendor\\laravel\\framework\\src\\Illuminate\\Database\\Schema\\MySqlBuilder.php(48): Illuminate\\Database\\Schema\\MySqlBuilder->getAllTables()
#15 C:\\Soft\\OpenServer\\domains\\MirVseh\\vendor\\laravel\\framework\\src\\Illuminate\\Database\\Console\\WipeCommand.php(69): Illuminate\\Database\\Schema\\MySqlBuilder->dropAllTables()
#16 C:\\Soft\\OpenServer\\domains\\MirVseh\\vendor\\laravel\\framework\\src\\Illuminate\\Database\\Console\\WipeCommand.php(46): Illuminate\\Database\\Console\\WipeCommand->dropAllTables()
#17 C:\\Soft\\OpenServer\\domains\\MirVseh\\vendor\\laravel\\framework\\src\\Illuminate\\Container\\BoundMethod.php(36): Illuminate\\Database\\Console\\WipeCommand->handle()
#18 C:\\Soft\\OpenServer\\domains\\MirVseh\\vendor\\laravel\\framework\\src\\Illuminate\\Container\\Util.php(40): Illuminate\\Container\\BoundMethod::Illuminate\\Container\\{closure}()
#19 C:\\Soft\\OpenServer\\domains\\MirVseh\\vendor\\laravel\\framework\\src\\Illuminate\\Container\\BoundMethod.php(93): Illuminate\\Container\\Util::unwrapIfClosure()
#20 C:\\Soft\\OpenServer\\domains\\MirVseh\\vendor\\laravel\\framework\\src\\Illuminate\\Container\\BoundMethod.php(37): Illuminate\\Container\\BoundMethod::callBoundMethod()
#21 C:\\Soft\\OpenServer\\domains\\MirVseh\\vendor\\laravel\\framework\\src\\Illuminate\\Container\\Container.php(610): Illuminate\\Container\\BoundMethod::call()
#22 C:\\Soft\\OpenServer\\domains\\MirVseh\\vendor\\laravel\\framework\\src\\Illuminate\\Console\\Command.php(136): Illuminate\\Container\\Container->call()
#23 C:\\Soft\\OpenServer\\domains\\MirVseh\\vendor\\symfony\\console\\Command\\Command.php(255): Illuminate\\Console\\Command->execute()
#24 C:\\Soft\\OpenServer\\domains\\MirVseh\\vendor\\laravel\\framework\\src\\Illuminate\\Console\\Command.php(121): Symfony\\Component\\Console\\Command\\Command->run()
#25 C:\\Soft\\OpenServer\\domains\\MirVseh\\vendor\\laravel\\framework\\src\\Illuminate\\Console\\Concerns\\CallsCommands.php(68): Illuminate\\Console\\Command->run()
#26 C:\\Soft\\OpenServer\\domains\\MirVseh\\vendor\\laravel\\framework\\src\\Illuminate\\Console\\Concerns\\CallsCommands.php(28): Illuminate\\Console\\Command->runCommand()
#27 C:\\Soft\\OpenServer\\domains\\MirVseh\\vendor\\laravel\\framework\\src\\Illuminate\\Database\\Console\\Migrations\\FreshCommand.php(43): Illuminate\\Console\\Command->call()
#28 C:\\Soft\\OpenServer\\domains\\MirVseh\\vendor\\laravel\\framework\\src\\Illuminate\\Container\\BoundMethod.php(36): Illuminate\\Database\\Console\\Migrations\\FreshCommand->handle()
#29 C:\\Soft\\OpenServer\\domains\\MirVseh\\vendor\\laravel\\framework\\src\\Illuminate\\Container\\Util.php(40): Illuminate\\Container\\BoundMethod::Illuminate\\Container\\{closure}()
#30 C:\\Soft\\OpenServer\\domains\\MirVseh\\vendor\\laravel\\framework\\src\\Illuminate\\Container\\BoundMethod.php(93): Illuminate\\Container\\Util::unwrapIfClosure()
#31 C:\\Soft\\OpenServer\\domains\\MirVseh\\vendor\\laravel\\framework\\src\\Illuminate\\Container\\BoundMethod.php(37): Illuminate\\Container\\BoundMethod::callBoundMethod()
#32 C:\\Soft\\OpenServer\\domains\\MirVseh\\vendor\\laravel\\framework\\src\\Illuminate\\Container\\Container.php(610): Illuminate\\Container\\BoundMethod::call()
#33 C:\\Soft\\OpenServer\\domains\\MirVseh\\vendor\\laravel\\framework\\src\\Illuminate\\Console\\Command.php(136): Illuminate\\Container\\Container->call()
#34 C:\\Soft\\OpenServer\\domains\\MirVseh\\vendor\\symfony\\console\\Command\\Command.php(255): Illuminate\\Console\\Command->execute()
#35 C:\\Soft\\OpenServer\\domains\\MirVseh\\vendor\\laravel\\framework\\src\\Illuminate\\Console\\Command.php(121): Symfony\\Component\\Console\\Command\\Command->run()
#36 C:\\Soft\\OpenServer\\domains\\MirVseh\\vendor\\symfony\\console\\Application.php(971): Illuminate\\Console\\Command->run()
#37 C:\\Soft\\OpenServer\\domains\\MirVseh\\vendor\\symfony\\console\\Application.php(290): Symfony\\Component\\Console\\Application->doRunCommand()
#38 C:\\Soft\\OpenServer\\domains\\MirVseh\\vendor\\symfony\\console\\Application.php(166): Symfony\\Component\\Console\\Application->doRun()
#39 C:\\Soft\\OpenServer\\domains\\MirVseh\\vendor\\laravel\\framework\\src\\Illuminate\\Console\\Application.php(93): Symfony\\Component\\Console\\Application->run()
#40 C:\\Soft\\OpenServer\\domains\\MirVseh\\vendor\\laravel\\framework\\src\\Illuminate\\Foundation\\Console\\Kernel.php(129): Illuminate\\Console\\Application->run()
#41 C:\\Soft\\OpenServer\\domains\\MirVseh\\artisan(37): Illuminate\\Foundation\\Console\\Kernel->handle()
#42 {main}

[previous exception] [object] (PDOException(code: 2002): SQLSTATE[HY000] [2002] No connection could be made because the target machine actively refused it.
 at C:\\Soft\\OpenServer\\domains\\MirVseh\\vendor\\doctrine\\dbal\\lib\\Doctrine\\DBAL\\Driver\\PDOConnection.php:38)
[stacktrace]
#0 C:\\Soft\\OpenServer\\domains\\MirVseh\\vendor\\doctrine\\dbal\\lib\\Doctrine\\DBAL\\Driver\\PDOConnection.php(38): PDO->__construct()
#1 C:\\Soft\\OpenServer\\domains\\MirVseh\\vendor\\laravel\\framework\\src\\Illuminate\\Database\\Connectors\\Connector.php(67): Doctrine\\DBAL\\Driver\\PDOConnection->__construct()
#2 C:\\Soft\\OpenServer\\domains\\MirVseh\\vendor\\laravel\\framework\\src\\Illuminate\\Database\\Connectors\\Connector.php(46): Illuminate\\Database\\Connectors\\Connector->createPdoConnection()
#3 C:\\Soft\\OpenServer\\domains\\MirVseh\\vendor\\laravel\\framework\\src\\Illuminate\\Database\\Connectors\\MySqlConnector.php(24): Illuminate\\Database\\Connectors\\Connector->createConnection()
#4 C:\\Soft\\OpenServer\\domains\\MirVseh\\vendor\\laravel\\framework\\src\\Illuminate\\Database\\Connectors\\ConnectionFactory.php(184): Illuminate\\Database\\Connectors\\MySqlConnector->connect()
#5 [internal function]: Illuminate\\Database\\Connectors\\ConnectionFactory->Illuminate\\Database\\Connectors\\{closure}()
#6 C:\\Soft\\OpenServer\\domains\\MirVseh\\vendor\\laravel\\framework\\src\\Illuminate\\Database\\Connection.php(939): call_user_func()
#7 C:\\Soft\\OpenServer\\domains\\MirVseh\\vendor\\laravel\\framework\\src\\Illuminate\\Database\\Connection.php(974): Illuminate\\Database\\Connection->getPdo()
#8 C:\\Soft\\OpenServer\\domains\\MirVseh\\vendor\\laravel\\framework\\src\\Illuminate\\Database\\Connection.php(412): Illuminate\\Database\\Connection->getReadPdo()
#9 C:\\Soft\\OpenServer\\domains\\MirVseh\\vendor\\laravel\\framework\\src\\Illuminate\\Database\\Connection.php(338): Illuminate\\Database\\Connection->getPdoForSelect()
#10 C:\\Soft\\OpenServer\\domains\\MirVseh\\vendor\\laravel\\framework\\src\\Illuminate\\Database\\Connection.php(671): Illuminate\\Database\\Connection->Illuminate\\Database\\{closure}()
#11 C:\\Soft\\OpenServer\\domains\\MirVseh\\vendor\\laravel\\framework\\src\\Illuminate\\Database\\Connection.php(638): Illuminate\\Database\\Connection->runQueryCallback()
#12 C:\\Soft\\OpenServer\\domains\\MirVseh\\vendor\\laravel\\framework\\src\\Illuminate\\Database\\Connection.php(346): Illuminate\\Database\\Connection->run()
#13 C:\\Soft\\OpenServer\\domains\\MirVseh\\vendor\\laravel\\framework\\src\\Illuminate\\Database\\Schema\\MySqlBuilder.php(99): Illuminate\\Database\\Connection->select()
#14 C:\\Soft\\OpenServer\\domains\\MirVseh\\vendor\\laravel\\framework\\src\\Illuminate\\Database\\Schema\\MySqlBuilder.php(48): Illuminate\\Database\\Schema\\MySqlBuilder->getAllTables()
#15 C:\\Soft\\OpenServer\\domains\\MirVseh\\vendor\\laravel\\framework\\src\\Illuminate\\Database\\Console\\WipeCommand.php(69): Illuminate\\Database\\Schema\\MySqlBuilder->dropAllTables()
#16 C:\\Soft\\OpenServer\\domains\\MirVseh\\vendor\\laravel\\framework\\src\\Illuminate\\Database\\Console\\WipeCommand.php(46): Illuminate\\Database\\Console\\WipeCommand->dropAllTables()
#17 C:\\Soft\\OpenServer\\domains\\MirVseh\\vendor\\laravel\\framework\\src\\Illuminate\\Container\\BoundMethod.php(36): Illuminate\\Database\\Console\\WipeCommand->handle()
#18 C:\\Soft\\OpenServer\\domains\\MirVseh\\vendor\\laravel\\framework\\src\\Illuminate\\Container\\Util.php(40): Illuminate\\Container\\BoundMethod::Illuminate\\Container\\{closure}()
#19 C:\\Soft\\OpenServer\\domains\\MirVseh\\vendor\\laravel\\framework\\src\\Illuminate\\Container\\BoundMethod.php(93): Illuminate\\Container\\Util::unwrapIfClosure()
#20 C:\\Soft\\OpenServer\\domains\\MirVseh\\vendor\\laravel\\framework\\src\\Illuminate\\Container\\BoundMethod.php(37): Illuminate\\Container\\BoundMethod::callBoundMethod()
#21 C:\\Soft\\OpenServer\\domains\\MirVseh\\vendor\\laravel\\framework\\src\\Illuminate\\Container\\Container.php(610): Illuminate\\Container\\BoundMethod::call()
#22 C:\\Soft\\OpenServer\\domains\\MirVseh\\vendor\\laravel\\framework\\src\\Illuminate\\Console\\Command.php(136): Illuminate\\Container\\Container->call()
#23 C:\\Soft\\OpenServer\\domains\\MirVseh\\vendor\\symfony\\console\\Command\\Command.php(255): Illuminate\\Console\\Command->execute()
#24 C:\\Soft\\OpenServer\\domains\\MirVseh\\vendor\\laravel\\framework\\src\\Illuminate\\Console\\Command.php(121): Symfony\\Component\\Console\\Command\\Command->run()
#25 C:\\Soft\\OpenServer\\domains\\MirVseh\\vendor\\laravel\\framework\\src\\Illuminate\\Console\\Concerns\\CallsCommands.php(68): Illuminate\\Console\\Command->run()
#26 C:\\Soft\\OpenServer\\domains\\MirVseh\\vendor\\laravel\\framework\\src\\Illuminate\\Console\\Concerns\\CallsCommands.php(28): Illuminate\\Console\\Command->runCommand()
#27 C:\\Soft\\OpenServer\\domains\\MirVseh\\vendor\\laravel\\framework\\src\\Illuminate\\Database\\Console\\Migrations\\FreshCommand.php(43): Illuminate\\Console\\Command->call()
#28 C:\\Soft\\OpenServer\\domains\\MirVseh\\vendor\\laravel\\framework\\src\\Illuminate\\Container\\BoundMethod.php(36): Illuminate\\Database\\Console\\Migrations\\FreshCommand->handle()
#29 C:\\Soft\\OpenServer\\domains\\MirVseh\\vendor\\laravel\\framework\\src\\Illuminate\\Container\\Util.php(40): Illuminate\\Container\\BoundMethod::Illuminate\\Container\\{closure}()
#30 C:\\Soft\\OpenServer\\domains\\MirVseh\\vendor\\laravel\\framework\\src\\Illuminate\\Container\\BoundMethod.php(93): Illuminate\\Container\\Util::unwrapIfClosure()
#31 C:\\Soft\\OpenServer\\domains\\MirVseh\\vendor\\laravel\\framework\\src\\Illuminate\\Container\\BoundMethod.php(37): Illuminate\\Container\\BoundMethod::callBoundMethod()
#32 C:\\Soft\\OpenServer\\domains\\MirVseh\\vendor\\laravel\\framework\\src\\Illuminate\\Container\\Container.php(610): Illuminate\\Container\\BoundMethod::call()
#33 C:\\Soft\\OpenServer\\domains\\MirVseh\\vendor\\laravel\\framework\\src\\Illuminate\\Console\\Command.php(136): Illuminate\\Container\\Container->call()
#34 C:\\Soft\\OpenServer\\domains\\MirVseh\\vendor\\symfony\\console\\Command\\Command.php(255): Illuminate\\Console\\Command->execute()
#35 C:\\Soft\\OpenServer\\domains\\MirVseh\\vendor\\laravel\\framework\\src\\Illuminate\\Console\\Command.php(121): Symfony\\Component\\Console\\Command\\Command->run()
#36 C:\\Soft\\OpenServer\\domains\\MirVseh\\vendor\\symfony\\console\\Application.php(971): Illuminate\\Console\\Command->run()
#37 C:\\Soft\\OpenServer\\domains\\MirVseh\\vendor\\symfony\\console\\Application.php(290): Symfony\\Component\\Console\\Application->doRunCommand()
#38 C:\\Soft\\OpenServer\\domains\\MirVseh\\vendor\\symfony\\console\\Application.php(166): Symfony\\Component\\Console\\Application->doRun()
#39 C:\\Soft\\OpenServer\\domains\\MirVseh\\vendor\\laravel\\framework\\src\\Illuminate\\Console\\Application.php(93): Symfony\\Component\\Console\\Application->run()
#40 C:\\Soft\\OpenServer\\domains\\MirVseh\\vendor\\laravel\\framework\\src\\Illuminate\\Foundation\\Console\\Kernel.php(129): Illuminate\\Console\\Application->run()
#41 C:\\Soft\\OpenServer\\domains\\MirVseh\\artisan(37): Illuminate\\Foundation\\Console\\Kernel->handle()
#42 {main}
"} 
[2021-10-17 10:18:05] local.ERROR: SQLSTATE[42S01]: Base table or view already exists: 1050 Table 'dialog_user' already exists (SQL: create table `dialog_user` (`group_id` bigint unsigned not null, `user_id` bigint unsigned not null) default character set utf8mb4 collate 'utf8mb4_unicode_ci') {"exception":"[object] (Illuminate\\Database\\QueryException(code: 42S01): SQLSTATE[42S01]: Base table or view already exists: 1050 Table 'dialog_user' already exists (SQL: create table `dialog_user` (`group_id` bigint unsigned not null, `user_id` bigint unsigned not null) default character set utf8mb4 collate 'utf8mb4_unicode_ci') at C:\\Soft\\OpenServer\\domains\\MirVseh\\vendor\\laravel\\framework\\src\\Illuminate\\Database\\Connection.php:678)
[stacktrace]
#0 C:\\Soft\\OpenServer\\domains\\MirVseh\\vendor\\laravel\\framework\\src\\Illuminate\\Database\\Connection.php(638): Illuminate\\Database\\Connection->runQueryCallback()
#1 C:\\Soft\\OpenServer\\domains\\MirVseh\\vendor\\laravel\\framework\\src\\Illuminate\\Database\\Connection.php(472): Illuminate\\Database\\Connection->run()
#2 C:\\Soft\\OpenServer\\domains\\MirVseh\\vendor\\laravel\\framework\\src\\Illuminate\\Database\\Schema\\Blueprint.php(102): Illuminate\\Database\\Connection->statement()
#3 C:\\Soft\\OpenServer\\domains\\MirVseh\\vendor\\laravel\\framework\\src\\Illuminate\\Database\\Schema\\Builder.php(337): Illuminate\\Database\\Schema\\Blueprint->build()
#4 C:\\Soft\\OpenServer\\domains\\MirVseh\\vendor\\laravel\\framework\\src\\Illuminate\\Database\\Schema\\Builder.php(200): Illuminate\\Database\\Schema\\Builder->build()
#5 C:\\Soft\\OpenServer\\domains\\MirVseh\\vendor\\laravel\\framework\\src\\Illuminate\\Support\\Facades\\Facade.php(261): Illuminate\\Database\\Schema\\Builder->create()
#6 C:\\Soft\\OpenServer\\domains\\MirVseh\\database\\migrations\\2021_10_17_150410_create_group_user_table.php(19): Illuminate\\Support\\Facades\\Facade::__callStatic()
#7 C:\\Soft\\OpenServer\\domains\\MirVseh\\vendor\\laravel\\framework\\src\\Illuminate\\Database\\Migrations\\Migrator.php(392): CreateGroupUserTable->up()
#8 C:\\Soft\\OpenServer\\domains\\MirVseh\\vendor\\laravel\\framework\\src\\Illuminate\\Database\\Migrations\\Migrator.php(401): Illuminate\\Database\\Migrations\\Migrator->Illuminate\\Database\\Migrations\\{closure}()
#9 C:\\Soft\\OpenServer\\domains\\MirVseh\\vendor\\laravel\\framework\\src\\Illuminate\\Database\\Migrations\\Migrator.php(200): Illuminate\\Database\\Migrations\\Migrator->runMigration()
#10 C:\\Soft\\OpenServer\\domains\\MirVseh\\vendor\\laravel\\framework\\src\\Illuminate\\Database\\Migrations\\Migrator.php(165): Illuminate\\Database\\Migrations\\Migrator->runUp()
#11 C:\\Soft\\OpenServer\\domains\\MirVseh\\vendor\\laravel\\framework\\src\\Illuminate\\Database\\Migrations\\Migrator.php(110): Illuminate\\Database\\Migrations\\Migrator->runPending()
#12 C:\\Soft\\OpenServer\\domains\\MirVseh\\vendor\\laravel\\framework\\src\\Illuminate\\Database\\Console\\Migrations\\MigrateCommand.php(85): Illuminate\\Database\\Migrations\\Migrator->run()
#13 C:\\Soft\\OpenServer\\domains\\MirVseh\\vendor\\laravel\\framework\\src\\Illuminate\\Database\\Migrations\\Migrator.php(541): Illuminate\\Database\\Console\\Migrations\\MigrateCommand->Illuminate\\Database\\Console\\Migrations\\{closure}()
#14 C:\\Soft\\OpenServer\\domains\\MirVseh\\vendor\\laravel\\framework\\src\\Illuminate\\Database\\Console\\Migrations\\MigrateCommand.php(94): Illuminate\\Database\\Migrations\\Migrator->usingConnection()
#15 C:\\Soft\\OpenServer\\domains\\MirVseh\\vendor\\laravel\\framework\\src\\Illuminate\\Container\\BoundMethod.php(36): Illuminate\\Database\\Console\\Migrations\\MigrateCommand->handle()
#16 C:\\Soft\\OpenServer\\domains\\MirVseh\\vendor\\laravel\\framework\\src\\Illuminate\\Container\\Util.php(40): Illuminate\\Container\\BoundMethod::Illuminate\\Container\\{closure}()
#17 C:\\Soft\\OpenServer\\domains\\MirVseh\\vendor\\laravel\\framework\\src\\Illuminate\\Container\\BoundMethod.php(93): Illuminate\\Container\\Util::unwrapIfClosure()
#18 C:\\Soft\\OpenServer\\domains\\MirVseh\\vendor\\laravel\\framework\\src\\Illuminate\\Container\\BoundMethod.php(37): Illuminate\\Container\\BoundMethod::callBoundMethod()
#19 C:\\Soft\\OpenServer\\domains\\MirVseh\\vendor\\laravel\\framework\\src\\Illuminate\\Container\\Container.php(610): Illuminate\\Container\\BoundMethod::call()
#20 C:\\Soft\\OpenServer\\domains\\MirVseh\\vendor\\laravel\\framework\\src\\Illuminate\\Console\\Command.php(136): Illuminate\\Container\\Container->call()
#21 C:\\Soft\\OpenServer\\domains\\MirVseh\\vendor\\symfony\\console\\Command\\Command.php(255): Illuminate\\Console\\Command->execute()
#22 C:\\Soft\\OpenServer\\domains\\MirVseh\\vendor\\laravel\\framework\\src\\Illuminate\\Console\\Command.php(121): Symfony\\Component\\Console\\Command\\Command->run()
#23 C:\\Soft\\OpenServer\\domains\\MirVseh\\vendor\\laravel\\framework\\src\\Illuminate\\Console\\Concerns\\CallsCommands.php(68): Illuminate\\Console\\Command->run()
#24 C:\\Soft\\OpenServer\\domains\\MirVseh\\vendor\\laravel\\framework\\src\\Illuminate\\Console\\Concerns\\CallsCommands.php(28): Illuminate\\Console\\Command->runCommand()
#25 C:\\Soft\\OpenServer\\domains\\MirVseh\\vendor\\laravel\\framework\\src\\Illuminate\\Database\\Console\\Migrations\\FreshCommand.php(55): Illuminate\\Console\\Command->call()
#26 C:\\Soft\\OpenServer\\domains\\MirVseh\\vendor\\laravel\\framework\\src\\Illuminate\\Container\\BoundMethod.php(36): Illuminate\\Database\\Console\\Migrations\\FreshCommand->handle()
#27 C:\\Soft\\OpenServer\\domains\\MirVseh\\vendor\\laravel\\framework\\src\\Illuminate\\Container\\Util.php(40): Illuminate\\Container\\BoundMethod::Illuminate\\Container\\{closure}()
#28 C:\\Soft\\OpenServer\\domains\\MirVseh\\vendor\\laravel\\framework\\src\\Illuminate\\Container\\BoundMethod.php(93): Illuminate\\Container\\Util::unwrapIfClosure()
#29 C:\\Soft\\OpenServer\\domains\\MirVseh\\vendor\\laravel\\framework\\src\\Illuminate\\Container\\BoundMethod.php(37): Illuminate\\Container\\BoundMethod::callBoundMethod()
#30 C:\\Soft\\OpenServer\\domains\\MirVseh\\vendor\\laravel\\framework\\src\\Illuminate\\Container\\Container.php(610): Illuminate\\Container\\BoundMethod::call()
#31 C:\\Soft\\OpenServer\\domains\\MirVseh\\vendor\\laravel\\framework\\src\\Illuminate\\Console\\Command.php(136): Illuminate\\Container\\Container->call()
#32 C:\\Soft\\OpenServer\\domains\\MirVseh\\vendor\\symfony\\console\\Command\\Command.php(255): Illuminate\\Console\\Command->execute()
#33 C:\\Soft\\OpenServer\\domains\\MirVseh\\vendor\\laravel\\framework\\src\\Illuminate\\Console\\Command.php(121): Symfony\\Component\\Console\\Command\\Command->run()
#34 C:\\Soft\\OpenServer\\domains\\MirVseh\\vendor\\symfony\\console\\Application.php(971): Illuminate\\Console\\Command->run()
#35 C:\\Soft\\OpenServer\\domains\\MirVseh\\vendor\\symfony\\console\\Application.php(290): Symfony\\Component\\Console\\Application->doRunCommand()
#36 C:\\Soft\\OpenServer\\domains\\MirVseh\\vendor\\symfony\\console\\Application.php(166): Symfony\\Component\\Console\\Application->doRun()
#37 C:\\Soft\\OpenServer\\domains\\MirVseh\\vendor\\laravel\\framework\\src\\Illuminate\\Console\\Application.php(93): Symfony\\Component\\Console\\Application->run()
#38 C:\\Soft\\OpenServer\\domains\\MirVseh\\vendor\\laravel\\framework\\src\\Illuminate\\Foundation\\Console\\Kernel.php(129): Illuminate\\Console\\Application->run()
#39 C:\\Soft\\OpenServer\\domains\\MirVseh\\artisan(37): Illuminate\\Foundation\\Console\\Kernel->handle()
#40 {main}

[previous exception] [object] (Doctrine\\DBAL\\Driver\\PDO\\Exception(code: 42S01): SQLSTATE[42S01]: Base table or view already exists: 1050 Table 'dialog_user' already exists at C:\\Soft\\OpenServer\\domains\\MirVseh\\vendor\\doctrine\\dbal\\lib\\Doctrine\\DBAL\\Driver\\PDO\\Exception.php:18)
[stacktrace]
#0 C:\\Soft\\OpenServer\\domains\\MirVseh\\vendor\\doctrine\\dbal\\lib\\Doctrine\\DBAL\\Driver\\PDOStatement.php(117): Doctrine\\DBAL\\Driver\\PDO\\Exception::new()
#1 C:\\Soft\\OpenServer\\domains\\MirVseh\\vendor\\laravel\\framework\\src\\Illuminate\\Database\\Connection.php(471): Doctrine\\DBAL\\Driver\\PDOStatement->execute()
#2 C:\\Soft\\OpenServer\\domains\\MirVseh\\vendor\\laravel\\framework\\src\\Illuminate\\Database\\Connection.php(671): Illuminate\\Database\\Connection->Illuminate\\Database\\{closure}()
#3 C:\\Soft\\OpenServer\\domains\\MirVseh\\vendor\\laravel\\framework\\src\\Illuminate\\Database\\Connection.php(638): Illuminate\\Database\\Connection->runQueryCallback()
#4 C:\\Soft\\OpenServer\\domains\\MirVseh\\vendor\\laravel\\framework\\src\\Illuminate\\Database\\Connection.php(472): Illuminate\\Database\\Connection->run()
#5 C:\\Soft\\OpenServer\\domains\\MirVseh\\vendor\\laravel\\framework\\src\\Illuminate\\Database\\Schema\\Blueprint.php(102): Illuminate\\Database\\Connection->statement()
#6 C:\\Soft\\OpenServer\\domains\\MirVseh\\vendor\\laravel\\framework\\src\\Illuminate\\Database\\Schema\\Builder.php(337): Illuminate\\Database\\Schema\\Blueprint->build()
#7 C:\\Soft\\OpenServer\\domains\\MirVseh\\vendor\\laravel\\framework\\src\\Illuminate\\Database\\Schema\\Builder.php(200): Illuminate\\Database\\Schema\\Builder->build()
#8 C:\\Soft\\OpenServer\\domains\\MirVseh\\vendor\\laravel\\framework\\src\\Illuminate\\Support\\Facades\\Facade.php(261): Illuminate\\Database\\Schema\\Builder->create()
#9 C:\\Soft\\OpenServer\\domains\\MirVseh\\database\\migrations\\2021_10_17_150410_create_group_user_table.php(19): Illuminate\\Support\\Facades\\Facade::__callStatic()
#10 C:\\Soft\\OpenServer\\domains\\MirVseh\\vendor\\laravel\\framework\\src\\Illuminate\\Database\\Migrations\\Migrator.php(392): CreateGroupUserTable->up()
#11 C:\\Soft\\OpenServer\\domains\\MirVseh\\vendor\\laravel\\framework\\src\\Illuminate\\Database\\Migrations\\Migrator.php(401): Illuminate\\Database\\Migrations\\Migrator->Illuminate\\Database\\Migrations\\{closure}()
#12 C:\\Soft\\OpenServer\\domains\\MirVseh\\vendor\\laravel\\framework\\src\\Illuminate\\Database\\Migrations\\Migrator.php(200): Illuminate\\Database\\Migrations\\Migrator->runMigration()
#13 C:\\Soft\\OpenServer\\domains\\MirVseh\\vendor\\laravel\\framework\\src\\Illuminate\\Database\\Migrations\\Migrator.php(165): Illuminate\\Database\\Migrations\\Migrator->runUp()
#14 C:\\Soft\\OpenServer\\domains\\MirVseh\\vendor\\laravel\\framework\\src\\Illuminate\\Database\\Migrations\\Migrator.php(110): Illuminate\\Database\\Migrations\\Migrator->runPending()
#15 C:\\Soft\\OpenServer\\domains\\MirVseh\\vendor\\laravel\\framework\\src\\Illuminate\\Database\\Console\\Migrations\\MigrateCommand.php(85): Illuminate\\Database\\Migrations\\Migrator->run()
#16 C:\\Soft\\OpenServer\\domains\\MirVseh\\vendor\\laravel\\framework\\src\\Illuminate\\Database\\Migrations\\Migrator.php(541): Illuminate\\Database\\Console\\Migrations\\MigrateCommand->Illuminate\\Database\\Console\\Migrations\\{closure}()
#17 C:\\Soft\\OpenServer\\domains\\MirVseh\\vendor\\laravel\\framework\\src\\Illuminate\\Database\\Console\\Migrations\\MigrateCommand.php(94): Illuminate\\Database\\Migrations\\Migrator->usingConnection()
#18 C:\\Soft\\OpenServer\\domains\\MirVseh\\vendor\\laravel\\framework\\src\\Illuminate\\Container\\BoundMethod.php(36): Illuminate\\Database\\Console\\Migrations\\MigrateCommand->handle()
#19 C:\\Soft\\OpenServer\\domains\\MirVseh\\vendor\\laravel\\framework\\src\\Illuminate\\Container\\Util.php(40): Illuminate\\Container\\BoundMethod::Illuminate\\Container\\{closure}()
#20 C:\\Soft\\OpenServer\\domains\\MirVseh\\vendor\\laravel\\framework\\src\\Illuminate\\Container\\BoundMethod.php(93): Illuminate\\Container\\Util::unwrapIfClosure()
#21 C:\\Soft\\OpenServer\\domains\\MirVseh\\vendor\\laravel\\framework\\src\\Illuminate\\Container\\BoundMethod.php(37): Illuminate\\Container\\BoundMethod::callBoundMethod()
#22 C:\\Soft\\OpenServer\\domains\\MirVseh\\vendor\\laravel\\framework\\src\\Illuminate\\Container\\Container.php(610): Illuminate\\Container\\BoundMethod::call()
#23 C:\\Soft\\OpenServer\\domains\\MirVseh\\vendor\\laravel\\framework\\src\\Illuminate\\Console\\Command.php(136): Illuminate\\Container\\Container->call()
#24 C:\\Soft\\OpenServer\\domains\\MirVseh\\vendor\\symfony\\console\\Command\\Command.php(255): Illuminate\\Console\\Command->execute()
#25 C:\\Soft\\OpenServer\\domains\\MirVseh\\vendor\\laravel\\framework\\src\\Illuminate\\Console\\Command.php(121): Symfony\\Component\\Console\\Command\\Command->run()
#26 C:\\Soft\\OpenServer\\domains\\MirVseh\\vendor\\laravel\\framework\\src\\Illuminate\\Console\\Concerns\\CallsCommands.php(68): Illuminate\\Console\\Command->run()
#27 C:\\Soft\\OpenServer\\domains\\MirVseh\\vendor\\laravel\\framework\\src\\Illuminate\\Console\\Concerns\\CallsCommands.php(28): Illuminate\\Console\\Command->runCommand()
#28 C:\\Soft\\OpenServer\\domains\\MirVseh\\vendor\\laravel\\framework\\src\\Illuminate\\Database\\Console\\Migrations\\FreshCommand.php(55): Illuminate\\Console\\Command->call()
#29 C:\\Soft\\OpenServer\\domains\\MirVseh\\vendor\\laravel\\framework\\src\\Illuminate\\Container\\BoundMethod.php(36): Illuminate\\Database\\Console\\Migrations\\FreshCommand->handle()
#30 C:\\Soft\\OpenServer\\domains\\MirVseh\\vendor\\laravel\\framework\\src\\Illuminate\\Container\\Util.php(40): Illuminate\\Container\\BoundMethod::Illuminate\\Container\\{closure}()
#31 C:\\Soft\\OpenServer\\domains\\MirVseh\\vendor\\laravel\\framework\\src\\Illuminate\\Container\\BoundMethod.php(93): Illuminate\\Container\\Util::unwrapIfClosure()
#32 C:\\Soft\\OpenServer\\domains\\MirVseh\\vendor\\laravel\\framework\\src\\Illuminate\\Container\\BoundMethod.php(37): Illuminate\\Container\\BoundMethod::callBoundMethod()
#33 C:\\Soft\\OpenServer\\domains\\MirVseh\\vendor\\laravel\\framework\\src\\Illuminate\\Container\\Container.php(610): Illuminate\\Container\\BoundMethod::call()
#34 C:\\Soft\\OpenServer\\domains\\MirVseh\\vendor\\laravel\\framework\\src\\Illuminate\\Console\\Command.php(136): Illuminate\\Container\\Container->call()
#35 C:\\Soft\\OpenServer\\domains\\MirVseh\\vendor\\symfony\\console\\Command\\Command.php(255): Illuminate\\Console\\Command->execute()
#36 C:\\Soft\\OpenServer\\domains\\MirVseh\\vendor\\laravel\\framework\\src\\Illuminate\\Console\\Command.php(121): Symfony\\Component\\Console\\Command\\Command->run()
#37 C:\\Soft\\OpenServer\\domains\\MirVseh\\vendor\\symfony\\console\\Application.php(971): Illuminate\\Console\\Command->run()
#38 C:\\Soft\\OpenServer\\domains\\MirVseh\\vendor\\symfony\\console\\Application.php(290): Symfony\\Component\\Console\\Application->doRunCommand()
#39 C:\\Soft\\OpenServer\\domains\\MirVseh\\vendor\\symfony\\console\\Application.php(166): Symfony\\Component\\Console\\Application->doRun()
#40 C:\\Soft\\OpenServer\\domains\\MirVseh\\vendor\\laravel\\framework\\src\\Illuminate\\Console\\Application.php(93): Symfony\\Component\\Console\\Application->run()
#41 C:\\Soft\\OpenServer\\domains\\MirVseh\\vendor\\laravel\\framework\\src\\Illuminate\\Foundation\\Console\\Kernel.php(129): Illuminate\\Console\\Application->run()
#42 C:\\Soft\\OpenServer\\domains\\MirVseh\\artisan(37): Illuminate\\Foundation\\Console\\Kernel->handle()
#43 {main}

[previous exception] [object] (PDOException(code: 42S01): SQLSTATE[42S01]: Base table or view already exists: 1050 Table 'dialog_user' already exists at C:\\Soft\\OpenServer\\domains\\MirVseh\\vendor\\doctrine\\dbal\\lib\\Doctrine\\DBAL\\Driver\\PDOStatement.php:115)
[stacktrace]
#0 C:\\Soft\\OpenServer\\domains\\MirVseh\\vendor\\doctrine\\dbal\\lib\\Doctrine\\DBAL\\Driver\\PDOStatement.php(115): PDOStatement->execute()
#1 C:\\Soft\\OpenServer\\domains\\MirVseh\\vendor\\laravel\\framework\\src\\Illuminate\\Database\\Connection.php(471): Doctrine\\DBAL\\Driver\\PDOStatement->execute()
#2 C:\\Soft\\OpenServer\\domains\\MirVseh\\vendor\\laravel\\framework\\src\\Illuminate\\Database\\Connection.php(671): Illuminate\\Database\\Connection->Illuminate\\Database\\{closure}()
#3 C:\\Soft\\OpenServer\\domains\\MirVseh\\vendor\\laravel\\framework\\src\\Illuminate\\Database\\Connection.php(638): Illuminate\\Database\\Connection->runQueryCallback()
#4 C:\\Soft\\OpenServer\\domains\\MirVseh\\vendor\\laravel\\framework\\src\\Illuminate\\Database\\Connection.php(472): Illuminate\\Database\\Connection->run()
#5 C:\\Soft\\OpenServer\\domains\\MirVseh\\vendor\\laravel\\framework\\src\\Illuminate\\Database\\Schema\\Blueprint.php(102): Illuminate\\Database\\Connection->statement()
#6 C:\\Soft\\OpenServer\\domains\\MirVseh\\vendor\\laravel\\framework\\src\\Illuminate\\Database\\Schema\\Builder.php(337): Illuminate\\Database\\Schema\\Blueprint->build()
#7 C:\\Soft\\OpenServer\\domains\\MirVseh\\vendor\\laravel\\framework\\src\\Illuminate\\Database\\Schema\\Builder.php(200): Illuminate\\Database\\Schema\\Builder->build()
#8 C:\\Soft\\OpenServer\\domains\\MirVseh\\vendor\\laravel\\framework\\src\\Illuminate\\Support\\Facades\\Facade.php(261): Illuminate\\Database\\Schema\\Builder->create()
#9 C:\\Soft\\OpenServer\\domains\\MirVseh\\database\\migrations\\2021_10_17_150410_create_group_user_table.php(19): Illuminate\\Support\\Facades\\Facade::__callStatic()
#10 C:\\Soft\\OpenServer\\domains\\MirVseh\\vendor\\laravel\\framework\\src\\Illuminate\\Database\\Migrations\\Migrator.php(392): CreateGroupUserTable->up()
#11 C:\\Soft\\OpenServer\\domains\\MirVseh\\vendor\\laravel\\framework\\src\\Illuminate\\Database\\Migrations\\Migrator.php(401): Illuminate\\Database\\Migrations\\Migrator->Illuminate\\Database\\Migrations\\{closure}()
#12 C:\\Soft\\OpenServer\\domains\\MirVseh\\vendor\\laravel\\framework\\src\\Illuminate\\Database\\Migrations\\Migrator.php(200): Illuminate\\Database\\Migrations\\Migrator->runMigration()
#13 C:\\Soft\\OpenServer\\domains\\MirVseh\\vendor\\laravel\\framework\\src\\Illuminate\\Database\\Migrations\\Migrator.php(165): Illuminate\\Database\\Migrations\\Migrator->runUp()
#14 C:\\Soft\\OpenServer\\domains\\MirVseh\\vendor\\laravel\\framework\\src\\Illuminate\\Database\\Migrations\\Migrator.php(110): Illuminate\\Database\\Migrations\\Migrator->runPending()
#15 C:\\Soft\\OpenServer\\domains\\MirVseh\\vendor\\laravel\\framework\\src\\Illuminate\\Database\\Console\\Migrations\\MigrateCommand.php(85): Illuminate\\Database\\Migrations\\Migrator->run()
#16 C:\\Soft\\OpenServer\\domains\\MirVseh\\vendor\\laravel\\framework\\src\\Illuminate\\Database\\Migrations\\Migrator.php(541): Illuminate\\Database\\Console\\Migrations\\MigrateCommand->Illuminate\\Database\\Console\\Migrations\\{closure}()
#17 C:\\Soft\\OpenServer\\domains\\MirVseh\\vendor\\laravel\\framework\\src\\Illuminate\\Database\\Console\\Migrations\\MigrateCommand.php(94): Illuminate\\Database\\Migrations\\Migrator->usingConnection()
#18 C:\\Soft\\OpenServer\\domains\\MirVseh\\vendor\\laravel\\framework\\src\\Illuminate\\Container\\BoundMethod.php(36): Illuminate\\Database\\Console\\Migrations\\MigrateCommand->handle()
#19 C:\\Soft\\OpenServer\\domains\\MirVseh\\vendor\\laravel\\framework\\src\\Illuminate\\Container\\Util.php(40): Illuminate\\Container\\BoundMethod::Illuminate\\Container\\{closure}()
#20 C:\\Soft\\OpenServer\\domains\\MirVseh\\vendor\\laravel\\framework\\src\\Illuminate\\Container\\BoundMethod.php(93): Illuminate\\Container\\Util::unwrapIfClosure()
#21 C:\\Soft\\OpenServer\\domains\\MirVseh\\vendor\\laravel\\framework\\src\\Illuminate\\Container\\BoundMethod.php(37): Illuminate\\Container\\BoundMethod::callBoundMethod()
#22 C:\\Soft\\OpenServer\\domains\\MirVseh\\vendor\\laravel\\framework\\src\\Illuminate\\Container\\Container.php(610): Illuminate\\Container\\BoundMethod::call()
#23 C:\\Soft\\OpenServer\\domains\\MirVseh\\vendor\\laravel\\framework\\src\\Illuminate\\Console\\Command.php(136): Illuminate\\Container\\Container->call()
#24 C:\\Soft\\OpenServer\\domains\\MirVseh\\vendor\\symfony\\console\\Command\\Command.php(255): Illuminate\\Console\\Command->execute()
#25 C:\\Soft\\OpenServer\\domains\\MirVseh\\vendor\\laravel\\framework\\src\\Illuminate\\Console\\Command.php(121): Symfony\\Component\\Console\\Command\\Command->run()
#26 C:\\Soft\\OpenServer\\domains\\MirVseh\\vendor\\laravel\\framework\\src\\Illuminate\\Console\\Concerns\\CallsCommands.php(68): Illuminate\\Console\\Command->run()
#27 C:\\Soft\\OpenServer\\domains\\MirVseh\\vendor\\laravel\\framework\\src\\Illuminate\\Console\\Concerns\\CallsCommands.php(28): Illuminate\\Console\\Command->runCommand()
#28 C:\\Soft\\OpenServer\\domains\\MirVseh\\vendor\\laravel\\framework\\src\\Illuminate\\Database\\Console\\Migrations\\FreshCommand.php(55): Illuminate\\Console\\Command->call()
#29 C:\\Soft\\OpenServer\\domains\\MirVseh\\vendor\\laravel\\framework\\src\\Illuminate\\Container\\BoundMethod.php(36): Illuminate\\Database\\Console\\Migrations\\FreshCommand->handle()
#30 C:\\Soft\\OpenServer\\domains\\MirVseh\\vendor\\laravel\\framework\\src\\Illuminate\\Container\\Util.php(40): Illuminate\\Container\\BoundMethod::Illuminate\\Container\\{closure}()
#31 C:\\Soft\\OpenServer\\domains\\MirVseh\\vendor\\laravel\\framework\\src\\Illuminate\\Container\\BoundMethod.php(93): Illuminate\\Container\\Util::unwrapIfClosure()
#32 C:\\Soft\\OpenServer\\domains\\MirVseh\\vendor\\laravel\\framework\\src\\Illuminate\\Container\\BoundMethod.php(37): Illuminate\\Container\\BoundMethod::callBoundMethod()
#33 C:\\Soft\\OpenServer\\domains\\MirVseh\\vendor\\laravel\\framework\\src\\Illuminate\\Container\\Container.php(610): Illuminate\\Container\\BoundMethod::call()
#34 C:\\Soft\\OpenServer\\domains\\MirVseh\\vendor\\laravel\\framework\\src\\Illuminate\\Console\\Command.php(136): Illuminate\\Container\\Container->call()
#35 C:\\Soft\\OpenServer\\domains\\MirVseh\\vendor\\symfony\\console\\Command\\Command.php(255): Illuminate\\Console\\Command->execute()
#36 C:\\Soft\\OpenServer\\domains\\MirVseh\\vendor\\laravel\\framework\\src\\Illuminate\\Console\\Command.php(121): Symfony\\Component\\Console\\Command\\Command->run()
#37 C:\\Soft\\OpenServer\\domains\\MirVseh\\vendor\\symfony\\console\\Application.php(971): Illuminate\\Console\\Command->run()
#38 C:\\Soft\\OpenServer\\domains\\MirVseh\\vendor\\symfony\\console\\Application.php(290): Symfony\\Component\\Console\\Application->doRunCommand()
#39 C:\\Soft\\OpenServer\\domains\\MirVseh\\vendor\\symfony\\console\\Application.php(166): Symfony\\Component\\Console\\Application->doRun()
#40 C:\\Soft\\OpenServer\\domains\\MirVseh\\vendor\\laravel\\framework\\src\\Illuminate\\Console\\Application.php(93): Symfony\\Component\\Console\\Application->run()
#41 C:\\Soft\\OpenServer\\domains\\MirVseh\\vendor\\laravel\\framework\\src\\Illuminate\\Foundation\\Console\\Kernel.php(129): Illuminate\\Console\\Application->run()
#42 C:\\Soft\\OpenServer\\domains\\MirVseh\\artisan(37): Illuminate\\Foundation\\Console\\Kernel->handle()
#43 {main}
"} 
[2021-10-17 10:22:23] local.ERROR: SQLSTATE[HY000]: General error: 1215 Cannot add foreign key constraint (SQL: alter table `group_user` add constraint `group_user_group_id_foreign` foreign key (`group_id`) references `groups` (`id`)) {"exception":"[object] (Illuminate\\Database\\QueryException(code: HY000): SQLSTATE[HY000]: General error: 1215 Cannot add foreign key constraint (SQL: alter table `group_user` add constraint `group_user_group_id_foreign` foreign key (`group_id`) references `groups` (`id`)) at C:\\Soft\\OpenServer\\domains\\MirVseh\\vendor\\laravel\\framework\\src\\Illuminate\\Database\\Connection.php:678)
[stacktrace]
#0 C:\\Soft\\OpenServer\\domains\\MirVseh\\vendor\\laravel\\framework\\src\\Illuminate\\Database\\Connection.php(638): Illuminate\\Database\\Connection->runQueryCallback()
#1 C:\\Soft\\OpenServer\\domains\\MirVseh\\vendor\\laravel\\framework\\src\\Illuminate\\Database\\Connection.php(472): Illuminate\\Database\\Connection->run()
#2 C:\\Soft\\OpenServer\\domains\\MirVseh\\vendor\\laravel\\framework\\src\\Illuminate\\Database\\Schema\\Blueprint.php(102): Illuminate\\Database\\Connection->statement()
#3 C:\\Soft\\OpenServer\\domains\\MirVseh\\vendor\\laravel\\framework\\src\\Illuminate\\Database\\Schema\\Builder.php(337): Illuminate\\Database\\Schema\\Blueprint->build()
#4 C:\\Soft\\OpenServer\\domains\\MirVseh\\vendor\\laravel\\framework\\src\\Illuminate\\Database\\Schema\\Builder.php(200): Illuminate\\Database\\Schema\\Builder->build()
#5 C:\\Soft\\OpenServer\\domains\\MirVseh\\vendor\\laravel\\framework\\src\\Illuminate\\Support\\Facades\\Facade.php(261): Illuminate\\Database\\Schema\\Builder->create()
#6 C:\\Soft\\OpenServer\\domains\\MirVseh\\database\\migrations\\2021_10_17_150410_create_group_user_table.php(19): Illuminate\\Support\\Facades\\Facade::__callStatic()
#7 C:\\Soft\\OpenServer\\domains\\MirVseh\\vendor\\laravel\\framework\\src\\Illuminate\\Database\\Migrations\\Migrator.php(392): CreateGroupUserTable->up()
#8 C:\\Soft\\OpenServer\\domains\\MirVseh\\vendor\\laravel\\framework\\src\\Illuminate\\Database\\Migrations\\Migrator.php(401): Illuminate\\Database\\Migrations\\Migrator->Illuminate\\Database\\Migrations\\{closure}()
#9 C:\\Soft\\OpenServer\\domains\\MirVseh\\vendor\\laravel\\framework\\src\\Illuminate\\Database\\Migrations\\Migrator.php(200): Illuminate\\Database\\Migrations\\Migrator->runMigration()
#10 C:\\Soft\\OpenServer\\domains\\MirVseh\\vendor\\laravel\\framework\\src\\Illuminate\\Database\\Migrations\\Migrator.php(165): Illuminate\\Database\\Migrations\\Migrator->runUp()
#11 C:\\Soft\\OpenServer\\domains\\MirVseh\\vendor\\laravel\\framework\\src\\Illuminate\\Database\\Migrations\\Migrator.php(110): Illuminate\\Database\\Migrations\\Migrator->runPending()
#12 C:\\Soft\\OpenServer\\domains\\MirVseh\\vendor\\laravel\\framework\\src\\Illuminate\\Database\\Console\\Migrations\\MigrateCommand.php(85): Illuminate\\Database\\Migrations\\Migrator->run()
#13 C:\\Soft\\OpenServer\\domains\\MirVseh\\vendor\\laravel\\framework\\src\\Illuminate\\Database\\Migrations\\Migrator.php(541): Illuminate\\Database\\Console\\Migrations\\MigrateCommand->Illuminate\\Database\\Console\\Migrations\\{closure}()
#14 C:\\Soft\\OpenServer\\domains\\MirVseh\\vendor\\laravel\\framework\\src\\Illuminate\\Database\\Console\\Migrations\\MigrateCommand.php(94): Illuminate\\Database\\Migrations\\Migrator->usingConnection()
#15 C:\\Soft\\OpenServer\\domains\\MirVseh\\vendor\\laravel\\framework\\src\\Illuminate\\Container\\BoundMethod.php(36): Illuminate\\Database\\Console\\Migrations\\MigrateCommand->handle()
#16 C:\\Soft\\OpenServer\\domains\\MirVseh\\vendor\\laravel\\framework\\src\\Illuminate\\Container\\Util.php(40): Illuminate\\Container\\BoundMethod::Illuminate\\Container\\{closure}()
#17 C:\\Soft\\OpenServer\\domains\\MirVseh\\vendor\\laravel\\framework\\src\\Illuminate\\Container\\BoundMethod.php(93): Illuminate\\Container\\Util::unwrapIfClosure()
#18 C:\\Soft\\OpenServer\\domains\\MirVseh\\vendor\\laravel\\framework\\src\\Illuminate\\Container\\BoundMethod.php(37): Illuminate\\Container\\BoundMethod::callBoundMethod()
#19 C:\\Soft\\OpenServer\\domains\\MirVseh\\vendor\\laravel\\framework\\src\\Illuminate\\Container\\Container.php(610): Illuminate\\Container\\BoundMethod::call()
#20 C:\\Soft\\OpenServer\\domains\\MirVseh\\vendor\\laravel\\framework\\src\\Illuminate\\Console\\Command.php(136): Illuminate\\Container\\Container->call()
#21 C:\\Soft\\OpenServer\\domains\\MirVseh\\vendor\\symfony\\console\\Command\\Command.php(255): Illuminate\\Console\\Command->execute()
#22 C:\\Soft\\OpenServer\\domains\\MirVseh\\vendor\\laravel\\framework\\src\\Illuminate\\Console\\Command.php(121): Symfony\\Component\\Console\\Command\\Command->run()
#23 C:\\Soft\\OpenServer\\domains\\MirVseh\\vendor\\laravel\\framework\\src\\Illuminate\\Console\\Concerns\\CallsCommands.php(68): Illuminate\\Console\\Command->run()
#24 C:\\Soft\\OpenServer\\domains\\MirVseh\\vendor\\laravel\\framework\\src\\Illuminate\\Console\\Concerns\\CallsCommands.php(28): Illuminate\\Console\\Command->runCommand()
#25 C:\\Soft\\OpenServer\\domains\\MirVseh\\vendor\\laravel\\framework\\src\\Illuminate\\Database\\Console\\Migrations\\FreshCommand.php(55): Illuminate\\Console\\Command->call()
#26 C:\\Soft\\OpenServer\\domains\\MirVseh\\vendor\\laravel\\framework\\src\\Illuminate\\Container\\BoundMethod.php(36): Illuminate\\Database\\Console\\Migrations\\FreshCommand->handle()
#27 C:\\Soft\\OpenServer\\domains\\MirVseh\\vendor\\laravel\\framework\\src\\Illuminate\\Container\\Util.php(40): Illuminate\\Container\\BoundMethod::Illuminate\\Container\\{closure}()
#28 C:\\Soft\\OpenServer\\domains\\MirVseh\\vendor\\laravel\\framework\\src\\Illuminate\\Container\\BoundMethod.php(93): Illuminate\\Container\\Util::unwrapIfClosure()
#29 C:\\Soft\\OpenServer\\domains\\MirVseh\\vendor\\laravel\\framework\\src\\Illuminate\\Container\\BoundMethod.php(37): Illuminate\\Container\\BoundMethod::callBoundMethod()
#30 C:\\Soft\\OpenServer\\domains\\MirVseh\\vendor\\laravel\\framework\\src\\Illuminate\\Container\\Container.php(610): Illuminate\\Container\\BoundMethod::call()
#31 C:\\Soft\\OpenServer\\domains\\MirVseh\\vendor\\laravel\\framework\\src\\Illuminate\\Console\\Command.php(136): Illuminate\\Container\\Container->call()
#32 C:\\Soft\\OpenServer\\domains\\MirVseh\\vendor\\symfony\\console\\Command\\Command.php(255): Illuminate\\Console\\Command->execute()
#33 C:\\Soft\\OpenServer\\domains\\MirVseh\\vendor\\laravel\\framework\\src\\Illuminate\\Console\\Command.php(121): Symfony\\Component\\Console\\Command\\Command->run()
#34 C:\\Soft\\OpenServer\\domains\\MirVseh\\vendor\\symfony\\console\\Application.php(971): Illuminate\\Console\\Command->run()
#35 C:\\Soft\\OpenServer\\domains\\MirVseh\\vendor\\symfony\\console\\Application.php(290): Symfony\\Component\\Console\\Application->doRunCommand()
#36 C:\\Soft\\OpenServer\\domains\\MirVseh\\vendor\\symfony\\console\\Application.php(166): Symfony\\Component\\Console\\Application->doRun()
#37 C:\\Soft\\OpenServer\\domains\\MirVseh\\vendor\\laravel\\framework\\src\\Illuminate\\Console\\Application.php(93): Symfony\\Component\\Console\\Application->run()
#38 C:\\Soft\\OpenServer\\domains\\MirVseh\\vendor\\laravel\\framework\\src\\Illuminate\\Foundation\\Console\\Kernel.php(129): Illuminate\\Console\\Application->run()
#39 C:\\Soft\\OpenServer\\domains\\MirVseh\\artisan(37): Illuminate\\Foundation\\Console\\Kernel->handle()
#40 {main}

[previous exception] [object] (Doctrine\\DBAL\\Driver\\PDO\\Exception(code: HY000): SQLSTATE[HY000]: General error: 1215 Cannot add foreign key constraint at C:\\Soft\\OpenServer\\domains\\MirVseh\\vendor\\doctrine\\dbal\\lib\\Doctrine\\DBAL\\Driver\\PDO\\Exception.php:18)
[stacktrace]
#0 C:\\Soft\\OpenServer\\domains\\MirVseh\\vendor\\doctrine\\dbal\\lib\\Doctrine\\DBAL\\Driver\\PDOStatement.php(117): Doctrine\\DBAL\\Driver\\PDO\\Exception::new()
#1 C:\\Soft\\OpenServer\\domains\\MirVseh\\vendor\\laravel\\framework\\src\\Illuminate\\Database\\Connection.php(471): Doctrine\\DBAL\\Driver\\PDOStatement->execute()
#2 C:\\Soft\\OpenServer\\domains\\MirVseh\\vendor\\laravel\\framework\\src\\Illuminate\\Database\\Connection.php(671): Illuminate\\Database\\Connection->Illuminate\\Database\\{closure}()
#3 C:\\Soft\\OpenServer\\domains\\MirVseh\\vendor\\laravel\\framework\\src\\Illuminate\\Database\\Connection.php(638): Illuminate\\Database\\Connection->runQueryCallback()
#4 C:\\Soft\\OpenServer\\domains\\MirVseh\\vendor\\laravel\\framework\\src\\Illuminate\\Database\\Connection.php(472): Illuminate\\Database\\Connection->run()
#5 C:\\Soft\\OpenServer\\domains\\MirVseh\\vendor\\laravel\\framework\\src\\Illuminate\\Database\\Schema\\Blueprint.php(102): Illuminate\\Database\\Connection->statement()
#6 C:\\Soft\\OpenServer\\domains\\MirVseh\\vendor\\laravel\\framework\\src\\Illuminate\\Database\\Schema\\Builder.php(337): Illuminate\\Database\\Schema\\Blueprint->build()
#7 C:\\Soft\\OpenServer\\domains\\MirVseh\\vendor\\laravel\\framework\\src\\Illuminate\\Database\\Schema\\Builder.php(200): Illuminate\\Database\\Schema\\Builder->build()
#8 C:\\Soft\\OpenServer\\domains\\MirVseh\\vendor\\laravel\\framework\\src\\Illuminate\\Support\\Facades\\Facade.php(261): Illuminate\\Database\\Schema\\Builder->create()
#9 C:\\Soft\\OpenServer\\domains\\MirVseh\\database\\migrations\\2021_10_17_150410_create_group_user_table.php(19): Illuminate\\Support\\Facades\\Facade::__callStatic()
#10 C:\\Soft\\OpenServer\\domains\\MirVseh\\vendor\\laravel\\framework\\src\\Illuminate\\Database\\Migrations\\Migrator.php(392): CreateGroupUserTable->up()
#11 C:\\Soft\\OpenServer\\domains\\MirVseh\\vendor\\laravel\\framework\\src\\Illuminate\\Database\\Migrations\\Migrator.php(401): Illuminate\\Database\\Migrations\\Migrator->Illuminate\\Database\\Migrations\\{closure}()
#12 C:\\Soft\\OpenServer\\domains\\MirVseh\\vendor\\laravel\\framework\\src\\Illuminate\\Database\\Migrations\\Migrator.php(200): Illuminate\\Database\\Migrations\\Migrator->runMigration()
#13 C:\\Soft\\OpenServer\\domains\\MirVseh\\vendor\\laravel\\framework\\src\\Illuminate\\Database\\Migrations\\Migrator.php(165): Illuminate\\Database\\Migrations\\Migrator->runUp()
#14 C:\\Soft\\OpenServer\\domains\\MirVseh\\vendor\\laravel\\framework\\src\\Illuminate\\Database\\Migrations\\Migrator.php(110): Illuminate\\Database\\Migrations\\Migrator->runPending()
#15 C:\\Soft\\OpenServer\\domains\\MirVseh\\vendor\\laravel\\framework\\src\\Illuminate\\Database\\Console\\Migrations\\MigrateCommand.php(85): Illuminate\\Database\\Migrations\\Migrator->run()
#16 C:\\Soft\\OpenServer\\domains\\MirVseh\\vendor\\laravel\\framework\\src\\Illuminate\\Database\\Migrations\\Migrator.php(541): Illuminate\\Database\\Console\\Migrations\\MigrateCommand->Illuminate\\Database\\Console\\Migrations\\{closure}()
#17 C:\\Soft\\OpenServer\\domains\\MirVseh\\vendor\\laravel\\framework\\src\\Illuminate\\Database\\Console\\Migrations\\MigrateCommand.php(94): Illuminate\\Database\\Migrations\\Migrator->usingConnection()
#18 C:\\Soft\\OpenServer\\domains\\MirVseh\\vendor\\laravel\\framework\\src\\Illuminate\\Container\\BoundMethod.php(36): Illuminate\\Database\\Console\\Migrations\\MigrateCommand->handle()
#19 C:\\Soft\\OpenServer\\domains\\MirVseh\\vendor\\laravel\\framework\\src\\Illuminate\\Container\\Util.php(40): Illuminate\\Container\\BoundMethod::Illuminate\\Container\\{closure}()
#20 C:\\Soft\\OpenServer\\domains\\MirVseh\\vendor\\laravel\\framework\\src\\Illuminate\\Container\\BoundMethod.php(93): Illuminate\\Container\\Util::unwrapIfClosure()
#21 C:\\Soft\\OpenServer\\domains\\MirVseh\\vendor\\laravel\\framework\\src\\Illuminate\\Container\\BoundMethod.php(37): Illuminate\\Container\\BoundMethod::callBoundMethod()
#22 C:\\Soft\\OpenServer\\domains\\MirVseh\\vendor\\laravel\\framework\\src\\Illuminate\\Container\\Container.php(610): Illuminate\\Container\\BoundMethod::call()
#23 C:\\Soft\\OpenServer\\domains\\MirVseh\\vendor\\laravel\\framework\\src\\Illuminate\\Console\\Command.php(136): Illuminate\\Container\\Container->call()
#24 C:\\Soft\\OpenServer\\domains\\MirVseh\\vendor\\symfony\\console\\Command\\Command.php(255): Illuminate\\Console\\Command->execute()
#25 C:\\Soft\\OpenServer\\domains\\MirVseh\\vendor\\laravel\\framework\\src\\Illuminate\\Console\\Command.php(121): Symfony\\Component\\Console\\Command\\Command->run()
#26 C:\\Soft\\OpenServer\\domains\\MirVseh\\vendor\\laravel\\framework\\src\\Illuminate\\Console\\Concerns\\CallsCommands.php(68): Illuminate\\Console\\Command->run()
#27 C:\\Soft\\OpenServer\\domains\\MirVseh\\vendor\\laravel\\framework\\src\\Illuminate\\Console\\Concerns\\CallsCommands.php(28): Illuminate\\Console\\Command->runCommand()
#28 C:\\Soft\\OpenServer\\domains\\MirVseh\\vendor\\laravel\\framework\\src\\Illuminate\\Database\\Console\\Migrations\\FreshCommand.php(55): Illuminate\\Console\\Command->call()
#29 C:\\Soft\\OpenServer\\domains\\MirVseh\\vendor\\laravel\\framework\\src\\Illuminate\\Container\\BoundMethod.php(36): Illuminate\\Database\\Console\\Migrations\\FreshCommand->handle()
#30 C:\\Soft\\OpenServer\\domains\\MirVseh\\vendor\\laravel\\framework\\src\\Illuminate\\Container\\Util.php(40): Illuminate\\Container\\BoundMethod::Illuminate\\Container\\{closure}()
#31 C:\\Soft\\OpenServer\\domains\\MirVseh\\vendor\\laravel\\framework\\src\\Illuminate\\Container\\BoundMethod.php(93): Illuminate\\Container\\Util::unwrapIfClosure()
#32 C:\\Soft\\OpenServer\\domains\\MirVseh\\vendor\\laravel\\framework\\src\\Illuminate\\Container\\BoundMethod.php(37): Illuminate\\Container\\BoundMethod::callBoundMethod()
#33 C:\\Soft\\OpenServer\\domains\\MirVseh\\vendor\\laravel\\framework\\src\\Illuminate\\Container\\Container.php(610): Illuminate\\Container\\BoundMethod::call()
#34 C:\\Soft\\OpenServer\\domains\\MirVseh\\vendor\\laravel\\framework\\src\\Illuminate\\Console\\Command.php(136): Illuminate\\Container\\Container->call()
#35 C:\\Soft\\OpenServer\\domains\\MirVseh\\vendor\\symfony\\console\\Command\\Command.php(255): Illuminate\\Console\\Command->execute()
#36 C:\\Soft\\OpenServer\\domains\\MirVseh\\vendor\\laravel\\framework\\src\\Illuminate\\Console\\Command.php(121): Symfony\\Component\\Console\\Command\\Command->run()
#37 C:\\Soft\\OpenServer\\domains\\MirVseh\\vendor\\symfony\\console\\Application.php(971): Illuminate\\Console\\Command->run()
#38 C:\\Soft\\OpenServer\\domains\\MirVseh\\vendor\\symfony\\console\\Application.php(290): Symfony\\Component\\Console\\Application->doRunCommand()
#39 C:\\Soft\\OpenServer\\domains\\MirVseh\\vendor\\symfony\\console\\Application.php(166): Symfony\\Component\\Console\\Application->doRun()
#40 C:\\Soft\\OpenServer\\domains\\MirVseh\\vendor\\laravel\\framework\\src\\Illuminate\\Console\\Application.php(93): Symfony\\Component\\Console\\Application->run()
#41 C:\\Soft\\OpenServer\\domains\\MirVseh\\vendor\\laravel\\framework\\src\\Illuminate\\Foundation\\Console\\Kernel.php(129): Illuminate\\Console\\Application->run()
#42 C:\\Soft\\OpenServer\\domains\\MirVseh\\artisan(37): Illuminate\\Foundation\\Console\\Kernel->handle()
#43 {main}

[previous exception] [object] (PDOException(code: HY000): SQLSTATE[HY000]: General error: 1215 Cannot add foreign key constraint at C:\\Soft\\OpenServer\\domains\\MirVseh\\vendor\\doctrine\\dbal\\lib\\Doctrine\\DBAL\\Driver\\PDOStatement.php:115)
[stacktrace]
#0 C:\\Soft\\OpenServer\\domains\\MirVseh\\vendor\\doctrine\\dbal\\lib\\Doctrine\\DBAL\\Driver\\PDOStatement.php(115): PDOStatement->execute()
#1 C:\\Soft\\OpenServer\\domains\\MirVseh\\vendor\\laravel\\framework\\src\\Illuminate\\Database\\Connection.php(471): Doctrine\\DBAL\\Driver\\PDOStatement->execute()
#2 C:\\Soft\\OpenServer\\domains\\MirVseh\\vendor\\laravel\\framework\\src\\Illuminate\\Database\\Connection.php(671): Illuminate\\Database\\Connection->Illuminate\\Database\\{closure}()
#3 C:\\Soft\\OpenServer\\domains\\MirVseh\\vendor\\laravel\\framework\\src\\Illuminate\\Database\\Connection.php(638): Illuminate\\Database\\Connection->runQueryCallback()
#4 C:\\Soft\\OpenServer\\domains\\MirVseh\\vendor\\laravel\\framework\\src\\Illuminate\\Database\\Connection.php(472): Illuminate\\Database\\Connection->run()
#5 C:\\Soft\\OpenServer\\domains\\MirVseh\\vendor\\laravel\\framework\\src\\Illuminate\\Database\\Schema\\Blueprint.php(102): Illuminate\\Database\\Connection->statement()
#6 C:\\Soft\\OpenServer\\domains\\MirVseh\\vendor\\laravel\\framework\\src\\Illuminate\\Database\\Schema\\Builder.php(337): Illuminate\\Database\\Schema\\Blueprint->build()
#7 C:\\Soft\\OpenServer\\domains\\MirVseh\\vendor\\laravel\\framework\\src\\Illuminate\\Database\\Schema\\Builder.php(200): Illuminate\\Database\\Schema\\Builder->build()
#8 C:\\Soft\\OpenServer\\domains\\MirVseh\\vendor\\laravel\\framework\\src\\Illuminate\\Support\\Facades\\Facade.php(261): Illuminate\\Database\\Schema\\Builder->create()
#9 C:\\Soft\\OpenServer\\domains\\MirVseh\\database\\migrations\\2021_10_17_150410_create_group_user_table.php(19): Illuminate\\Support\\Facades\\Facade::__callStatic()
#10 C:\\Soft\\OpenServer\\domains\\MirVseh\\vendor\\laravel\\framework\\src\\Illuminate\\Database\\Migrations\\Migrator.php(392): CreateGroupUserTable->up()
#11 C:\\Soft\\OpenServer\\domains\\MirVseh\\vendor\\laravel\\framework\\src\\Illuminate\\Database\\Migrations\\Migrator.php(401): Illuminate\\Database\\Migrations\\Migrator->Illuminate\\Database\\Migrations\\{closure}()
#12 C:\\Soft\\OpenServer\\domains\\MirVseh\\vendor\\laravel\\framework\\src\\Illuminate\\Database\\Migrations\\Migrator.php(200): Illuminate\\Database\\Migrations\\Migrator->runMigration()
#13 C:\\Soft\\OpenServer\\domains\\MirVseh\\vendor\\laravel\\framework\\src\\Illuminate\\Database\\Migrations\\Migrator.php(165): Illuminate\\Database\\Migrations\\Migrator->runUp()
#14 C:\\Soft\\OpenServer\\domains\\MirVseh\\vendor\\laravel\\framework\\src\\Illuminate\\Database\\Migrations\\Migrator.php(110): Illuminate\\Database\\Migrations\\Migrator->runPending()
#15 C:\\Soft\\OpenServer\\domains\\MirVseh\\vendor\\laravel\\framework\\src\\Illuminate\\Database\\Console\\Migrations\\MigrateCommand.php(85): Illuminate\\Database\\Migrations\\Migrator->run()
#16 C:\\Soft\\OpenServer\\domains\\MirVseh\\vendor\\laravel\\framework\\src\\Illuminate\\Database\\Migrations\\Migrator.php(541): Illuminate\\Database\\Console\\Migrations\\MigrateCommand->Illuminate\\Database\\Console\\Migrations\\{closure}()
#17 C:\\Soft\\OpenServer\\domains\\MirVseh\\vendor\\laravel\\framework\\src\\Illuminate\\Database\\Console\\Migrations\\MigrateCommand.php(94): Illuminate\\Database\\Migrations\\Migrator->usingConnection()
#18 C:\\Soft\\OpenServer\\domains\\MirVseh\\vendor\\laravel\\framework\\src\\Illuminate\\Container\\BoundMethod.php(36): Illuminate\\Database\\Console\\Migrations\\MigrateCommand->handle()
#19 C:\\Soft\\OpenServer\\domains\\MirVseh\\vendor\\laravel\\framework\\src\\Illuminate\\Container\\Util.php(40): Illuminate\\Container\\BoundMethod::Illuminate\\Container\\{closure}()
#20 C:\\Soft\\OpenServer\\domains\\MirVseh\\vendor\\laravel\\framework\\src\\Illuminate\\Container\\BoundMethod.php(93): Illuminate\\Container\\Util::unwrapIfClosure()
#21 C:\\Soft\\OpenServer\\domains\\MirVseh\\vendor\\laravel\\framework\\src\\Illuminate\\Container\\BoundMethod.php(37): Illuminate\\Container\\BoundMethod::callBoundMethod()
#22 C:\\Soft\\OpenServer\\domains\\MirVseh\\vendor\\laravel\\framework\\src\\Illuminate\\Container\\Container.php(610): Illuminate\\Container\\BoundMethod::call()
#23 C:\\Soft\\OpenServer\\domains\\MirVseh\\vendor\\laravel\\framework\\src\\Illuminate\\Console\\Command.php(136): Illuminate\\Container\\Container->call()
#24 C:\\Soft\\OpenServer\\domains\\MirVseh\\vendor\\symfony\\console\\Command\\Command.php(255): Illuminate\\Console\\Command->execute()
#25 C:\\Soft\\OpenServer\\domains\\MirVseh\\vendor\\laravel\\framework\\src\\Illuminate\\Console\\Command.php(121): Symfony\\Component\\Console\\Command\\Command->run()
#26 C:\\Soft\\OpenServer\\domains\\MirVseh\\vendor\\laravel\\framework\\src\\Illuminate\\Console\\Concerns\\CallsCommands.php(68): Illuminate\\Console\\Command->run()
#27 C:\\Soft\\OpenServer\\domains\\MirVseh\\vendor\\laravel\\framework\\src\\Illuminate\\Console\\Concerns\\CallsCommands.php(28): Illuminate\\Console\\Command->runCommand()
#28 C:\\Soft\\OpenServer\\domains\\MirVseh\\vendor\\laravel\\framework\\src\\Illuminate\\Database\\Console\\Migrations\\FreshCommand.php(55): Illuminate\\Console\\Command->call()
#29 C:\\Soft\\OpenServer\\domains\\MirVseh\\vendor\\laravel\\framework\\src\\Illuminate\\Container\\BoundMethod.php(36): Illuminate\\Database\\Console\\Migrations\\FreshCommand->handle()
#30 C:\\Soft\\OpenServer\\domains\\MirVseh\\vendor\\laravel\\framework\\src\\Illuminate\\Container\\Util.php(40): Illuminate\\Container\\BoundMethod::Illuminate\\Container\\{closure}()
#31 C:\\Soft\\OpenServer\\domains\\MirVseh\\vendor\\laravel\\framework\\src\\Illuminate\\Container\\BoundMethod.php(93): Illuminate\\Container\\Util::unwrapIfClosure()
#32 C:\\Soft\\OpenServer\\domains\\MirVseh\\vendor\\laravel\\framework\\src\\Illuminate\\Container\\BoundMethod.php(37): Illuminate\\Container\\BoundMethod::callBoundMethod()
#33 C:\\Soft\\OpenServer\\domains\\MirVseh\\vendor\\laravel\\framework\\src\\Illuminate\\Container\\Container.php(610): Illuminate\\Container\\BoundMethod::call()
#34 C:\\Soft\\OpenServer\\domains\\MirVseh\\vendor\\laravel\\framework\\src\\Illuminate\\Console\\Command.php(136): Illuminate\\Container\\Container->call()
#35 C:\\Soft\\OpenServer\\domains\\MirVseh\\vendor\\symfony\\console\\Command\\Command.php(255): Illuminate\\Console\\Command->execute()
#36 C:\\Soft\\OpenServer\\domains\\MirVseh\\vendor\\laravel\\framework\\src\\Illuminate\\Console\\Command.php(121): Symfony\\Component\\Console\\Command\\Command->run()
#37 C:\\Soft\\OpenServer\\domains\\MirVseh\\vendor\\symfony\\console\\Application.php(971): Illuminate\\Console\\Command->run()
#38 C:\\Soft\\OpenServer\\domains\\MirVseh\\vendor\\symfony\\console\\Application.php(290): Symfony\\Component\\Console\\Application->doRunCommand()
#39 C:\\Soft\\OpenServer\\domains\\MirVseh\\vendor\\symfony\\console\\Application.php(166): Symfony\\Component\\Console\\Application->doRun()
#40 C:\\Soft\\OpenServer\\domains\\MirVseh\\vendor\\laravel\\framework\\src\\Illuminate\\Console\\Application.php(93): Symfony\\Component\\Console\\Application->run()
#41 C:\\Soft\\OpenServer\\domains\\MirVseh\\vendor\\laravel\\framework\\src\\Illuminate\\Foundation\\Console\\Kernel.php(129): Illuminate\\Console\\Application->run()
#42 C:\\Soft\\OpenServer\\domains\\MirVseh\\artisan(37): Illuminate\\Foundation\\Console\\Kernel->handle()
#43 {main}
"} 
[2021-10-17 10:24:35] local.ERROR: SQLSTATE[HY000]: General error: 1215 Cannot add foreign key constraint (SQL: alter table `group_user` add constraint `group_user_group_id_foreign` foreign key (`group_id`) references `groups` (`id`)) {"exception":"[object] (Illuminate\\Database\\QueryException(code: HY000): SQLSTATE[HY000]: General error: 1215 Cannot add foreign key constraint (SQL: alter table `group_user` add constraint `group_user_group_id_foreign` foreign key (`group_id`) references `groups` (`id`)) at C:\\Soft\\OpenServer\\domains\\MirVseh\\vendor\\laravel\\framework\\src\\Illuminate\\Database\\Connection.php:678)
[stacktrace]
#0 C:\\Soft\\OpenServer\\domains\\MirVseh\\vendor\\laravel\\framework\\src\\Illuminate\\Database\\Connection.php(638): Illuminate\\Database\\Connection->runQueryCallback()
#1 C:\\Soft\\OpenServer\\domains\\MirVseh\\vendor\\laravel\\framework\\src\\Illuminate\\Database\\Connection.php(472): Illuminate\\Database\\Connection->run()
#2 C:\\Soft\\OpenServer\\domains\\MirVseh\\vendor\\laravel\\framework\\src\\Illuminate\\Database\\Schema\\Blueprint.php(102): Illuminate\\Database\\Connection->statement()
#3 C:\\Soft\\OpenServer\\domains\\MirVseh\\vendor\\laravel\\framework\\src\\Illuminate\\Database\\Schema\\Builder.php(337): Illuminate\\Database\\Schema\\Blueprint->build()
#4 C:\\Soft\\OpenServer\\domains\\MirVseh\\vendor\\laravel\\framework\\src\\Illuminate\\Database\\Schema\\Builder.php(200): Illuminate\\Database\\Schema\\Builder->build()
#5 C:\\Soft\\OpenServer\\domains\\MirVseh\\vendor\\laravel\\framework\\src\\Illuminate\\Support\\Facades\\Facade.php(261): Illuminate\\Database\\Schema\\Builder->create()
#6 C:\\Soft\\OpenServer\\domains\\MirVseh\\database\\migrations\\2021_10_17_150410_create_group_user_table.php(19): Illuminate\\Support\\Facades\\Facade::__callStatic()
#7 C:\\Soft\\OpenServer\\domains\\MirVseh\\vendor\\laravel\\framework\\src\\Illuminate\\Database\\Migrations\\Migrator.php(392): CreateGroupUserTable->up()
#8 C:\\Soft\\OpenServer\\domains\\MirVseh\\vendor\\laravel\\framework\\src\\Illuminate\\Database\\Migrations\\Migrator.php(401): Illuminate\\Database\\Migrations\\Migrator->Illuminate\\Database\\Migrations\\{closure}()
#9 C:\\Soft\\OpenServer\\domains\\MirVseh\\vendor\\laravel\\framework\\src\\Illuminate\\Database\\Migrations\\Migrator.php(200): Illuminate\\Database\\Migrations\\Migrator->runMigration()
#10 C:\\Soft\\OpenServer\\domains\\MirVseh\\vendor\\laravel\\framework\\src\\Illuminate\\Database\\Migrations\\Migrator.php(165): Illuminate\\Database\\Migrations\\Migrator->runUp()
#11 C:\\Soft\\OpenServer\\domains\\MirVseh\\vendor\\laravel\\framework\\src\\Illuminate\\Database\\Migrations\\Migrator.php(110): Illuminate\\Database\\Migrations\\Migrator->runPending()
#12 C:\\Soft\\OpenServer\\domains\\MirVseh\\vendor\\laravel\\framework\\src\\Illuminate\\Database\\Console\\Migrations\\MigrateCommand.php(85): Illuminate\\Database\\Migrations\\Migrator->run()
#13 C:\\Soft\\OpenServer\\domains\\MirVseh\\vendor\\laravel\\framework\\src\\Illuminate\\Database\\Migrations\\Migrator.php(541): Illuminate\\Database\\Console\\Migrations\\MigrateCommand->Illuminate\\Database\\Console\\Migrations\\{closure}()
#14 C:\\Soft\\OpenServer\\domains\\MirVseh\\vendor\\laravel\\framework\\src\\Illuminate\\Database\\Console\\Migrations\\MigrateCommand.php(94): Illuminate\\Database\\Migrations\\Migrator->usingConnection()
#15 C:\\Soft\\OpenServer\\domains\\MirVseh\\vendor\\laravel\\framework\\src\\Illuminate\\Container\\BoundMethod.php(36): Illuminate\\Database\\Console\\Migrations\\MigrateCommand->handle()
#16 C:\\Soft\\OpenServer\\domains\\MirVseh\\vendor\\laravel\\framework\\src\\Illuminate\\Container\\Util.php(40): Illuminate\\Container\\BoundMethod::Illuminate\\Container\\{closure}()
#17 C:\\Soft\\OpenServer\\domains\\MirVseh\\vendor\\laravel\\framework\\src\\Illuminate\\Container\\BoundMethod.php(93): Illuminate\\Container\\Util::unwrapIfClosure()
#18 C:\\Soft\\OpenServer\\domains\\MirVseh\\vendor\\laravel\\framework\\src\\Illuminate\\Container\\BoundMethod.php(37): Illuminate\\Container\\BoundMethod::callBoundMethod()
#19 C:\\Soft\\OpenServer\\domains\\MirVseh\\vendor\\laravel\\framework\\src\\Illuminate\\Container\\Container.php(610): Illuminate\\Container\\BoundMethod::call()
#20 C:\\Soft\\OpenServer\\domains\\MirVseh\\vendor\\laravel\\framework\\src\\Illuminate\\Console\\Command.php(136): Illuminate\\Container\\Container->call()
#21 C:\\Soft\\OpenServer\\domains\\MirVseh\\vendor\\symfony\\console\\Command\\Command.php(255): Illuminate\\Console\\Command->execute()
#22 C:\\Soft\\OpenServer\\domains\\MirVseh\\vendor\\laravel\\framework\\src\\Illuminate\\Console\\Command.php(121): Symfony\\Component\\Console\\Command\\Command->run()
#23 C:\\Soft\\OpenServer\\domains\\MirVseh\\vendor\\laravel\\framework\\src\\Illuminate\\Console\\Concerns\\CallsCommands.php(68): Illuminate\\Console\\Command->run()
#24 C:\\Soft\\OpenServer\\domains\\MirVseh\\vendor\\laravel\\framework\\src\\Illuminate\\Console\\Concerns\\CallsCommands.php(28): Illuminate\\Console\\Command->runCommand()
#25 C:\\Soft\\OpenServer\\domains\\MirVseh\\vendor\\laravel\\framework\\src\\Illuminate\\Database\\Console\\Migrations\\FreshCommand.php(55): Illuminate\\Console\\Command->call()
#26 C:\\Soft\\OpenServer\\domains\\MirVseh\\vendor\\laravel\\framework\\src\\Illuminate\\Container\\BoundMethod.php(36): Illuminate\\Database\\Console\\Migrations\\FreshCommand->handle()
#27 C:\\Soft\\OpenServer\\domains\\MirVseh\\vendor\\laravel\\framework\\src\\Illuminate\\Container\\Util.php(40): Illuminate\\Container\\BoundMethod::Illuminate\\Container\\{closure}()
#28 C:\\Soft\\OpenServer\\domains\\MirVseh\\vendor\\laravel\\framework\\src\\Illuminate\\Container\\BoundMethod.php(93): Illuminate\\Container\\Util::unwrapIfClosure()
#29 C:\\Soft\\OpenServer\\domains\\MirVseh\\vendor\\laravel\\framework\\src\\Illuminate\\Container\\BoundMethod.php(37): Illuminate\\Container\\BoundMethod::callBoundMethod()
#30 C:\\Soft\\OpenServer\\domains\\MirVseh\\vendor\\laravel\\framework\\src\\Illuminate\\Container\\Container.php(610): Illuminate\\Container\\BoundMethod::call()
#31 C:\\Soft\\OpenServer\\domains\\MirVseh\\vendor\\laravel\\framework\\src\\Illuminate\\Console\\Command.php(136): Illuminate\\Container\\Container->call()
#32 C:\\Soft\\OpenServer\\domains\\MirVseh\\vendor\\symfony\\console\\Command\\Command.php(255): Illuminate\\Console\\Command->execute()
#33 C:\\Soft\\OpenServer\\domains\\MirVseh\\vendor\\laravel\\framework\\src\\Illuminate\\Console\\Command.php(121): Symfony\\Component\\Console\\Command\\Command->run()
#34 C:\\Soft\\OpenServer\\domains\\MirVseh\\vendor\\symfony\\console\\Application.php(971): Illuminate\\Console\\Command->run()
#35 C:\\Soft\\OpenServer\\domains\\MirVseh\\vendor\\symfony\\console\\Application.php(290): Symfony\\Component\\Console\\Application->doRunCommand()
#36 C:\\Soft\\OpenServer\\domains\\MirVseh\\vendor\\symfony\\console\\Application.php(166): Symfony\\Component\\Console\\Application->doRun()
#37 C:\\Soft\\OpenServer\\domains\\MirVseh\\vendor\\laravel\\framework\\src\\Illuminate\\Console\\Application.php(93): Symfony\\Component\\Console\\Application->run()
#38 C:\\Soft\\OpenServer\\domains\\MirVseh\\vendor\\laravel\\framework\\src\\Illuminate\\Foundation\\Console\\Kernel.php(129): Illuminate\\Console\\Application->run()
#39 C:\\Soft\\OpenServer\\domains\\MirVseh\\artisan(37): Illuminate\\Foundation\\Console\\Kernel->handle()
#40 {main}

[previous exception] [object] (Doctrine\\DBAL\\Driver\\PDO\\Exception(code: HY000): SQLSTATE[HY000]: General error: 1215 Cannot add foreign key constraint at C:\\Soft\\OpenServer\\domains\\MirVseh\\vendor\\doctrine\\dbal\\lib\\Doctrine\\DBAL\\Driver\\PDO\\Exception.php:18)
[stacktrace]
#0 C:\\Soft\\OpenServer\\domains\\MirVseh\\vendor\\doctrine\\dbal\\lib\\Doctrine\\DBAL\\Driver\\PDOStatement.php(117): Doctrine\\DBAL\\Driver\\PDO\\Exception::new()
#1 C:\\Soft\\OpenServer\\domains\\MirVseh\\vendor\\laravel\\framework\\src\\Illuminate\\Database\\Connection.php(471): Doctrine\\DBAL\\Driver\\PDOStatement->execute()
#2 C:\\Soft\\OpenServer\\domains\\MirVseh\\vendor\\laravel\\framework\\src\\Illuminate\\Database\\Connection.php(671): Illuminate\\Database\\Connection->Illuminate\\Database\\{closure}()
#3 C:\\Soft\\OpenServer\\domains\\MirVseh\\vendor\\laravel\\framework\\src\\Illuminate\\Database\\Connection.php(638): Illuminate\\Database\\Connection->runQueryCallback()
#4 C:\\Soft\\OpenServer\\domains\\MirVseh\\vendor\\laravel\\framework\\src\\Illuminate\\Database\\Connection.php(472): Illuminate\\Database\\Connection->run()
#5 C:\\Soft\\OpenServer\\domains\\MirVseh\\vendor\\laravel\\framework\\src\\Illuminate\\Database\\Schema\\Blueprint.php(102): Illuminate\\Database\\Connection->statement()
#6 C:\\Soft\\OpenServer\\domains\\MirVseh\\vendor\\laravel\\framework\\src\\Illuminate\\Database\\Schema\\Builder.php(337): Illuminate\\Database\\Schema\\Blueprint->build()
#7 C:\\Soft\\OpenServer\\domains\\MirVseh\\vendor\\laravel\\framework\\src\\Illuminate\\Database\\Schema\\Builder.php(200): Illuminate\\Database\\Schema\\Builder->build()
#8 C:\\Soft\\OpenServer\\domains\\MirVseh\\vendor\\laravel\\framework\\src\\Illuminate\\Support\\Facades\\Facade.php(261): Illuminate\\Database\\Schema\\Builder->create()
#9 C:\\Soft\\OpenServer\\domains\\MirVseh\\database\\migrations\\2021_10_17_150410_create_group_user_table.php(19): Illuminate\\Support\\Facades\\Facade::__callStatic()
#10 C:\\Soft\\OpenServer\\domains\\MirVseh\\vendor\\laravel\\framework\\src\\Illuminate\\Database\\Migrations\\Migrator.php(392): CreateGroupUserTable->up()
#11 C:\\Soft\\OpenServer\\domains\\MirVseh\\vendor\\laravel\\framework\\src\\Illuminate\\Database\\Migrations\\Migrator.php(401): Illuminate\\Database\\Migrations\\Migrator->Illuminate\\Database\\Migrations\\{closure}()
#12 C:\\Soft\\OpenServer\\domains\\MirVseh\\vendor\\laravel\\framework\\src\\Illuminate\\Database\\Migrations\\Migrator.php(200): Illuminate\\Database\\Migrations\\Migrator->runMigration()
#13 C:\\Soft\\OpenServer\\domains\\MirVseh\\vendor\\laravel\\framework\\src\\Illuminate\\Database\\Migrations\\Migrator.php(165): Illuminate\\Database\\Migrations\\Migrator->runUp()
#14 C:\\Soft\\OpenServer\\domains\\MirVseh\\vendor\\laravel\\framework\\src\\Illuminate\\Database\\Migrations\\Migrator.php(110): Illuminate\\Database\\Migrations\\Migrator->runPending()
#15 C:\\Soft\\OpenServer\\domains\\MirVseh\\vendor\\laravel\\framework\\src\\Illuminate\\Database\\Console\\Migrations\\MigrateCommand.php(85): Illuminate\\Database\\Migrations\\Migrator->run()
#16 C:\\Soft\\OpenServer\\domains\\MirVseh\\vendor\\laravel\\framework\\src\\Illuminate\\Database\\Migrations\\Migrator.php(541): Illuminate\\Database\\Console\\Migrations\\MigrateCommand->Illuminate\\Database\\Console\\Migrations\\{closure}()
#17 C:\\Soft\\OpenServer\\domains\\MirVseh\\vendor\\laravel\\framework\\src\\Illuminate\\Database\\Console\\Migrations\\MigrateCommand.php(94): Illuminate\\Database\\Migrations\\Migrator->usingConnection()
#18 C:\\Soft\\OpenServer\\domains\\MirVseh\\vendor\\laravel\\framework\\src\\Illuminate\\Container\\BoundMethod.php(36): Illuminate\\Database\\Console\\Migrations\\MigrateCommand->handle()
#19 C:\\Soft\\OpenServer\\domains\\MirVseh\\vendor\\laravel\\framework\\src\\Illuminate\\Container\\Util.php(40): Illuminate\\Container\\BoundMethod::Illuminate\\Container\\{closure}()
#20 C:\\Soft\\OpenServer\\domains\\MirVseh\\vendor\\laravel\\framework\\src\\Illuminate\\Container\\BoundMethod.php(93): Illuminate\\Container\\Util::unwrapIfClosure()
#21 C:\\Soft\\OpenServer\\domains\\MirVseh\\vendor\\laravel\\framework\\src\\Illuminate\\Container\\BoundMethod.php(37): Illuminate\\Container\\BoundMethod::callBoundMethod()
#22 C:\\Soft\\OpenServer\\domains\\MirVseh\\vendor\\laravel\\framework\\src\\Illuminate\\Container\\Container.php(610): Illuminate\\Container\\BoundMethod::call()
#23 C:\\Soft\\OpenServer\\domains\\MirVseh\\vendor\\laravel\\framework\\src\\Illuminate\\Console\\Command.php(136): Illuminate\\Container\\Container->call()
#24 C:\\Soft\\OpenServer\\domains\\MirVseh\\vendor\\symfony\\console\\Command\\Command.php(255): Illuminate\\Console\\Command->execute()
#25 C:\\Soft\\OpenServer\\domains\\MirVseh\\vendor\\laravel\\framework\\src\\Illuminate\\Console\\Command.php(121): Symfony\\Component\\Console\\Command\\Command->run()
#26 C:\\Soft\\OpenServer\\domains\\MirVseh\\vendor\\laravel\\framework\\src\\Illuminate\\Console\\Concerns\\CallsCommands.php(68): Illuminate\\Console\\Command->run()
#27 C:\\Soft\\OpenServer\\domains\\MirVseh\\vendor\\laravel\\framework\\src\\Illuminate\\Console\\Concerns\\CallsCommands.php(28): Illuminate\\Console\\Command->runCommand()
#28 C:\\Soft\\OpenServer\\domains\\MirVseh\\vendor\\laravel\\framework\\src\\Illuminate\\Database\\Console\\Migrations\\FreshCommand.php(55): Illuminate\\Console\\Command->call()
#29 C:\\Soft\\OpenServer\\domains\\MirVseh\\vendor\\laravel\\framework\\src\\Illuminate\\Container\\BoundMethod.php(36): Illuminate\\Database\\Console\\Migrations\\FreshCommand->handle()
#30 C:\\Soft\\OpenServer\\domains\\MirVseh\\vendor\\laravel\\framework\\src\\Illuminate\\Container\\Util.php(40): Illuminate\\Container\\BoundMethod::Illuminate\\Container\\{closure}()
#31 C:\\Soft\\OpenServer\\domains\\MirVseh\\vendor\\laravel\\framework\\src\\Illuminate\\Container\\BoundMethod.php(93): Illuminate\\Container\\Util::unwrapIfClosure()
#32 C:\\Soft\\OpenServer\\domains\\MirVseh\\vendor\\laravel\\framework\\src\\Illuminate\\Container\\BoundMethod.php(37): Illuminate\\Container\\BoundMethod::callBoundMethod()
#33 C:\\Soft\\OpenServer\\domains\\MirVseh\\vendor\\laravel\\framework\\src\\Illuminate\\Container\\Container.php(610): Illuminate\\Container\\BoundMethod::call()
#34 C:\\Soft\\OpenServer\\domains\\MirVseh\\vendor\\laravel\\framework\\src\\Illuminate\\Console\\Command.php(136): Illuminate\\Container\\Container->call()
#35 C:\\Soft\\OpenServer\\domains\\MirVseh\\vendor\\symfony\\console\\Command\\Command.php(255): Illuminate\\Console\\Command->execute()
#36 C:\\Soft\\OpenServer\\domains\\MirVseh\\vendor\\laravel\\framework\\src\\Illuminate\\Console\\Command.php(121): Symfony\\Component\\Console\\Command\\Command->run()
#37 C:\\Soft\\OpenServer\\domains\\MirVseh\\vendor\\symfony\\console\\Application.php(971): Illuminate\\Console\\Command->run()
#38 C:\\Soft\\OpenServer\\domains\\MirVseh\\vendor\\symfony\\console\\Application.php(290): Symfony\\Component\\Console\\Application->doRunCommand()
#39 C:\\Soft\\OpenServer\\domains\\MirVseh\\vendor\\symfony\\console\\Application.php(166): Symfony\\Component\\Console\\Application->doRun()
#40 C:\\Soft\\OpenServer\\domains\\MirVseh\\vendor\\laravel\\framework\\src\\Illuminate\\Console\\Application.php(93): Symfony\\Component\\Console\\Application->run()
#41 C:\\Soft\\OpenServer\\domains\\MirVseh\\vendor\\laravel\\framework\\src\\Illuminate\\Foundation\\Console\\Kernel.php(129): Illuminate\\Console\\Application->run()
#42 C:\\Soft\\OpenServer\\domains\\MirVseh\\artisan(37): Illuminate\\Foundation\\Console\\Kernel->handle()
#43 {main}

[previous exception] [object] (PDOException(code: HY000): SQLSTATE[HY000]: General error: 1215 Cannot add foreign key constraint at C:\\Soft\\OpenServer\\domains\\MirVseh\\vendor\\doctrine\\dbal\\lib\\Doctrine\\DBAL\\Driver\\PDOStatement.php:115)
[stacktrace]
#0 C:\\Soft\\OpenServer\\domains\\MirVseh\\vendor\\doctrine\\dbal\\lib\\Doctrine\\DBAL\\Driver\\PDOStatement.php(115): PDOStatement->execute()
#1 C:\\Soft\\OpenServer\\domains\\MirVseh\\vendor\\laravel\\framework\\src\\Illuminate\\Database\\Connection.php(471): Doctrine\\DBAL\\Driver\\PDOStatement->execute()
#2 C:\\Soft\\OpenServer\\domains\\MirVseh\\vendor\\laravel\\framework\\src\\Illuminate\\Database\\Connection.php(671): Illuminate\\Database\\Connection->Illuminate\\Database\\{closure}()
#3 C:\\Soft\\OpenServer\\domains\\MirVseh\\vendor\\laravel\\framework\\src\\Illuminate\\Database\\Connection.php(638): Illuminate\\Database\\Connection->runQueryCallback()
#4 C:\\Soft\\OpenServer\\domains\\MirVseh\\vendor\\laravel\\framework\\src\\Illuminate\\Database\\Connection.php(472): Illuminate\\Database\\Connection->run()
#5 C:\\Soft\\OpenServer\\domains\\MirVseh\\vendor\\laravel\\framework\\src\\Illuminate\\Database\\Schema\\Blueprint.php(102): Illuminate\\Database\\Connection->statement()
#6 C:\\Soft\\OpenServer\\domains\\MirVseh\\vendor\\laravel\\framework\\src\\Illuminate\\Database\\Schema\\Builder.php(337): Illuminate\\Database\\Schema\\Blueprint->build()
#7 C:\\Soft\\OpenServer\\domains\\MirVseh\\vendor\\laravel\\framework\\src\\Illuminate\\Database\\Schema\\Builder.php(200): Illuminate\\Database\\Schema\\Builder->build()
#8 C:\\Soft\\OpenServer\\domains\\MirVseh\\vendor\\laravel\\framework\\src\\Illuminate\\Support\\Facades\\Facade.php(261): Illuminate\\Database\\Schema\\Builder->create()
#9 C:\\Soft\\OpenServer\\domains\\MirVseh\\database\\migrations\\2021_10_17_150410_create_group_user_table.php(19): Illuminate\\Support\\Facades\\Facade::__callStatic()
#10 C:\\Soft\\OpenServer\\domains\\MirVseh\\vendor\\laravel\\framework\\src\\Illuminate\\Database\\Migrations\\Migrator.php(392): CreateGroupUserTable->up()
#11 C:\\Soft\\OpenServer\\domains\\MirVseh\\vendor\\laravel\\framework\\src\\Illuminate\\Database\\Migrations\\Migrator.php(401): Illuminate\\Database\\Migrations\\Migrator->Illuminate\\Database\\Migrations\\{closure}()
#12 C:\\Soft\\OpenServer\\domains\\MirVseh\\vendor\\laravel\\framework\\src\\Illuminate\\Database\\Migrations\\Migrator.php(200): Illuminate\\Database\\Migrations\\Migrator->runMigration()
#13 C:\\Soft\\OpenServer\\domains\\MirVseh\\vendor\\laravel\\framework\\src\\Illuminate\\Database\\Migrations\\Migrator.php(165): Illuminate\\Database\\Migrations\\Migrator->runUp()
#14 C:\\Soft\\OpenServer\\domains\\MirVseh\\vendor\\laravel\\framework\\src\\Illuminate\\Database\\Migrations\\Migrator.php(110): Illuminate\\Database\\Migrations\\Migrator->runPending()
#15 C:\\Soft\\OpenServer\\domains\\MirVseh\\vendor\\laravel\\framework\\src\\Illuminate\\Database\\Console\\Migrations\\MigrateCommand.php(85): Illuminate\\Database\\Migrations\\Migrator->run()
#16 C:\\Soft\\OpenServer\\domains\\MirVseh\\vendor\\laravel\\framework\\src\\Illuminate\\Database\\Migrations\\Migrator.php(541): Illuminate\\Database\\Console\\Migrations\\MigrateCommand->Illuminate\\Database\\Console\\Migrations\\{closure}()
#17 C:\\Soft\\OpenServer\\domains\\MirVseh\\vendor\\laravel\\framework\\src\\Illuminate\\Database\\Console\\Migrations\\MigrateCommand.php(94): Illuminate\\Database\\Migrations\\Migrator->usingConnection()
#18 C:\\Soft\\OpenServer\\domains\\MirVseh\\vendor\\laravel\\framework\\src\\Illuminate\\Container\\BoundMethod.php(36): Illuminate\\Database\\Console\\Migrations\\MigrateCommand->handle()
#19 C:\\Soft\\OpenServer\\domains\\MirVseh\\vendor\\laravel\\framework\\src\\Illuminate\\Container\\Util.php(40): Illuminate\\Container\\BoundMethod::Illuminate\\Container\\{closure}()
#20 C:\\Soft\\OpenServer\\domains\\MirVseh\\vendor\\laravel\\framework\\src\\Illuminate\\Container\\BoundMethod.php(93): Illuminate\\Container\\Util::unwrapIfClosure()
#21 C:\\Soft\\OpenServer\\domains\\MirVseh\\vendor\\laravel\\framework\\src\\Illuminate\\Container\\BoundMethod.php(37): Illuminate\\Container\\BoundMethod::callBoundMethod()
#22 C:\\Soft\\OpenServer\\domains\\MirVseh\\vendor\\laravel\\framework\\src\\Illuminate\\Container\\Container.php(610): Illuminate\\Container\\BoundMethod::call()
#23 C:\\Soft\\OpenServer\\domains\\MirVseh\\vendor\\laravel\\framework\\src\\Illuminate\\Console\\Command.php(136): Illuminate\\Container\\Container->call()
#24 C:\\Soft\\OpenServer\\domains\\MirVseh\\vendor\\symfony\\console\\Command\\Command.php(255): Illuminate\\Console\\Command->execute()
#25 C:\\Soft\\OpenServer\\domains\\MirVseh\\vendor\\laravel\\framework\\src\\Illuminate\\Console\\Command.php(121): Symfony\\Component\\Console\\Command\\Command->run()
#26 C:\\Soft\\OpenServer\\domains\\MirVseh\\vendor\\laravel\\framework\\src\\Illuminate\\Console\\Concerns\\CallsCommands.php(68): Illuminate\\Console\\Command->run()
#27 C:\\Soft\\OpenServer\\domains\\MirVseh\\vendor\\laravel\\framework\\src\\Illuminate\\Console\\Concerns\\CallsCommands.php(28): Illuminate\\Console\\Command->runCommand()
#28 C:\\Soft\\OpenServer\\domains\\MirVseh\\vendor\\laravel\\framework\\src\\Illuminate\\Database\\Console\\Migrations\\FreshCommand.php(55): Illuminate\\Console\\Command->call()
#29 C:\\Soft\\OpenServer\\domains\\MirVseh\\vendor\\laravel\\framework\\src\\Illuminate\\Container\\BoundMethod.php(36): Illuminate\\Database\\Console\\Migrations\\FreshCommand->handle()
#30 C:\\Soft\\OpenServer\\domains\\MirVseh\\vendor\\laravel\\framework\\src\\Illuminate\\Container\\Util.php(40): Illuminate\\Container\\BoundMethod::Illuminate\\Container\\{closure}()
#31 C:\\Soft\\OpenServer\\domains\\MirVseh\\vendor\\laravel\\framework\\src\\Illuminate\\Container\\BoundMethod.php(93): Illuminate\\Container\\Util::unwrapIfClosure()
#32 C:\\Soft\\OpenServer\\domains\\MirVseh\\vendor\\laravel\\framework\\src\\Illuminate\\Container\\BoundMethod.php(37): Illuminate\\Container\\BoundMethod::callBoundMethod()
#33 C:\\Soft\\OpenServer\\domains\\MirVseh\\vendor\\laravel\\framework\\src\\Illuminate\\Container\\Container.php(610): Illuminate\\Container\\BoundMethod::call()
#34 C:\\Soft\\OpenServer\\domains\\MirVseh\\vendor\\laravel\\framework\\src\\Illuminate\\Console\\Command.php(136): Illuminate\\Container\\Container->call()
#35 C:\\Soft\\OpenServer\\domains\\MirVseh\\vendor\\symfony\\console\\Command\\Command.php(255): Illuminate\\Console\\Command->execute()
#36 C:\\Soft\\OpenServer\\domains\\MirVseh\\vendor\\laravel\\framework\\src\\Illuminate\\Console\\Command.php(121): Symfony\\Component\\Console\\Command\\Command->run()
#37 C:\\Soft\\OpenServer\\domains\\MirVseh\\vendor\\symfony\\console\\Application.php(971): Illuminate\\Console\\Command->run()
#38 C:\\Soft\\OpenServer\\domains\\MirVseh\\vendor\\symfony\\console\\Application.php(290): Symfony\\Component\\Console\\Application->doRunCommand()
#39 C:\\Soft\\OpenServer\\domains\\MirVseh\\vendor\\symfony\\console\\Application.php(166): Symfony\\Component\\Console\\Application->doRun()
#40 C:\\Soft\\OpenServer\\domains\\MirVseh\\vendor\\laravel\\framework\\src\\Illuminate\\Console\\Application.php(93): Symfony\\Component\\Console\\Application->run()
#41 C:\\Soft\\OpenServer\\domains\\MirVseh\\vendor\\laravel\\framework\\src\\Illuminate\\Foundation\\Console\\Kernel.php(129): Illuminate\\Console\\Application->run()
#42 C:\\Soft\\OpenServer\\domains\\MirVseh\\artisan(37): Illuminate\\Foundation\\Console\\Kernel->handle()
#43 {main}
"} 
[2021-10-17 11:00:13] local.ERROR: View [group.index] not found. {"userId":1,"exception":"[object] (InvalidArgumentException(code: 0): View [group.index] not found. at C:\\Soft\\OpenServer\\domains\\MirVseh\\vendor\\laravel\\framework\\src\\Illuminate\\View\\FileViewFinder.php:137)
[stacktrace]
#0 C:\\Soft\\OpenServer\\domains\\MirVseh\\vendor\\laravel\\framework\\src\\Illuminate\\View\\FileViewFinder.php(79): Illuminate\\View\\FileViewFinder->findInPaths()
#1 C:\\Soft\\OpenServer\\domains\\MirVseh\\vendor\\laravel\\framework\\src\\Illuminate\\View\\Factory.php(138): Illuminate\\View\\FileViewFinder->find()
#2 C:\\Soft\\OpenServer\\domains\\MirVseh\\vendor\\laravel\\framework\\src\\Illuminate\\Foundation\\helpers.php(897): Illuminate\\View\\Factory->make()
#3 C:\\Soft\\OpenServer\\domains\\MirVseh\\app\\Http\\Controllers\\GroupController.php(14): view()
#4 C:\\Soft\\OpenServer\\domains\\MirVseh\\vendor\\laravel\\framework\\src\\Illuminate\\Routing\\Controller.php(54): App\\Http\\Controllers\\GroupController->index()
#5 C:\\Soft\\OpenServer\\domains\\MirVseh\\vendor\\laravel\\framework\\src\\Illuminate\\Routing\\ControllerDispatcher.php(45): Illuminate\\Routing\\Controller->callAction()
#6 C:\\Soft\\OpenServer\\domains\\MirVseh\\vendor\\laravel\\framework\\src\\Illuminate\\Routing\\Route.php(254): Illuminate\\Routing\\ControllerDispatcher->dispatch()
#7 C:\\Soft\\OpenServer\\domains\\MirVseh\\vendor\\laravel\\framework\\src\\Illuminate\\Routing\\Route.php(197): Illuminate\\Routing\\Route->runController()
#8 C:\\Soft\\OpenServer\\domains\\MirVseh\\vendor\\laravel\\framework\\src\\Illuminate\\Routing\\Router.php(692): Illuminate\\Routing\\Route->run()
#9 C:\\Soft\\OpenServer\\domains\\MirVseh\\vendor\\laravel\\framework\\src\\Illuminate\\Pipeline\\Pipeline.php(128): Illuminate\\Routing\\Router->Illuminate\\Routing\\{closure}()
#10 C:\\Soft\\OpenServer\\domains\\MirVseh\\vendor\\spatie\\laravel-permission\\src\\Middlewares\\PermissionMiddleware.php(22): Illuminate\\Pipeline\\Pipeline->Illuminate\\Pipeline\\{closure}()
#11 C:\\Soft\\OpenServer\\domains\\MirVseh\\vendor\\laravel\\framework\\src\\Illuminate\\Pipeline\\Pipeline.php(167): Spatie\\Permission\\Middlewares\\PermissionMiddleware->handle()
#12 C:\\Soft\\OpenServer\\domains\\MirVseh\\vendor\\uxweb\\sweet-alert\\src\\SweetAlert\\ConvertMessagesIntoSweetAlert.php(49): Illuminate\\Pipeline\\Pipeline->Illuminate\\Pipeline\\{closure}()
#13 C:\\Soft\\OpenServer\\domains\\MirVseh\\vendor\\laravel\\framework\\src\\Illuminate\\Pipeline\\Pipeline.php(167): UxWeb\\SweetAlert\\ConvertMessagesIntoSweetAlert->handle()
#14 C:\\Soft\\OpenServer\\domains\\MirVseh\\app\\Http\\Middleware\\UserStatus.php(23): Illuminate\\Pipeline\\Pipeline->Illuminate\\Pipeline\\{closure}()
#15 C:\\Soft\\OpenServer\\domains\\MirVseh\\vendor\\laravel\\framework\\src\\Illuminate\\Pipeline\\Pipeline.php(167): App\\Http\\Middleware\\UserStatus->handle()
#16 C:\\Soft\\OpenServer\\domains\\MirVseh\\vendor\\laravel\\framework\\src\\Illuminate\\Routing\\Middleware\\SubstituteBindings.php(41): Illuminate\\Pipeline\\Pipeline->Illuminate\\Pipeline\\{closure}()
#17 C:\\Soft\\OpenServer\\domains\\MirVseh\\vendor\\laravel\\framework\\src\\Illuminate\\Pipeline\\Pipeline.php(167): Illuminate\\Routing\\Middleware\\SubstituteBindings->handle()
#18 C:\\Soft\\OpenServer\\domains\\MirVseh\\vendor\\laravel\\framework\\src\\Illuminate\\Auth\\Middleware\\Authenticate.php(44): Illuminate\\Pipeline\\Pipeline->Illuminate\\Pipeline\\{closure}()
#19 C:\\Soft\\OpenServer\\domains\\MirVseh\\vendor\\laravel\\framework\\src\\Illuminate\\Pipeline\\Pipeline.php(167): Illuminate\\Auth\\Middleware\\Authenticate->handle()
#20 C:\\Soft\\OpenServer\\domains\\MirVseh\\vendor\\laravel\\framework\\src\\Illuminate\\Foundation\\Http\\Middleware\\VerifyCsrfToken.php(77): Illuminate\\Pipeline\\Pipeline->Illuminate\\Pipeline\\{closure}()
#21 C:\\Soft\\OpenServer\\domains\\MirVseh\\vendor\\laravel\\framework\\src\\Illuminate\\Pipeline\\Pipeline.php(167): Illuminate\\Foundation\\Http\\Middleware\\VerifyCsrfToken->handle()
#22 C:\\Soft\\OpenServer\\domains\\MirVseh\\vendor\\laravel\\framework\\src\\Illuminate\\View\\Middleware\\ShareErrorsFromSession.php(49): Illuminate\\Pipeline\\Pipeline->Illuminate\\Pipeline\\{closure}()
#23 C:\\Soft\\OpenServer\\domains\\MirVseh\\vendor\\laravel\\framework\\src\\Illuminate\\Pipeline\\Pipeline.php(167): Illuminate\\View\\Middleware\\ShareErrorsFromSession->handle()
#24 C:\\Soft\\OpenServer\\domains\\MirVseh\\vendor\\laravel\\framework\\src\\Illuminate\\Session\\Middleware\\StartSession.php(121): Illuminate\\Pipeline\\Pipeline->Illuminate\\Pipeline\\{closure}()
#25 C:\\Soft\\OpenServer\\domains\\MirVseh\\vendor\\laravel\\framework\\src\\Illuminate\\Session\\Middleware\\StartSession.php(63): Illuminate\\Session\\Middleware\\StartSession->handleStatefulRequest()
#26 C:\\Soft\\OpenServer\\domains\\MirVseh\\vendor\\laravel\\framework\\src\\Illuminate\\Pipeline\\Pipeline.php(167): Illuminate\\Session\\Middleware\\StartSession->handle()
#27 C:\\Soft\\OpenServer\\domains\\MirVseh\\vendor\\laravel\\framework\\src\\Illuminate\\Cookie\\Middleware\\AddQueuedCookiesToResponse.php(37): Illuminate\\Pipeline\\Pipeline->Illuminate\\Pipeline\\{closure}()
#28 C:\\Soft\\OpenServer\\domains\\MirVseh\\vendor\\laravel\\framework\\src\\Illuminate\\Pipeline\\Pipeline.php(167): Illuminate\\Cookie\\Middleware\\AddQueuedCookiesToResponse->handle()
#29 C:\\Soft\\OpenServer\\domains\\MirVseh\\vendor\\laravel\\framework\\src\\Illuminate\\Cookie\\Middleware\\EncryptCookies.php(67): Illuminate\\Pipeline\\Pipeline->Illuminate\\Pipeline\\{closure}()
#30 C:\\Soft\\OpenServer\\domains\\MirVseh\\vendor\\laravel\\framework\\src\\Illuminate\\Pipeline\\Pipeline.php(167): Illuminate\\Cookie\\Middleware\\EncryptCookies->handle()
#31 C:\\Soft\\OpenServer\\domains\\MirVseh\\vendor\\laravel\\framework\\src\\Illuminate\\Pipeline\\Pipeline.php(103): Illuminate\\Pipeline\\Pipeline->Illuminate\\Pipeline\\{closure}()
#32 C:\\Soft\\OpenServer\\domains\\MirVseh\\vendor\\laravel\\framework\\src\\Illuminate\\Routing\\Router.php(694): Illuminate\\Pipeline\\Pipeline->then()
#33 C:\\Soft\\OpenServer\\domains\\MirVseh\\vendor\\laravel\\framework\\src\\Illuminate\\Routing\\Router.php(669): Illuminate\\Routing\\Router->runRouteWithinStack()
#34 C:\\Soft\\OpenServer\\domains\\MirVseh\\vendor\\laravel\\framework\\src\\Illuminate\\Routing\\Router.php(635): Illuminate\\Routing\\Router->runRoute()
#35 C:\\Soft\\OpenServer\\domains\\MirVseh\\vendor\\laravel\\framework\\src\\Illuminate\\Routing\\Router.php(624): Illuminate\\Routing\\Router->dispatchToRoute()
#36 C:\\Soft\\OpenServer\\domains\\MirVseh\\vendor\\laravel\\framework\\src\\Illuminate\\Foundation\\Http\\Kernel.php(166): Illuminate\\Routing\\Router->dispatch()
#37 C:\\Soft\\OpenServer\\domains\\MirVseh\\vendor\\laravel\\framework\\src\\Illuminate\\Pipeline\\Pipeline.php(128): Illuminate\\Foundation\\Http\\Kernel->Illuminate\\Foundation\\Http\\{closure}()
#38 C:\\Soft\\OpenServer\\domains\\MirVseh\\vendor\\laravel\\framework\\src\\Illuminate\\Foundation\\Http\\Middleware\\TransformsRequest.php(21): Illuminate\\Pipeline\\Pipeline->Illuminate\\Pipeline\\{closure}()
#39 C:\\Soft\\OpenServer\\domains\\MirVseh\\vendor\\laravel\\framework\\src\\Illuminate\\Pipeline\\Pipeline.php(167): Illuminate\\Foundation\\Http\\Middleware\\TransformsRequest->handle()
#40 C:\\Soft\\OpenServer\\domains\\MirVseh\\vendor\\laravel\\framework\\src\\Illuminate\\Foundation\\Http\\Middleware\\TransformsRequest.php(21): Illuminate\\Pipeline\\Pipeline->Illuminate\\Pipeline\\{closure}()
#41 C:\\Soft\\OpenServer\\domains\\MirVseh\\vendor\\laravel\\framework\\src\\Illuminate\\Pipeline\\Pipeline.php(167): Illuminate\\Foundation\\Http\\Middleware\\TransformsRequest->handle()
#42 C:\\Soft\\OpenServer\\domains\\MirVseh\\vendor\\laravel\\framework\\src\\Illuminate\\Foundation\\Http\\Middleware\\ValidatePostSize.php(27): Illuminate\\Pipeline\\Pipeline->Illuminate\\Pipeline\\{closure}()
#43 C:\\Soft\\OpenServer\\domains\\MirVseh\\vendor\\laravel\\framework\\src\\Illuminate\\Pipeline\\Pipeline.php(167): Illuminate\\Foundation\\Http\\Middleware\\ValidatePostSize->handle()
#44 C:\\Soft\\OpenServer\\domains\\MirVseh\\vendor\\laravel\\framework\\src\\Illuminate\\Foundation\\Http\\Middleware\\PreventRequestsDuringMaintenance.php(87): Illuminate\\Pipeline\\Pipeline->Illuminate\\Pipeline\\{closure}()
#45 C:\\Soft\\OpenServer\\domains\\MirVseh\\vendor\\laravel\\framework\\src\\Illuminate\\Pipeline\\Pipeline.php(167): Illuminate\\Foundation\\Http\\Middleware\\PreventRequestsDuringMaintenance->handle()
#46 C:\\Soft\\OpenServer\\domains\\MirVseh\\vendor\\fideloper\\proxy\\src\\TrustProxies.php(57): Illuminate\\Pipeline\\Pipeline->Illuminate\\Pipeline\\{closure}()
#47 C:\\Soft\\OpenServer\\domains\\MirVseh\\vendor\\laravel\\framework\\src\\Illuminate\\Pipeline\\Pipeline.php(167): Fideloper\\Proxy\\TrustProxies->handle()
#48 C:\\Soft\\OpenServer\\domains\\MirVseh\\app\\Http\\Middleware\\VerifyInstallation.php(22): Illuminate\\Pipeline\\Pipeline->Illuminate\\Pipeline\\{closure}()
#49 C:\\Soft\\OpenServer\\domains\\MirVseh\\vendor\\laravel\\framework\\src\\Illuminate\\Pipeline\\Pipeline.php(167): App\\Http\\Middleware\\VerifyInstallation->handle()
#50 C:\\Soft\\OpenServer\\domains\\MirVseh\\app\\Http\\Middleware\\VerifyEnv.php(22): Illuminate\\Pipeline\\Pipeline->Illuminate\\Pipeline\\{closure}()
#51 C:\\Soft\\OpenServer\\domains\\MirVseh\\vendor\\laravel\\framework\\src\\Illuminate\\Pipeline\\Pipeline.php(167): App\\Http\\Middleware\\VerifyEnv->handle()
#52 C:\\Soft\\OpenServer\\domains\\MirVseh\\vendor\\laravel\\framework\\src\\Illuminate\\Pipeline\\Pipeline.php(103): Illuminate\\Pipeline\\Pipeline->Illuminate\\Pipeline\\{closure}()
#53 C:\\Soft\\OpenServer\\domains\\MirVseh\\vendor\\laravel\\framework\\src\\Illuminate\\Foundation\\Http\\Kernel.php(141): Illuminate\\Pipeline\\Pipeline->then()
#54 C:\\Soft\\OpenServer\\domains\\MirVseh\\vendor\\laravel\\framework\\src\\Illuminate\\Foundation\\Http\\Kernel.php(110): Illuminate\\Foundation\\Http\\Kernel->sendRequestThroughRouter()
#55 C:\\Soft\\OpenServer\\domains\\MirVseh\\public\\index.php(55): Illuminate\\Foundation\\Http\\Kernel->handle()
#56 C:\\Soft\\OpenServer\\domains\\MirVseh\\server.php(21): require_once('C:\\\\Soft\\\\OpenSer...')
#57 {main}
"} 
