[2021-10-10 02:29:34] local.INFO: test  
[2021-10-10 02:29:34] local.ERROR: Use of undefined constant afsdlkjasdf - assumed 'afsdlkjasdf' (this will throw an Error in a future version of PHP) {"userId":1,"exception":"[object] (ErrorException(code: 0): Use of undefined constant afsdlkjasdf - assumed 'afsdlkjasdf' (this will throw an Error in a future version of PHP) at C:\\Soft\\OpenServer\\domains\\MirVseh\outes\\web.php:362)
[stacktrace]
#0 C:\\Soft\\OpenServer\\domains\\MirVseh\outes\\web.php(362): Illuminate\\Foundation\\Bootstrap\\HandleExceptions->handleError()
#1 C:\\Soft\\OpenServer\\domains\\MirVseh\\vendor\\laravel\\framework\\src\\Illuminate\\Routing\\Route.php(230): Illuminate\\Routing\\RouteFileRegistrar->{closure}()
#2 C:\\Soft\\OpenServer\\domains\\MirVseh\\vendor\\laravel\\framework\\src\\Illuminate\\Routing\\Route.php(200): Illuminate\\Routing\\Route->runCallable()
#3 C:\\Soft\\OpenServer\\domains\\MirVseh\\vendor\\laravel\\framework\\src\\Illuminate\\Routing\\Router.php(692): Illuminate\\Routing\\Route->run()
#4 C:\\Soft\\OpenServer\\domains\\MirVseh\\vendor\\laravel\\framework\\src\\Illuminate\\Pipeline\\Pipeline.php(128): Illuminate\\Routing\\Router->Illuminate\\Routing\\{closure}()
#5 C:\\Soft\\OpenServer\\domains\\MirVseh\\vendor\\uxweb\\sweet-alert\\src\\SweetAlert\\ConvertMessagesIntoSweetAlert.php(49): Illuminate\\Pipeline\\Pipeline->Illuminate\\Pipeline\\{closure}()
#6 C:\\Soft\\OpenServer\\domains\\MirVseh\\vendor\\laravel\\framework\\src\\Illuminate\\Pipeline\\Pipeline.php(167): UxWeb\\SweetAlert\\ConvertMessagesIntoSweetAlert->handle()
#7 C:\\Soft\\OpenServer\\domains\\MirVseh\\app\\Http\\Middleware\\UserStatus.php(23): Illuminate\\Pipeline\\Pipeline->Illuminate\\Pipeline\\{closure}()
#8 C:\\Soft\\OpenServer\\domains\\MirVseh\\vendor\\laravel\\framework\\src\\Illuminate\\Pipeline\\Pipeline.php(167): App\\Http\\Middleware\\UserStatus->handle()
#9 C:\\Soft\\OpenServer\\domains\\MirVseh\\vendor\\laravel\\framework\\src\\Illuminate\\Routing\\Middleware\\SubstituteBindings.php(41): Illuminate\\Pipeline\\Pipeline->Illuminate\\Pipeline\\{closure}()
#10 C:\\Soft\\OpenServer\\domains\\MirVseh\\vendor\\laravel\\framework\\src\\Illuminate\\Pipeline\\Pipeline.php(167): Illuminate\\Routing\\Middleware\\SubstituteBindings->handle()
#11 C:\\Soft\\OpenServer\\domains\\MirVseh\\vendor\\laravel\\framework\\src\\Illuminate\\Auth\\Middleware\\Authenticate.php(44): Illuminate\\Pipeline\\Pipeline->Illuminate\\Pipeline\\{closure}()
#12 C:\\Soft\\OpenServer\\domains\\MirVseh\\vendor\\laravel\\framework\\src\\Illuminate\\Pipeline\\Pipeline.php(167): Illuminate\\Auth\\Middleware\\Authenticate->handle()
#13 C:\\Soft\\OpenServer\\domains\\MirVseh\\vendor\\laravel\\framework\\src\\Illuminate\\Foundation\\Http\\Middleware\\VerifyCsrfToken.php(77): Illuminate\\Pipeline\\Pipeline->Illuminate\\Pipeline\\{closure}()
#14 C:\\Soft\\OpenServer\\domains\\MirVseh\\vendor\\laravel\\framework\\src\\Illuminate\\Pipeline\\Pipeline.php(167): Illuminate\\Foundation\\Http\\Middleware\\VerifyCsrfToken->handle()
#15 C:\\Soft\\OpenServer\\domains\\MirVseh\\vendor\\laravel\\framework\\src\\Illuminate\\View\\Middleware\\ShareErrorsFromSession.php(49): Illuminate\\Pipeline\\Pipeline->Illuminate\\Pipeline\\{closure}()
#16 C:\\Soft\\OpenServer\\domains\\MirVseh\\vendor\\laravel\\framework\\src\\Illuminate\\Pipeline\\Pipeline.php(167): Illuminate\\View\\Middleware\\ShareErrorsFromSession->handle()
#17 C:\\Soft\\OpenServer\\domains\\MirVseh\\vendor\\laravel\\framework\\src\\Illuminate\\Session\\Middleware\\StartSession.php(121): Illuminate\\Pipeline\\Pipeline->Illuminate\\Pipeline\\{closure}()
#18 C:\\Soft\\OpenServer\\domains\\MirVseh\\vendor\\laravel\\framework\\src\\Illuminate\\Session\\Middleware\\StartSession.php(63): Illuminate\\Session\\Middleware\\StartSession->handleStatefulRequest()
#19 C:\\Soft\\OpenServer\\domains\\MirVseh\\vendor\\laravel\\framework\\src\\Illuminate\\Pipeline\\Pipeline.php(167): Illuminate\\Session\\Middleware\\StartSession->handle()
#20 C:\\Soft\\OpenServer\\domains\\MirVseh\\vendor\\laravel\\framework\\src\\Illuminate\\Cookie\\Middleware\\AddQueuedCookiesToResponse.php(37): Illuminate\\Pipeline\\Pipeline->Illuminate\\Pipeline\\{closure}()
#21 C:\\Soft\\OpenServer\\domains\\MirVseh\\vendor\\laravel\\framework\\src\\Illuminate\\Pipeline\\Pipeline.php(167): Illuminate\\Cookie\\Middleware\\AddQueuedCookiesToResponse->handle()
#22 C:\\Soft\\OpenServer\\domains\\MirVseh\\vendor\\laravel\\framework\\src\\Illuminate\\Cookie\\Middleware\\EncryptCookies.php(67): Illuminate\\Pipeline\\Pipeline->Illuminate\\Pipeline\\{closure}()
#23 C:\\Soft\\OpenServer\\domains\\MirVseh\\vendor\\laravel\\framework\\src\\Illuminate\\Pipeline\\Pipeline.php(167): Illuminate\\Cookie\\Middleware\\EncryptCookies->handle()
#24 C:\\Soft\\OpenServer\\domains\\MirVseh\\vendor\\laravel\\framework\\src\\Illuminate\\Pipeline\\Pipeline.php(103): Illuminate\\Pipeline\\Pipeline->Illuminate\\Pipeline\\{closure}()
#25 C:\\Soft\\OpenServer\\domains\\MirVseh\\vendor\\laravel\\framework\\src\\Illuminate\\Routing\\Router.php(694): Illuminate\\Pipeline\\Pipeline->then()
#26 C:\\Soft\\OpenServer\\domains\\MirVseh\\vendor\\laravel\\framework\\src\\Illuminate\\Routing\\Router.php(669): Illuminate\\Routing\\Router->runRouteWithinStack()
#27 C:\\Soft\\OpenServer\\domains\\MirVseh\\vendor\\laravel\\framework\\src\\Illuminate\\Routing\\Router.php(635): Illuminate\\Routing\\Router->runRoute()
#28 C:\\Soft\\OpenServer\\domains\\MirVseh\\vendor\\laravel\\framework\\src\\Illuminate\\Routing\\Router.php(624): Illuminate\\Routing\\Router->dispatchToRoute()
#29 C:\\Soft\\OpenServer\\domains\\MirVseh\\vendor\\laravel\\framework\\src\\Illuminate\\Foundation\\Http\\Kernel.php(166): Illuminate\\Routing\\Router->dispatch()
#30 C:\\Soft\\OpenServer\\domains\\MirVseh\\vendor\\laravel\\framework\\src\\Illuminate\\Pipeline\\Pipeline.php(128): Illuminate\\Foundation\\Http\\Kernel->Illuminate\\Foundation\\Http\\{closure}()
#31 C:\\Soft\\OpenServer\\domains\\MirVseh\\vendor\\laravel\\framework\\src\\Illuminate\\Foundation\\Http\\Middleware\\TransformsRequest.php(21): Illuminate\\Pipeline\\Pipeline->Illuminate\\Pipeline\\{closure}()
#32 C:\\Soft\\OpenServer\\domains\\MirVseh\\vendor\\laravel\\framework\\src\\Illuminate\\Pipeline\\Pipeline.php(167): Illuminate\\Foundation\\Http\\Middleware\\TransformsRequest->handle()
#33 C:\\Soft\\OpenServer\\domains\\MirVseh\\vendor\\laravel\\framework\\src\\Illuminate\\Foundation\\Http\\Middleware\\TransformsRequest.php(21): Illuminate\\Pipeline\\Pipeline->Illuminate\\Pipeline\\{closure}()
#34 C:\\Soft\\OpenServer\\domains\\MirVseh\\vendor\\laravel\\framework\\src\\Illuminate\\Pipeline\\Pipeline.php(167): Illuminate\\Foundation\\Http\\Middleware\\TransformsRequest->handle()
#35 C:\\Soft\\OpenServer\\domains\\MirVseh\\vendor\\laravel\\framework\\src\\Illuminate\\Foundation\\Http\\Middleware\\ValidatePostSize.php(27): Illuminate\\Pipeline\\Pipeline->Illuminate\\Pipeline\\{closure}()
#36 C:\\Soft\\OpenServer\\domains\\MirVseh\\vendor\\laravel\\framework\\src\\Illuminate\\Pipeline\\Pipeline.php(167): Illuminate\\Foundation\\Http\\Middleware\\ValidatePostSize->handle()
#37 C:\\Soft\\OpenServer\\domains\\MirVseh\\vendor\\laravel\\framework\\src\\Illuminate\\Foundation\\Http\\Middleware\\PreventRequestsDuringMaintenance.php(87): Illuminate\\Pipeline\\Pipeline->Illuminate\\Pipeline\\{closure}()
#38 C:\\Soft\\OpenServer\\domains\\MirVseh\\vendor\\laravel\\framework\\src\\Illuminate\\Pipeline\\Pipeline.php(167): Illuminate\\Foundation\\Http\\Middleware\\PreventRequestsDuringMaintenance->handle()
#39 C:\\Soft\\OpenServer\\domains\\MirVseh\\vendor\\fideloper\\proxy\\src\\TrustProxies.php(57): Illuminate\\Pipeline\\Pipeline->Illuminate\\Pipeline\\{closure}()
#40 C:\\Soft\\OpenServer\\domains\\MirVseh\\vendor\\laravel\\framework\\src\\Illuminate\\Pipeline\\Pipeline.php(167): Fideloper\\Proxy\\TrustProxies->handle()
#41 C:\\Soft\\OpenServer\\domains\\MirVseh\\app\\Http\\Middleware\\VerifyInstallation.php(22): Illuminate\\Pipeline\\Pipeline->Illuminate\\Pipeline\\{closure}()
#42 C:\\Soft\\OpenServer\\domains\\MirVseh\\vendor\\laravel\\framework\\src\\Illuminate\\Pipeline\\Pipeline.php(167): App\\Http\\Middleware\\VerifyInstallation->handle()
#43 C:\\Soft\\OpenServer\\domains\\MirVseh\\app\\Http\\Middleware\\VerifyEnv.php(22): Illuminate\\Pipeline\\Pipeline->Illuminate\\Pipeline\\{closure}()
#44 C:\\Soft\\OpenServer\\domains\\MirVseh\\vendor\\laravel\\framework\\src\\Illuminate\\Pipeline\\Pipeline.php(167): App\\Http\\Middleware\\VerifyEnv->handle()
#45 C:\\Soft\\OpenServer\\domains\\MirVseh\\vendor\\laravel\\framework\\src\\Illuminate\\Pipeline\\Pipeline.php(103): Illuminate\\Pipeline\\Pipeline->Illuminate\\Pipeline\\{closure}()
#46 C:\\Soft\\OpenServer\\domains\\MirVseh\\vendor\\laravel\\framework\\src\\Illuminate\\Foundation\\Http\\Kernel.php(141): Illuminate\\Pipeline\\Pipeline->then()
#47 C:\\Soft\\OpenServer\\domains\\MirVseh\\vendor\\laravel\\framework\\src\\Illuminate\\Foundation\\Http\\Kernel.php(110): Illuminate\\Foundation\\Http\\Kernel->sendRequestThroughRouter()
#48 C:\\Soft\\OpenServer\\domains\\MirVseh\\public\\index.php(55): Illuminate\\Foundation\\Http\\Kernel->handle()
#49 C:\\Soft\\OpenServer\\domains\\MirVseh\\server.php(21): require_once('C:\\\\Soft\\\\OpenSer...')
#50 {main}
"} 
[2021-10-10 02:29:45] local.INFO: test  
[2021-10-10 02:29:45] local.ERROR: Use of undefined constant afsdlkjasdf - assumed 'afsdlkjasdf' (this will throw an Error in a future version of PHP) {"userId":1,"exception":"[object] (ErrorException(code: 0): Use of undefined constant afsdlkjasdf - assumed 'afsdlkjasdf' (this will throw an Error in a future version of PHP) at C:\\Soft\\OpenServer\\domains\\MirVseh\outes\\web.php:366)
[stacktrace]
#0 C:\\Soft\\OpenServer\\domains\\MirVseh\outes\\web.php(366): Illuminate\\Foundation\\Bootstrap\\HandleExceptions->handleError()
#1 C:\\Soft\\OpenServer\\domains\\MirVseh\\vendor\\laravel\\framework\\src\\Illuminate\\Routing\\Route.php(230): Illuminate\\Routing\\RouteFileRegistrar->{closure}()
#2 C:\\Soft\\OpenServer\\domains\\MirVseh\\vendor\\laravel\\framework\\src\\Illuminate\\Routing\\Route.php(200): Illuminate\\Routing\\Route->runCallable()
#3 C:\\Soft\\OpenServer\\domains\\MirVseh\\vendor\\laravel\\framework\\src\\Illuminate\\Routing\\Router.php(692): Illuminate\\Routing\\Route->run()
#4 C:\\Soft\\OpenServer\\domains\\MirVseh\\vendor\\laravel\\framework\\src\\Illuminate\\Pipeline\\Pipeline.php(128): Illuminate\\Routing\\Router->Illuminate\\Routing\\{closure}()
#5 C:\\Soft\\OpenServer\\domains\\MirVseh\\vendor\\uxweb\\sweet-alert\\src\\SweetAlert\\ConvertMessagesIntoSweetAlert.php(49): Illuminate\\Pipeline\\Pipeline->Illuminate\\Pipeline\\{closure}()
#6 C:\\Soft\\OpenServer\\domains\\MirVseh\\vendor\\laravel\\framework\\src\\Illuminate\\Pipeline\\Pipeline.php(167): UxWeb\\SweetAlert\\ConvertMessagesIntoSweetAlert->handle()
#7 C:\\Soft\\OpenServer\\domains\\MirVseh\\app\\Http\\Middleware\\UserStatus.php(23): Illuminate\\Pipeline\\Pipeline->Illuminate\\Pipeline\\{closure}()
#8 C:\\Soft\\OpenServer\\domains\\MirVseh\\vendor\\laravel\\framework\\src\\Illuminate\\Pipeline\\Pipeline.php(167): App\\Http\\Middleware\\UserStatus->handle()
#9 C:\\Soft\\OpenServer\\domains\\MirVseh\\vendor\\laravel\\framework\\src\\Illuminate\\Routing\\Middleware\\SubstituteBindings.php(41): Illuminate\\Pipeline\\Pipeline->Illuminate\\Pipeline\\{closure}()
#10 C:\\Soft\\OpenServer\\domains\\MirVseh\\vendor\\laravel\\framework\\src\\Illuminate\\Pipeline\\Pipeline.php(167): Illuminate\\Routing\\Middleware\\SubstituteBindings->handle()
#11 C:\\Soft\\OpenServer\\domains\\MirVseh\\vendor\\laravel\\framework\\src\\Illuminate\\Auth\\Middleware\\Authenticate.php(44): Illuminate\\Pipeline\\Pipeline->Illuminate\\Pipeline\\{closure}()
#12 C:\\Soft\\OpenServer\\domains\\MirVseh\\vendor\\laravel\\framework\\src\\Illuminate\\Pipeline\\Pipeline.php(167): Illuminate\\Auth\\Middleware\\Authenticate->handle()
#13 C:\\Soft\\OpenServer\\domains\\MirVseh\\vendor\\laravel\\framework\\src\\Illuminate\\Foundation\\Http\\Middleware\\VerifyCsrfToken.php(77): Illuminate\\Pipeline\\Pipeline->Illuminate\\Pipeline\\{closure}()
#14 C:\\Soft\\OpenServer\\domains\\MirVseh\\vendor\\laravel\\framework\\src\\Illuminate\\Pipeline\\Pipeline.php(167): Illuminate\\Foundation\\Http\\Middleware\\VerifyCsrfToken->handle()
#15 C:\\Soft\\OpenServer\\domains\\MirVseh\\vendor\\laravel\\framework\\src\\Illuminate\\View\\Middleware\\ShareErrorsFromSession.php(49): Illuminate\\Pipeline\\Pipeline->Illuminate\\Pipeline\\{closure}()
#16 C:\\Soft\\OpenServer\\domains\\MirVseh\\vendor\\laravel\\framework\\src\\Illuminate\\Pipeline\\Pipeline.php(167): Illuminate\\View\\Middleware\\ShareErrorsFromSession->handle()
#17 C:\\Soft\\OpenServer\\domains\\MirVseh\\vendor\\laravel\\framework\\src\\Illuminate\\Session\\Middleware\\StartSession.php(121): Illuminate\\Pipeline\\Pipeline->Illuminate\\Pipeline\\{closure}()
#18 C:\\Soft\\OpenServer\\domains\\MirVseh\\vendor\\laravel\\framework\\src\\Illuminate\\Session\\Middleware\\StartSession.php(63): Illuminate\\Session\\Middleware\\StartSession->handleStatefulRequest()
#19 C:\\Soft\\OpenServer\\domains\\MirVseh\\vendor\\laravel\\framework\\src\\Illuminate\\Pipeline\\Pipeline.php(167): Illuminate\\Session\\Middleware\\StartSession->handle()
#20 C:\\Soft\\OpenServer\\domains\\MirVseh\\vendor\\laravel\\framework\\src\\Illuminate\\Cookie\\Middleware\\AddQueuedCookiesToResponse.php(37): Illuminate\\Pipeline\\Pipeline->Illuminate\\Pipeline\\{closure}()
#21 C:\\Soft\\OpenServer\\domains\\MirVseh\\vendor\\laravel\\framework\\src\\Illuminate\\Pipeline\\Pipeline.php(167): Illuminate\\Cookie\\Middleware\\AddQueuedCookiesToResponse->handle()
#22 C:\\Soft\\OpenServer\\domains\\MirVseh\\vendor\\laravel\\framework\\src\\Illuminate\\Cookie\\Middleware\\EncryptCookies.php(67): Illuminate\\Pipeline\\Pipeline->Illuminate\\Pipeline\\{closure}()
#23 C:\\Soft\\OpenServer\\domains\\MirVseh\\vendor\\laravel\\framework\\src\\Illuminate\\Pipeline\\Pipeline.php(167): Illuminate\\Cookie\\Middleware\\EncryptCookies->handle()
#24 C:\\Soft\\OpenServer\\domains\\MirVseh\\vendor\\laravel\\framework\\src\\Illuminate\\Pipeline\\Pipeline.php(103): Illuminate\\Pipeline\\Pipeline->Illuminate\\Pipeline\\{closure}()
#25 C:\\Soft\\OpenServer\\domains\\MirVseh\\vendor\\laravel\\framework\\src\\Illuminate\\Routing\\Router.php(694): Illuminate\\Pipeline\\Pipeline->then()
#26 C:\\Soft\\OpenServer\\domains\\MirVseh\\vendor\\laravel\\framework\\src\\Illuminate\\Routing\\Router.php(669): Illuminate\\Routing\\Router->runRouteWithinStack()
#27 C:\\Soft\\OpenServer\\domains\\MirVseh\\vendor\\laravel\\framework\\src\\Illuminate\\Routing\\Router.php(635): Illuminate\\Routing\\Router->runRoute()
#28 C:\\Soft\\OpenServer\\domains\\MirVseh\\vendor\\laravel\\framework\\src\\Illuminate\\Routing\\Router.php(624): Illuminate\\Routing\\Router->dispatchToRoute()
#29 C:\\Soft\\OpenServer\\domains\\MirVseh\\vendor\\laravel\\framework\\src\\Illuminate\\Foundation\\Http\\Kernel.php(166): Illuminate\\Routing\\Router->dispatch()
#30 C:\\Soft\\OpenServer\\domains\\MirVseh\\vendor\\laravel\\framework\\src\\Illuminate\\Pipeline\\Pipeline.php(128): Illuminate\\Foundation\\Http\\Kernel->Illuminate\\Foundation\\Http\\{closure}()
#31 C:\\Soft\\OpenServer\\domains\\MirVseh\\vendor\\laravel\\framework\\src\\Illuminate\\Foundation\\Http\\Middleware\\TransformsRequest.php(21): Illuminate\\Pipeline\\Pipeline->Illuminate\\Pipeline\\{closure}()
#32 C:\\Soft\\OpenServer\\domains\\MirVseh\\vendor\\laravel\\framework\\src\\Illuminate\\Pipeline\\Pipeline.php(167): Illuminate\\Foundation\\Http\\Middleware\\TransformsRequest->handle()
#33 C:\\Soft\\OpenServer\\domains\\MirVseh\\vendor\\laravel\\framework\\src\\Illuminate\\Foundation\\Http\\Middleware\\TransformsRequest.php(21): Illuminate\\Pipeline\\Pipeline->Illuminate\\Pipeline\\{closure}()
#34 C:\\Soft\\OpenServer\\domains\\MirVseh\\vendor\\laravel\\framework\\src\\Illuminate\\Pipeline\\Pipeline.php(167): Illuminate\\Foundation\\Http\\Middleware\\TransformsRequest->handle()
#35 C:\\Soft\\OpenServer\\domains\\MirVseh\\vendor\\laravel\\framework\\src\\Illuminate\\Foundation\\Http\\Middleware\\ValidatePostSize.php(27): Illuminate\\Pipeline\\Pipeline->Illuminate\\Pipeline\\{closure}()
#36 C:\\Soft\\OpenServer\\domains\\MirVseh\\vendor\\laravel\\framework\\src\\Illuminate\\Pipeline\\Pipeline.php(167): Illuminate\\Foundation\\Http\\Middleware\\ValidatePostSize->handle()
#37 C:\\Soft\\OpenServer\\domains\\MirVseh\\vendor\\laravel\\framework\\src\\Illuminate\\Foundation\\Http\\Middleware\\PreventRequestsDuringMaintenance.php(87): Illuminate\\Pipeline\\Pipeline->Illuminate\\Pipeline\\{closure}()
#38 C:\\Soft\\OpenServer\\domains\\MirVseh\\vendor\\laravel\\framework\\src\\Illuminate\\Pipeline\\Pipeline.php(167): Illuminate\\Foundation\\Http\\Middleware\\PreventRequestsDuringMaintenance->handle()
#39 C:\\Soft\\OpenServer\\domains\\MirVseh\\vendor\\fideloper\\proxy\\src\\TrustProxies.php(57): Illuminate\\Pipeline\\Pipeline->Illuminate\\Pipeline\\{closure}()
#40 C:\\Soft\\OpenServer\\domains\\MirVseh\\vendor\\laravel\\framework\\src\\Illuminate\\Pipeline\\Pipeline.php(167): Fideloper\\Proxy\\TrustProxies->handle()
#41 C:\\Soft\\OpenServer\\domains\\MirVseh\\app\\Http\\Middleware\\VerifyInstallation.php(22): Illuminate\\Pipeline\\Pipeline->Illuminate\\Pipeline\\{closure}()
#42 C:\\Soft\\OpenServer\\domains\\MirVseh\\vendor\\laravel\\framework\\src\\Illuminate\\Pipeline\\Pipeline.php(167): App\\Http\\Middleware\\VerifyInstallation->handle()
#43 C:\\Soft\\OpenServer\\domains\\MirVseh\\app\\Http\\Middleware\\VerifyEnv.php(22): Illuminate\\Pipeline\\Pipeline->Illuminate\\Pipeline\\{closure}()
#44 C:\\Soft\\OpenServer\\domains\\MirVseh\\vendor\\laravel\\framework\\src\\Illuminate\\Pipeline\\Pipeline.php(167): App\\Http\\Middleware\\VerifyEnv->handle()
#45 C:\\Soft\\OpenServer\\domains\\MirVseh\\vendor\\laravel\\framework\\src\\Illuminate\\Pipeline\\Pipeline.php(103): Illuminate\\Pipeline\\Pipeline->Illuminate\\Pipeline\\{closure}()
#46 C:\\Soft\\OpenServer\\domains\\MirVseh\\vendor\\laravel\\framework\\src\\Illuminate\\Foundation\\Http\\Kernel.php(141): Illuminate\\Pipeline\\Pipeline->then()
#47 C:\\Soft\\OpenServer\\domains\\MirVseh\\vendor\\laravel\\framework\\src\\Illuminate\\Foundation\\Http\\Kernel.php(110): Illuminate\\Foundation\\Http\\Kernel->sendRequestThroughRouter()
#48 C:\\Soft\\OpenServer\\domains\\MirVseh\\public\\index.php(55): Illuminate\\Foundation\\Http\\Kernel->handle()
#49 C:\\Soft\\OpenServer\\domains\\MirVseh\\server.php(21): require_once('C:\\\\Soft\\\\OpenSer...')
#50 {main}
"} 
[2021-10-10 02:29:58] local.INFO: test  
[2021-10-10 02:29:58] local.ERROR: Use of undefined constant afsdlkjasdf - assumed 'afsdlkjasdf' (this will throw an Error in a future version of PHP) {"userId":1,"exception":"[object] (ErrorException(code: 0): Use of undefined constant afsdlkjasdf - assumed 'afsdlkjasdf' (this will throw an Error in a future version of PHP) at C:\\Soft\\OpenServer\\domains\\MirVseh\outes\\web.php:370)
[stacktrace]
#0 C:\\Soft\\OpenServer\\domains\\MirVseh\outes\\web.php(370): Illuminate\\Foundation\\Bootstrap\\HandleExceptions->handleError()
#1 C:\\Soft\\OpenServer\\domains\\MirVseh\\vendor\\laravel\\framework\\src\\Illuminate\\Routing\\Route.php(230): Illuminate\\Routing\\RouteFileRegistrar->{closure}()
#2 C:\\Soft\\OpenServer\\domains\\MirVseh\\vendor\\laravel\\framework\\src\\Illuminate\\Routing\\Route.php(200): Illuminate\\Routing\\Route->runCallable()
#3 C:\\Soft\\OpenServer\\domains\\MirVseh\\vendor\\laravel\\framework\\src\\Illuminate\\Routing\\Router.php(692): Illuminate\\Routing\\Route->run()
#4 C:\\Soft\\OpenServer\\domains\\MirVseh\\vendor\\laravel\\framework\\src\\Illuminate\\Pipeline\\Pipeline.php(128): Illuminate\\Routing\\Router->Illuminate\\Routing\\{closure}()
#5 C:\\Soft\\OpenServer\\domains\\MirVseh\\vendor\\uxweb\\sweet-alert\\src\\SweetAlert\\ConvertMessagesIntoSweetAlert.php(49): Illuminate\\Pipeline\\Pipeline->Illuminate\\Pipeline\\{closure}()
#6 C:\\Soft\\OpenServer\\domains\\MirVseh\\vendor\\laravel\\framework\\src\\Illuminate\\Pipeline\\Pipeline.php(167): UxWeb\\SweetAlert\\ConvertMessagesIntoSweetAlert->handle()
#7 C:\\Soft\\OpenServer\\domains\\MirVseh\\app\\Http\\Middleware\\UserStatus.php(23): Illuminate\\Pipeline\\Pipeline->Illuminate\\Pipeline\\{closure}()
#8 C:\\Soft\\OpenServer\\domains\\MirVseh\\vendor\\laravel\\framework\\src\\Illuminate\\Pipeline\\Pipeline.php(167): App\\Http\\Middleware\\UserStatus->handle()
#9 C:\\Soft\\OpenServer\\domains\\MirVseh\\vendor\\laravel\\framework\\src\\Illuminate\\Routing\\Middleware\\SubstituteBindings.php(41): Illuminate\\Pipeline\\Pipeline->Illuminate\\Pipeline\\{closure}()
#10 C:\\Soft\\OpenServer\\domains\\MirVseh\\vendor\\laravel\\framework\\src\\Illuminate\\Pipeline\\Pipeline.php(167): Illuminate\\Routing\\Middleware\\SubstituteBindings->handle()
#11 C:\\Soft\\OpenServer\\domains\\MirVseh\\vendor\\laravel\\framework\\src\\Illuminate\\Auth\\Middleware\\Authenticate.php(44): Illuminate\\Pipeline\\Pipeline->Illuminate\\Pipeline\\{closure}()
#12 C:\\Soft\\OpenServer\\domains\\MirVseh\\vendor\\laravel\\framework\\src\\Illuminate\\Pipeline\\Pipeline.php(167): Illuminate\\Auth\\Middleware\\Authenticate->handle()
#13 C:\\Soft\\OpenServer\\domains\\MirVseh\\vendor\\laravel\\framework\\src\\Illuminate\\Foundation\\Http\\Middleware\\VerifyCsrfToken.php(77): Illuminate\\Pipeline\\Pipeline->Illuminate\\Pipeline\\{closure}()
#14 C:\\Soft\\OpenServer\\domains\\MirVseh\\vendor\\laravel\\framework\\src\\Illuminate\\Pipeline\\Pipeline.php(167): Illuminate\\Foundation\\Http\\Middleware\\VerifyCsrfToken->handle()
#15 C:\\Soft\\OpenServer\\domains\\MirVseh\\vendor\\laravel\\framework\\src\\Illuminate\\View\\Middleware\\ShareErrorsFromSession.php(49): Illuminate\\Pipeline\\Pipeline->Illuminate\\Pipeline\\{closure}()
#16 C:\\Soft\\OpenServer\\domains\\MirVseh\\vendor\\laravel\\framework\\src\\Illuminate\\Pipeline\\Pipeline.php(167): Illuminate\\View\\Middleware\\ShareErrorsFromSession->handle()
#17 C:\\Soft\\OpenServer\\domains\\MirVseh\\vendor\\laravel\\framework\\src\\Illuminate\\Session\\Middleware\\StartSession.php(121): Illuminate\\Pipeline\\Pipeline->Illuminate\\Pipeline\\{closure}()
#18 C:\\Soft\\OpenServer\\domains\\MirVseh\\vendor\\laravel\\framework\\src\\Illuminate\\Session\\Middleware\\StartSession.php(63): Illuminate\\Session\\Middleware\\StartSession->handleStatefulRequest()
#19 C:\\Soft\\OpenServer\\domains\\MirVseh\\vendor\\laravel\\framework\\src\\Illuminate\\Pipeline\\Pipeline.php(167): Illuminate\\Session\\Middleware\\StartSession->handle()
#20 C:\\Soft\\OpenServer\\domains\\MirVseh\\vendor\\laravel\\framework\\src\\Illuminate\\Cookie\\Middleware\\AddQueuedCookiesToResponse.php(37): Illuminate\\Pipeline\\Pipeline->Illuminate\\Pipeline\\{closure}()
#21 C:\\Soft\\OpenServer\\domains\\MirVseh\\vendor\\laravel\\framework\\src\\Illuminate\\Pipeline\\Pipeline.php(167): Illuminate\\Cookie\\Middleware\\AddQueuedCookiesToResponse->handle()
#22 C:\\Soft\\OpenServer\\domains\\MirVseh\\vendor\\laravel\\framework\\src\\Illuminate\\Cookie\\Middleware\\EncryptCookies.php(67): Illuminate\\Pipeline\\Pipeline->Illuminate\\Pipeline\\{closure}()
#23 C:\\Soft\\OpenServer\\domains\\MirVseh\\vendor\\laravel\\framework\\src\\Illuminate\\Pipeline\\Pipeline.php(167): Illuminate\\Cookie\\Middleware\\EncryptCookies->handle()
#24 C:\\Soft\\OpenServer\\domains\\MirVseh\\vendor\\laravel\\framework\\src\\Illuminate\\Pipeline\\Pipeline.php(103): Illuminate\\Pipeline\\Pipeline->Illuminate\\Pipeline\\{closure}()
#25 C:\\Soft\\OpenServer\\domains\\MirVseh\\vendor\\laravel\\framework\\src\\Illuminate\\Routing\\Router.php(694): Illuminate\\Pipeline\\Pipeline->then()
#26 C:\\Soft\\OpenServer\\domains\\MirVseh\\vendor\\laravel\\framework\\src\\Illuminate\\Routing\\Router.php(669): Illuminate\\Routing\\Router->runRouteWithinStack()
#27 C:\\Soft\\OpenServer\\domains\\MirVseh\\vendor\\laravel\\framework\\src\\Illuminate\\Routing\\Router.php(635): Illuminate\\Routing\\Router->runRoute()
#28 C:\\Soft\\OpenServer\\domains\\MirVseh\\vendor\\laravel\\framework\\src\\Illuminate\\Routing\\Router.php(624): Illuminate\\Routing\\Router->dispatchToRoute()
#29 C:\\Soft\\OpenServer\\domains\\MirVseh\\vendor\\laravel\\framework\\src\\Illuminate\\Foundation\\Http\\Kernel.php(166): Illuminate\\Routing\\Router->dispatch()
#30 C:\\Soft\\OpenServer\\domains\\MirVseh\\vendor\\laravel\\framework\\src\\Illuminate\\Pipeline\\Pipeline.php(128): Illuminate\\Foundation\\Http\\Kernel->Illuminate\\Foundation\\Http\\{closure}()
#31 C:\\Soft\\OpenServer\\domains\\MirVseh\\vendor\\laravel\\framework\\src\\Illuminate\\Foundation\\Http\\Middleware\\TransformsRequest.php(21): Illuminate\\Pipeline\\Pipeline->Illuminate\\Pipeline\\{closure}()
#32 C:\\Soft\\OpenServer\\domains\\MirVseh\\vendor\\laravel\\framework\\src\\Illuminate\\Pipeline\\Pipeline.php(167): Illuminate\\Foundation\\Http\\Middleware\\TransformsRequest->handle()
#33 C:\\Soft\\OpenServer\\domains\\MirVseh\\vendor\\laravel\\framework\\src\\Illuminate\\Foundation\\Http\\Middleware\\TransformsRequest.php(21): Illuminate\\Pipeline\\Pipeline->Illuminate\\Pipeline\\{closure}()
#34 C:\\Soft\\OpenServer\\domains\\MirVseh\\vendor\\laravel\\framework\\src\\Illuminate\\Pipeline\\Pipeline.php(167): Illuminate\\Foundation\\Http\\Middleware\\TransformsRequest->handle()
#35 C:\\Soft\\OpenServer\\domains\\MirVseh\\vendor\\laravel\\framework\\src\\Illuminate\\Foundation\\Http\\Middleware\\ValidatePostSize.php(27): Illuminate\\Pipeline\\Pipeline->Illuminate\\Pipeline\\{closure}()
#36 C:\\Soft\\OpenServer\\domains\\MirVseh\\vendor\\laravel\\framework\\src\\Illuminate\\Pipeline\\Pipeline.php(167): Illuminate\\Foundation\\Http\\Middleware\\ValidatePostSize->handle()
#37 C:\\Soft\\OpenServer\\domains\\MirVseh\\vendor\\laravel\\framework\\src\\Illuminate\\Foundation\\Http\\Middleware\\PreventRequestsDuringMaintenance.php(87): Illuminate\\Pipeline\\Pipeline->Illuminate\\Pipeline\\{closure}()
#38 C:\\Soft\\OpenServer\\domains\\MirVseh\\vendor\\laravel\\framework\\src\\Illuminate\\Pipeline\\Pipeline.php(167): Illuminate\\Foundation\\Http\\Middleware\\PreventRequestsDuringMaintenance->handle()
#39 C:\\Soft\\OpenServer\\domains\\MirVseh\\vendor\\fideloper\\proxy\\src\\TrustProxies.php(57): Illuminate\\Pipeline\\Pipeline->Illuminate\\Pipeline\\{closure}()
#40 C:\\Soft\\OpenServer\\domains\\MirVseh\\vendor\\laravel\\framework\\src\\Illuminate\\Pipeline\\Pipeline.php(167): Fideloper\\Proxy\\TrustProxies->handle()
#41 C:\\Soft\\OpenServer\\domains\\MirVseh\\app\\Http\\Middleware\\VerifyInstallation.php(22): Illuminate\\Pipeline\\Pipeline->Illuminate\\Pipeline\\{closure}()
#42 C:\\Soft\\OpenServer\\domains\\MirVseh\\vendor\\laravel\\framework\\src\\Illuminate\\Pipeline\\Pipeline.php(167): App\\Http\\Middleware\\VerifyInstallation->handle()
#43 C:\\Soft\\OpenServer\\domains\\MirVseh\\app\\Http\\Middleware\\VerifyEnv.php(22): Illuminate\\Pipeline\\Pipeline->Illuminate\\Pipeline\\{closure}()
#44 C:\\Soft\\OpenServer\\domains\\MirVseh\\vendor\\laravel\\framework\\src\\Illuminate\\Pipeline\\Pipeline.php(167): App\\Http\\Middleware\\VerifyEnv->handle()
#45 C:\\Soft\\OpenServer\\domains\\MirVseh\\vendor\\laravel\\framework\\src\\Illuminate\\Pipeline\\Pipeline.php(103): Illuminate\\Pipeline\\Pipeline->Illuminate\\Pipeline\\{closure}()
#46 C:\\Soft\\OpenServer\\domains\\MirVseh\\vendor\\laravel\\framework\\src\\Illuminate\\Foundation\\Http\\Kernel.php(141): Illuminate\\Pipeline\\Pipeline->then()
#47 C:\\Soft\\OpenServer\\domains\\MirVseh\\vendor\\laravel\\framework\\src\\Illuminate\\Foundation\\Http\\Kernel.php(110): Illuminate\\Foundation\\Http\\Kernel->sendRequestThroughRouter()
#48 C:\\Soft\\OpenServer\\domains\\MirVseh\\public\\index.php(55): Illuminate\\Foundation\\Http\\Kernel->handle()
#49 C:\\Soft\\OpenServer\\domains\\MirVseh\\server.php(21): require_once('C:\\\\Soft\\\\OpenSer...')
#50 {main}
"} 
[2021-10-10 02:31:13] local.INFO: test  
[2021-10-10 02:31:13] local.ERROR: Use of undefined constant afsdlkjasdf - assumed 'afsdlkjasdf' (this will throw an Error in a future version of PHP) {"userId":1,"exception":"[object] (ErrorException(code: 0): Use of undefined constant afsdlkjasdf - assumed 'afsdlkjasdf' (this will throw an Error in a future version of PHP) at C:\\Soft\\OpenServer\\domains\\MirVseh\\app\\Http\\Controllers\\FileController.php:122)
[stacktrace]
#0 C:\\Soft\\OpenServer\\domains\\MirVseh\\app\\Http\\Controllers\\FileController.php(122): Illuminate\\Foundation\\Bootstrap\\HandleExceptions->handleError()
#1 C:\\Soft\\OpenServer\\domains\\MirVseh\outes\\web.php(376): App\\Http\\Controllers\\FileController->show()
#2 C:\\Soft\\OpenServer\\domains\\MirVseh\\vendor\\laravel\\framework\\src\\Illuminate\\Routing\\Route.php(230): Illuminate\\Routing\\RouteFileRegistrar->{closure}()
#3 C:\\Soft\\OpenServer\\domains\\MirVseh\\vendor\\laravel\\framework\\src\\Illuminate\\Routing\\Route.php(200): Illuminate\\Routing\\Route->runCallable()
#4 C:\\Soft\\OpenServer\\domains\\MirVseh\\vendor\\laravel\\framework\\src\\Illuminate\\Routing\\Router.php(692): Illuminate\\Routing\\Route->run()
#5 C:\\Soft\\OpenServer\\domains\\MirVseh\\vendor\\laravel\\framework\\src\\Illuminate\\Pipeline\\Pipeline.php(128): Illuminate\\Routing\\Router->Illuminate\\Routing\\{closure}()
#6 C:\\Soft\\OpenServer\\domains\\MirVseh\\vendor\\uxweb\\sweet-alert\\src\\SweetAlert\\ConvertMessagesIntoSweetAlert.php(49): Illuminate\\Pipeline\\Pipeline->Illuminate\\Pipeline\\{closure}()
#7 C:\\Soft\\OpenServer\\domains\\MirVseh\\vendor\\laravel\\framework\\src\\Illuminate\\Pipeline\\Pipeline.php(167): UxWeb\\SweetAlert\\ConvertMessagesIntoSweetAlert->handle()
#8 C:\\Soft\\OpenServer\\domains\\MirVseh\\app\\Http\\Middleware\\UserStatus.php(23): Illuminate\\Pipeline\\Pipeline->Illuminate\\Pipeline\\{closure}()
#9 C:\\Soft\\OpenServer\\domains\\MirVseh\\vendor\\laravel\\framework\\src\\Illuminate\\Pipeline\\Pipeline.php(167): App\\Http\\Middleware\\UserStatus->handle()
#10 C:\\Soft\\OpenServer\\domains\\MirVseh\\vendor\\laravel\\framework\\src\\Illuminate\\Routing\\Middleware\\SubstituteBindings.php(41): Illuminate\\Pipeline\\Pipeline->Illuminate\\Pipeline\\{closure}()
#11 C:\\Soft\\OpenServer\\domains\\MirVseh\\vendor\\laravel\\framework\\src\\Illuminate\\Pipeline\\Pipeline.php(167): Illuminate\\Routing\\Middleware\\SubstituteBindings->handle()
#12 C:\\Soft\\OpenServer\\domains\\MirVseh\\vendor\\laravel\\framework\\src\\Illuminate\\Auth\\Middleware\\Authenticate.php(44): Illuminate\\Pipeline\\Pipeline->Illuminate\\Pipeline\\{closure}()
#13 C:\\Soft\\OpenServer\\domains\\MirVseh\\vendor\\laravel\\framework\\src\\Illuminate\\Pipeline\\Pipeline.php(167): Illuminate\\Auth\\Middleware\\Authenticate->handle()
#14 C:\\Soft\\OpenServer\\domains\\MirVseh\\vendor\\laravel\\framework\\src\\Illuminate\\Foundation\\Http\\Middleware\\VerifyCsrfToken.php(77): Illuminate\\Pipeline\\Pipeline->Illuminate\\Pipeline\\{closure}()
#15 C:\\Soft\\OpenServer\\domains\\MirVseh\\vendor\\laravel\\framework\\src\\Illuminate\\Pipeline\\Pipeline.php(167): Illuminate\\Foundation\\Http\\Middleware\\VerifyCsrfToken->handle()
#16 C:\\Soft\\OpenServer\\domains\\MirVseh\\vendor\\laravel\\framework\\src\\Illuminate\\View\\Middleware\\ShareErrorsFromSession.php(49): Illuminate\\Pipeline\\Pipeline->Illuminate\\Pipeline\\{closure}()
#17 C:\\Soft\\OpenServer\\domains\\MirVseh\\vendor\\laravel\\framework\\src\\Illuminate\\Pipeline\\Pipeline.php(167): Illuminate\\View\\Middleware\\ShareErrorsFromSession->handle()
#18 C:\\Soft\\OpenServer\\domains\\MirVseh\\vendor\\laravel\\framework\\src\\Illuminate\\Session\\Middleware\\StartSession.php(121): Illuminate\\Pipeline\\Pipeline->Illuminate\\Pipeline\\{closure}()
#19 C:\\Soft\\OpenServer\\domains\\MirVseh\\vendor\\laravel\\framework\\src\\Illuminate\\Session\\Middleware\\StartSession.php(63): Illuminate\\Session\\Middleware\\StartSession->handleStatefulRequest()
#20 C:\\Soft\\OpenServer\\domains\\MirVseh\\vendor\\laravel\\framework\\src\\Illuminate\\Pipeline\\Pipeline.php(167): Illuminate\\Session\\Middleware\\StartSession->handle()
#21 C:\\Soft\\OpenServer\\domains\\MirVseh\\vendor\\laravel\\framework\\src\\Illuminate\\Cookie\\Middleware\\AddQueuedCookiesToResponse.php(37): Illuminate\\Pipeline\\Pipeline->Illuminate\\Pipeline\\{closure}()
#22 C:\\Soft\\OpenServer\\domains\\MirVseh\\vendor\\laravel\\framework\\src\\Illuminate\\Pipeline\\Pipeline.php(167): Illuminate\\Cookie\\Middleware\\AddQueuedCookiesToResponse->handle()
#23 C:\\Soft\\OpenServer\\domains\\MirVseh\\vendor\\laravel\\framework\\src\\Illuminate\\Cookie\\Middleware\\EncryptCookies.php(67): Illuminate\\Pipeline\\Pipeline->Illuminate\\Pipeline\\{closure}()
#24 C:\\Soft\\OpenServer\\domains\\MirVseh\\vendor\\laravel\\framework\\src\\Illuminate\\Pipeline\\Pipeline.php(167): Illuminate\\Cookie\\Middleware\\EncryptCookies->handle()
#25 C:\\Soft\\OpenServer\\domains\\MirVseh\\vendor\\laravel\\framework\\src\\Illuminate\\Pipeline\\Pipeline.php(103): Illuminate\\Pipeline\\Pipeline->Illuminate\\Pipeline\\{closure}()
#26 C:\\Soft\\OpenServer\\domains\\MirVseh\\vendor\\laravel\\framework\\src\\Illuminate\\Routing\\Router.php(694): Illuminate\\Pipeline\\Pipeline->then()
#27 C:\\Soft\\OpenServer\\domains\\MirVseh\\vendor\\laravel\\framework\\src\\Illuminate\\Routing\\Router.php(669): Illuminate\\Routing\\Router->runRouteWithinStack()
#28 C:\\Soft\\OpenServer\\domains\\MirVseh\\vendor\\laravel\\framework\\src\\Illuminate\\Routing\\Router.php(635): Illuminate\\Routing\\Router->runRoute()
#29 C:\\Soft\\OpenServer\\domains\\MirVseh\\vendor\\laravel\\framework\\src\\Illuminate\\Routing\\Router.php(624): Illuminate\\Routing\\Router->dispatchToRoute()
#30 C:\\Soft\\OpenServer\\domains\\MirVseh\\vendor\\laravel\\framework\\src\\Illuminate\\Foundation\\Http\\Kernel.php(166): Illuminate\\Routing\\Router->dispatch()
#31 C:\\Soft\\OpenServer\\domains\\MirVseh\\vendor\\laravel\\framework\\src\\Illuminate\\Pipeline\\Pipeline.php(128): Illuminate\\Foundation\\Http\\Kernel->Illuminate\\Foundation\\Http\\{closure}()
#32 C:\\Soft\\OpenServer\\domains\\MirVseh\\vendor\\laravel\\framework\\src\\Illuminate\\Foundation\\Http\\Middleware\\TransformsRequest.php(21): Illuminate\\Pipeline\\Pipeline->Illuminate\\Pipeline\\{closure}()
#33 C:\\Soft\\OpenServer\\domains\\MirVseh\\vendor\\laravel\\framework\\src\\Illuminate\\Pipeline\\Pipeline.php(167): Illuminate\\Foundation\\Http\\Middleware\\TransformsRequest->handle()
#34 C:\\Soft\\OpenServer\\domains\\MirVseh\\vendor\\laravel\\framework\\src\\Illuminate\\Foundation\\Http\\Middleware\\TransformsRequest.php(21): Illuminate\\Pipeline\\Pipeline->Illuminate\\Pipeline\\{closure}()
#35 C:\\Soft\\OpenServer\\domains\\MirVseh\\vendor\\laravel\\framework\\src\\Illuminate\\Pipeline\\Pipeline.php(167): Illuminate\\Foundation\\Http\\Middleware\\TransformsRequest->handle()
#36 C:\\Soft\\OpenServer\\domains\\MirVseh\\vendor\\laravel\\framework\\src\\Illuminate\\Foundation\\Http\\Middleware\\ValidatePostSize.php(27): Illuminate\\Pipeline\\Pipeline->Illuminate\\Pipeline\\{closure}()
#37 C:\\Soft\\OpenServer\\domains\\MirVseh\\vendor\\laravel\\framework\\src\\Illuminate\\Pipeline\\Pipeline.php(167): Illuminate\\Foundation\\Http\\Middleware\\ValidatePostSize->handle()
#38 C:\\Soft\\OpenServer\\domains\\MirVseh\\vendor\\laravel\\framework\\src\\Illuminate\\Foundation\\Http\\Middleware\\PreventRequestsDuringMaintenance.php(87): Illuminate\\Pipeline\\Pipeline->Illuminate\\Pipeline\\{closure}()
#39 C:\\Soft\\OpenServer\\domains\\MirVseh\\vendor\\laravel\\framework\\src\\Illuminate\\Pipeline\\Pipeline.php(167): Illuminate\\Foundation\\Http\\Middleware\\PreventRequestsDuringMaintenance->handle()
#40 C:\\Soft\\OpenServer\\domains\\MirVseh\\vendor\\fideloper\\proxy\\src\\TrustProxies.php(57): Illuminate\\Pipeline\\Pipeline->Illuminate\\Pipeline\\{closure}()
#41 C:\\Soft\\OpenServer\\domains\\MirVseh\\vendor\\laravel\\framework\\src\\Illuminate\\Pipeline\\Pipeline.php(167): Fideloper\\Proxy\\TrustProxies->handle()
#42 C:\\Soft\\OpenServer\\domains\\MirVseh\\app\\Http\\Middleware\\VerifyInstallation.php(22): Illuminate\\Pipeline\\Pipeline->Illuminate\\Pipeline\\{closure}()
#43 C:\\Soft\\OpenServer\\domains\\MirVseh\\vendor\\laravel\\framework\\src\\Illuminate\\Pipeline\\Pipeline.php(167): App\\Http\\Middleware\\VerifyInstallation->handle()
#44 C:\\Soft\\OpenServer\\domains\\MirVseh\\app\\Http\\Middleware\\VerifyEnv.php(22): Illuminate\\Pipeline\\Pipeline->Illuminate\\Pipeline\\{closure}()
#45 C:\\Soft\\OpenServer\\domains\\MirVseh\\vendor\\laravel\\framework\\src\\Illuminate\\Pipeline\\Pipeline.php(167): App\\Http\\Middleware\\VerifyEnv->handle()
#46 C:\\Soft\\OpenServer\\domains\\MirVseh\\vendor\\laravel\\framework\\src\\Illuminate\\Pipeline\\Pipeline.php(103): Illuminate\\Pipeline\\Pipeline->Illuminate\\Pipeline\\{closure}()
#47 C:\\Soft\\OpenServer\\domains\\MirVseh\\vendor\\laravel\\framework\\src\\Illuminate\\Foundation\\Http\\Kernel.php(141): Illuminate\\Pipeline\\Pipeline->then()
#48 C:\\Soft\\OpenServer\\domains\\MirVseh\\vendor\\laravel\\framework\\src\\Illuminate\\Foundation\\Http\\Kernel.php(110): Illuminate\\Foundation\\Http\\Kernel->sendRequestThroughRouter()
#49 C:\\Soft\\OpenServer\\domains\\MirVseh\\public\\index.php(55): Illuminate\\Foundation\\Http\\Kernel->handle()
#50 C:\\Soft\\OpenServer\\domains\\MirVseh\\server.php(21): require_once('C:\\\\Soft\\\\OpenSer...')
#51 {main}
"} 
[2021-10-10 02:31:20] local.INFO: test  
[2021-10-10 02:31:20] local.ERROR: Use of undefined constant afsdlkjasdf - assumed 'afsdlkjasdf' (this will throw an Error in a future version of PHP) {"userId":1,"exception":"[object] (ErrorException(code: 0): Use of undefined constant afsdlkjasdf - assumed 'afsdlkjasdf' (this will throw an Error in a future version of PHP) at C:\\Soft\\OpenServer\\domains\\MirVseh\\app\\Http\\Controllers\\FileController.php:122)
[stacktrace]
#0 C:\\Soft\\OpenServer\\domains\\MirVseh\\app\\Http\\Controllers\\FileController.php(122): Illuminate\\Foundation\\Bootstrap\\HandleExceptions->handleError()
#1 C:\\Soft\\OpenServer\\domains\\MirVseh\outes\\web.php(376): App\\Http\\Controllers\\FileController->show()
#2 C:\\Soft\\OpenServer\\domains\\MirVseh\\vendor\\laravel\\framework\\src\\Illuminate\\Routing\\Route.php(230): Illuminate\\Routing\\RouteFileRegistrar->{closure}()
#3 C:\\Soft\\OpenServer\\domains\\MirVseh\\vendor\\laravel\\framework\\src\\Illuminate\\Routing\\Route.php(200): Illuminate\\Routing\\Route->runCallable()
#4 C:\\Soft\\OpenServer\\domains\\MirVseh\\vendor\\laravel\\framework\\src\\Illuminate\\Routing\\Router.php(692): Illuminate\\Routing\\Route->run()
#5 C:\\Soft\\OpenServer\\domains\\MirVseh\\vendor\\laravel\\framework\\src\\Illuminate\\Pipeline\\Pipeline.php(128): Illuminate\\Routing\\Router->Illuminate\\Routing\\{closure}()
#6 C:\\Soft\\OpenServer\\domains\\MirVseh\\vendor\\uxweb\\sweet-alert\\src\\SweetAlert\\ConvertMessagesIntoSweetAlert.php(49): Illuminate\\Pipeline\\Pipeline->Illuminate\\Pipeline\\{closure}()
#7 C:\\Soft\\OpenServer\\domains\\MirVseh\\vendor\\laravel\\framework\\src\\Illuminate\\Pipeline\\Pipeline.php(167): UxWeb\\SweetAlert\\ConvertMessagesIntoSweetAlert->handle()
#8 C:\\Soft\\OpenServer\\domains\\MirVseh\\app\\Http\\Middleware\\UserStatus.php(23): Illuminate\\Pipeline\\Pipeline->Illuminate\\Pipeline\\{closure}()
#9 C:\\Soft\\OpenServer\\domains\\MirVseh\\vendor\\laravel\\framework\\src\\Illuminate\\Pipeline\\Pipeline.php(167): App\\Http\\Middleware\\UserStatus->handle()
#10 C:\\Soft\\OpenServer\\domains\\MirVseh\\vendor\\laravel\\framework\\src\\Illuminate\\Routing\\Middleware\\SubstituteBindings.php(41): Illuminate\\Pipeline\\Pipeline->Illuminate\\Pipeline\\{closure}()
#11 C:\\Soft\\OpenServer\\domains\\MirVseh\\vendor\\laravel\\framework\\src\\Illuminate\\Pipeline\\Pipeline.php(167): Illuminate\\Routing\\Middleware\\SubstituteBindings->handle()
#12 C:\\Soft\\OpenServer\\domains\\MirVseh\\vendor\\laravel\\framework\\src\\Illuminate\\Auth\\Middleware\\Authenticate.php(44): Illuminate\\Pipeline\\Pipeline->Illuminate\\Pipeline\\{closure}()
#13 C:\\Soft\\OpenServer\\domains\\MirVseh\\vendor\\laravel\\framework\\src\\Illuminate\\Pipeline\\Pipeline.php(167): Illuminate\\Auth\\Middleware\\Authenticate->handle()
#14 C:\\Soft\\OpenServer\\domains\\MirVseh\\vendor\\laravel\\framework\\src\\Illuminate\\Foundation\\Http\\Middleware\\VerifyCsrfToken.php(77): Illuminate\\Pipeline\\Pipeline->Illuminate\\Pipeline\\{closure}()
#15 C:\\Soft\\OpenServer\\domains\\MirVseh\\vendor\\laravel\\framework\\src\\Illuminate\\Pipeline\\Pipeline.php(167): Illuminate\\Foundation\\Http\\Middleware\\VerifyCsrfToken->handle()
#16 C:\\Soft\\OpenServer\\domains\\MirVseh\\vendor\\laravel\\framework\\src\\Illuminate\\View\\Middleware\\ShareErrorsFromSession.php(49): Illuminate\\Pipeline\\Pipeline->Illuminate\\Pipeline\\{closure}()
#17 C:\\Soft\\OpenServer\\domains\\MirVseh\\vendor\\laravel\\framework\\src\\Illuminate\\Pipeline\\Pipeline.php(167): Illuminate\\View\\Middleware\\ShareErrorsFromSession->handle()
#18 C:\\Soft\\OpenServer\\domains\\MirVseh\\vendor\\laravel\\framework\\src\\Illuminate\\Session\\Middleware\\StartSession.php(121): Illuminate\\Pipeline\\Pipeline->Illuminate\\Pipeline\\{closure}()
#19 C:\\Soft\\OpenServer\\domains\\MirVseh\\vendor\\laravel\\framework\\src\\Illuminate\\Session\\Middleware\\StartSession.php(63): Illuminate\\Session\\Middleware\\StartSession->handleStatefulRequest()
#20 C:\\Soft\\OpenServer\\domains\\MirVseh\\vendor\\laravel\\framework\\src\\Illuminate\\Pipeline\\Pipeline.php(167): Illuminate\\Session\\Middleware\\StartSession->handle()
#21 C:\\Soft\\OpenServer\\domains\\MirVseh\\vendor\\laravel\\framework\\src\\Illuminate\\Cookie\\Middleware\\AddQueuedCookiesToResponse.php(37): Illuminate\\Pipeline\\Pipeline->Illuminate\\Pipeline\\{closure}()
#22 C:\\Soft\\OpenServer\\domains\\MirVseh\\vendor\\laravel\\framework\\src\\Illuminate\\Pipeline\\Pipeline.php(167): Illuminate\\Cookie\\Middleware\\AddQueuedCookiesToResponse->handle()
#23 C:\\Soft\\OpenServer\\domains\\MirVseh\\vendor\\laravel\\framework\\src\\Illuminate\\Cookie\\Middleware\\EncryptCookies.php(67): Illuminate\\Pipeline\\Pipeline->Illuminate\\Pipeline\\{closure}()
#24 C:\\Soft\\OpenServer\\domains\\MirVseh\\vendor\\laravel\\framework\\src\\Illuminate\\Pipeline\\Pipeline.php(167): Illuminate\\Cookie\\Middleware\\EncryptCookies->handle()
#25 C:\\Soft\\OpenServer\\domains\\MirVseh\\vendor\\laravel\\framework\\src\\Illuminate\\Pipeline\\Pipeline.php(103): Illuminate\\Pipeline\\Pipeline->Illuminate\\Pipeline\\{closure}()
#26 C:\\Soft\\OpenServer\\domains\\MirVseh\\vendor\\laravel\\framework\\src\\Illuminate\\Routing\\Router.php(694): Illuminate\\Pipeline\\Pipeline->then()
#27 C:\\Soft\\OpenServer\\domains\\MirVseh\\vendor\\laravel\\framework\\src\\Illuminate\\Routing\\Router.php(669): Illuminate\\Routing\\Router->runRouteWithinStack()
#28 C:\\Soft\\OpenServer\\domains\\MirVseh\\vendor\\laravel\\framework\\src\\Illuminate\\Routing\\Router.php(635): Illuminate\\Routing\\Router->runRoute()
#29 C:\\Soft\\OpenServer\\domains\\MirVseh\\vendor\\laravel\\framework\\src\\Illuminate\\Routing\\Router.php(624): Illuminate\\Routing\\Router->dispatchToRoute()
#30 C:\\Soft\\OpenServer\\domains\\MirVseh\\vendor\\laravel\\framework\\src\\Illuminate\\Foundation\\Http\\Kernel.php(166): Illuminate\\Routing\\Router->dispatch()
#31 C:\\Soft\\OpenServer\\domains\\MirVseh\\vendor\\laravel\\framework\\src\\Illuminate\\Pipeline\\Pipeline.php(128): Illuminate\\Foundation\\Http\\Kernel->Illuminate\\Foundation\\Http\\{closure}()
#32 C:\\Soft\\OpenServer\\domains\\MirVseh\\vendor\\laravel\\framework\\src\\Illuminate\\Foundation\\Http\\Middleware\\TransformsRequest.php(21): Illuminate\\Pipeline\\Pipeline->Illuminate\\Pipeline\\{closure}()
#33 C:\\Soft\\OpenServer\\domains\\MirVseh\\vendor\\laravel\\framework\\src\\Illuminate\\Pipeline\\Pipeline.php(167): Illuminate\\Foundation\\Http\\Middleware\\TransformsRequest->handle()
#34 C:\\Soft\\OpenServer\\domains\\MirVseh\\vendor\\laravel\\framework\\src\\Illuminate\\Foundation\\Http\\Middleware\\TransformsRequest.php(21): Illuminate\\Pipeline\\Pipeline->Illuminate\\Pipeline\\{closure}()
#35 C:\\Soft\\OpenServer\\domains\\MirVseh\\vendor\\laravel\\framework\\src\\Illuminate\\Pipeline\\Pipeline.php(167): Illuminate\\Foundation\\Http\\Middleware\\TransformsRequest->handle()
#36 C:\\Soft\\OpenServer\\domains\\MirVseh\\vendor\\laravel\\framework\\src\\Illuminate\\Foundation\\Http\\Middleware\\ValidatePostSize.php(27): Illuminate\\Pipeline\\Pipeline->Illuminate\\Pipeline\\{closure}()
#37 C:\\Soft\\OpenServer\\domains\\MirVseh\\vendor\\laravel\\framework\\src\\Illuminate\\Pipeline\\Pipeline.php(167): Illuminate\\Foundation\\Http\\Middleware\\ValidatePostSize->handle()
#38 C:\\Soft\\OpenServer\\domains\\MirVseh\\vendor\\laravel\\framework\\src\\Illuminate\\Foundation\\Http\\Middleware\\PreventRequestsDuringMaintenance.php(87): Illuminate\\Pipeline\\Pipeline->Illuminate\\Pipeline\\{closure}()
#39 C:\\Soft\\OpenServer\\domains\\MirVseh\\vendor\\laravel\\framework\\src\\Illuminate\\Pipeline\\Pipeline.php(167): Illuminate\\Foundation\\Http\\Middleware\\PreventRequestsDuringMaintenance->handle()
#40 C:\\Soft\\OpenServer\\domains\\MirVseh\\vendor\\fideloper\\proxy\\src\\TrustProxies.php(57): Illuminate\\Pipeline\\Pipeline->Illuminate\\Pipeline\\{closure}()
#41 C:\\Soft\\OpenServer\\domains\\MirVseh\\vendor\\laravel\\framework\\src\\Illuminate\\Pipeline\\Pipeline.php(167): Fideloper\\Proxy\\TrustProxies->handle()
#42 C:\\Soft\\OpenServer\\domains\\MirVseh\\app\\Http\\Middleware\\VerifyInstallation.php(22): Illuminate\\Pipeline\\Pipeline->Illuminate\\Pipeline\\{closure}()
#43 C:\\Soft\\OpenServer\\domains\\MirVseh\\vendor\\laravel\\framework\\src\\Illuminate\\Pipeline\\Pipeline.php(167): App\\Http\\Middleware\\VerifyInstallation->handle()
#44 C:\\Soft\\OpenServer\\domains\\MirVseh\\app\\Http\\Middleware\\VerifyEnv.php(22): Illuminate\\Pipeline\\Pipeline->Illuminate\\Pipeline\\{closure}()
#45 C:\\Soft\\OpenServer\\domains\\MirVseh\\vendor\\laravel\\framework\\src\\Illuminate\\Pipeline\\Pipeline.php(167): App\\Http\\Middleware\\VerifyEnv->handle()
#46 C:\\Soft\\OpenServer\\domains\\MirVseh\\vendor\\laravel\\framework\\src\\Illuminate\\Pipeline\\Pipeline.php(103): Illuminate\\Pipeline\\Pipeline->Illuminate\\Pipeline\\{closure}()
#47 C:\\Soft\\OpenServer\\domains\\MirVseh\\vendor\\laravel\\framework\\src\\Illuminate\\Foundation\\Http\\Kernel.php(141): Illuminate\\Pipeline\\Pipeline->then()
#48 C:\\Soft\\OpenServer\\domains\\MirVseh\\vendor\\laravel\\framework\\src\\Illuminate\\Foundation\\Http\\Kernel.php(110): Illuminate\\Foundation\\Http\\Kernel->sendRequestThroughRouter()
#49 C:\\Soft\\OpenServer\\domains\\MirVseh\\public\\index.php(55): Illuminate\\Foundation\\Http\\Kernel->handle()
#50 C:\\Soft\\OpenServer\\domains\\MirVseh\\server.php(21): require_once('C:\\\\Soft\\\\OpenSer...')
#51 {main}
"} 
[2021-10-10 02:31:54] local.INFO: Array
(
    [1] => Новая папка дела
    [2] => 444
    [3] => Тестовая папка
    [4] => Глубинная папка
    [5] => wallpaper.jpg
)
  
[2021-10-10 02:31:54] local.ERROR: Use of undefined constant afsdlkjasdf - assumed 'afsdlkjasdf' (this will throw an Error in a future version of PHP) {"userId":1,"exception":"[object] (ErrorException(code: 0): Use of undefined constant afsdlkjasdf - assumed 'afsdlkjasdf' (this will throw an Error in a future version of PHP) at C:\\Soft\\OpenServer\\domains\\MirVseh\\app\\Http\\Controllers\\FileController.php:133)
[stacktrace]
#0 C:\\Soft\\OpenServer\\domains\\MirVseh\\app\\Http\\Controllers\\FileController.php(133): Illuminate\\Foundation\\Bootstrap\\HandleExceptions->handleError()
#1 C:\\Soft\\OpenServer\\domains\\MirVseh\outes\\web.php(376): App\\Http\\Controllers\\FileController->show()
#2 C:\\Soft\\OpenServer\\domains\\MirVseh\\vendor\\laravel\\framework\\src\\Illuminate\\Routing\\Route.php(230): Illuminate\\Routing\\RouteFileRegistrar->{closure}()
#3 C:\\Soft\\OpenServer\\domains\\MirVseh\\vendor\\laravel\\framework\\src\\Illuminate\\Routing\\Route.php(200): Illuminate\\Routing\\Route->runCallable()
#4 C:\\Soft\\OpenServer\\domains\\MirVseh\\vendor\\laravel\\framework\\src\\Illuminate\\Routing\\Router.php(692): Illuminate\\Routing\\Route->run()
#5 C:\\Soft\\OpenServer\\domains\\MirVseh\\vendor\\laravel\\framework\\src\\Illuminate\\Pipeline\\Pipeline.php(128): Illuminate\\Routing\\Router->Illuminate\\Routing\\{closure}()
#6 C:\\Soft\\OpenServer\\domains\\MirVseh\\vendor\\uxweb\\sweet-alert\\src\\SweetAlert\\ConvertMessagesIntoSweetAlert.php(49): Illuminate\\Pipeline\\Pipeline->Illuminate\\Pipeline\\{closure}()
#7 C:\\Soft\\OpenServer\\domains\\MirVseh\\vendor\\laravel\\framework\\src\\Illuminate\\Pipeline\\Pipeline.php(167): UxWeb\\SweetAlert\\ConvertMessagesIntoSweetAlert->handle()
#8 C:\\Soft\\OpenServer\\domains\\MirVseh\\app\\Http\\Middleware\\UserStatus.php(23): Illuminate\\Pipeline\\Pipeline->Illuminate\\Pipeline\\{closure}()
#9 C:\\Soft\\OpenServer\\domains\\MirVseh\\vendor\\laravel\\framework\\src\\Illuminate\\Pipeline\\Pipeline.php(167): App\\Http\\Middleware\\UserStatus->handle()
#10 C:\\Soft\\OpenServer\\domains\\MirVseh\\vendor\\laravel\\framework\\src\\Illuminate\\Routing\\Middleware\\SubstituteBindings.php(41): Illuminate\\Pipeline\\Pipeline->Illuminate\\Pipeline\\{closure}()
#11 C:\\Soft\\OpenServer\\domains\\MirVseh\\vendor\\laravel\\framework\\src\\Illuminate\\Pipeline\\Pipeline.php(167): Illuminate\\Routing\\Middleware\\SubstituteBindings->handle()
#12 C:\\Soft\\OpenServer\\domains\\MirVseh\\vendor\\laravel\\framework\\src\\Illuminate\\Auth\\Middleware\\Authenticate.php(44): Illuminate\\Pipeline\\Pipeline->Illuminate\\Pipeline\\{closure}()
#13 C:\\Soft\\OpenServer\\domains\\MirVseh\\vendor\\laravel\\framework\\src\\Illuminate\\Pipeline\\Pipeline.php(167): Illuminate\\Auth\\Middleware\\Authenticate->handle()
#14 C:\\Soft\\OpenServer\\domains\\MirVseh\\vendor\\laravel\\framework\\src\\Illuminate\\Foundation\\Http\\Middleware\\VerifyCsrfToken.php(77): Illuminate\\Pipeline\\Pipeline->Illuminate\\Pipeline\\{closure}()
#15 C:\\Soft\\OpenServer\\domains\\MirVseh\\vendor\\laravel\\framework\\src\\Illuminate\\Pipeline\\Pipeline.php(167): Illuminate\\Foundation\\Http\\Middleware\\VerifyCsrfToken->handle()
#16 C:\\Soft\\OpenServer\\domains\\MirVseh\\vendor\\laravel\\framework\\src\\Illuminate\\View\\Middleware\\ShareErrorsFromSession.php(49): Illuminate\\Pipeline\\Pipeline->Illuminate\\Pipeline\\{closure}()
#17 C:\\Soft\\OpenServer\\domains\\MirVseh\\vendor\\laravel\\framework\\src\\Illuminate\\Pipeline\\Pipeline.php(167): Illuminate\\View\\Middleware\\ShareErrorsFromSession->handle()
#18 C:\\Soft\\OpenServer\\domains\\MirVseh\\vendor\\laravel\\framework\\src\\Illuminate\\Session\\Middleware\\StartSession.php(121): Illuminate\\Pipeline\\Pipeline->Illuminate\\Pipeline\\{closure}()
#19 C:\\Soft\\OpenServer\\domains\\MirVseh\\vendor\\laravel\\framework\\src\\Illuminate\\Session\\Middleware\\StartSession.php(63): Illuminate\\Session\\Middleware\\StartSession->handleStatefulRequest()
#20 C:\\Soft\\OpenServer\\domains\\MirVseh\\vendor\\laravel\\framework\\src\\Illuminate\\Pipeline\\Pipeline.php(167): Illuminate\\Session\\Middleware\\StartSession->handle()
#21 C:\\Soft\\OpenServer\\domains\\MirVseh\\vendor\\laravel\\framework\\src\\Illuminate\\Cookie\\Middleware\\AddQueuedCookiesToResponse.php(37): Illuminate\\Pipeline\\Pipeline->Illuminate\\Pipeline\\{closure}()
#22 C:\\Soft\\OpenServer\\domains\\MirVseh\\vendor\\laravel\\framework\\src\\Illuminate\\Pipeline\\Pipeline.php(167): Illuminate\\Cookie\\Middleware\\AddQueuedCookiesToResponse->handle()
#23 C:\\Soft\\OpenServer\\domains\\MirVseh\\vendor\\laravel\\framework\\src\\Illuminate\\Cookie\\Middleware\\EncryptCookies.php(67): Illuminate\\Pipeline\\Pipeline->Illuminate\\Pipeline\\{closure}()
#24 C:\\Soft\\OpenServer\\domains\\MirVseh\\vendor\\laravel\\framework\\src\\Illuminate\\Pipeline\\Pipeline.php(167): Illuminate\\Cookie\\Middleware\\EncryptCookies->handle()
#25 C:\\Soft\\OpenServer\\domains\\MirVseh\\vendor\\laravel\\framework\\src\\Illuminate\\Pipeline\\Pipeline.php(103): Illuminate\\Pipeline\\Pipeline->Illuminate\\Pipeline\\{closure}()
#26 C:\\Soft\\OpenServer\\domains\\MirVseh\\vendor\\laravel\\framework\\src\\Illuminate\\Routing\\Router.php(694): Illuminate\\Pipeline\\Pipeline->then()
#27 C:\\Soft\\OpenServer\\domains\\MirVseh\\vendor\\laravel\\framework\\src\\Illuminate\\Routing\\Router.php(669): Illuminate\\Routing\\Router->runRouteWithinStack()
#28 C:\\Soft\\OpenServer\\domains\\MirVseh\\vendor\\laravel\\framework\\src\\Illuminate\\Routing\\Router.php(635): Illuminate\\Routing\\Router->runRoute()
#29 C:\\Soft\\OpenServer\\domains\\MirVseh\\vendor\\laravel\\framework\\src\\Illuminate\\Routing\\Router.php(624): Illuminate\\Routing\\Router->dispatchToRoute()
#30 C:\\Soft\\OpenServer\\domains\\MirVseh\\vendor\\laravel\\framework\\src\\Illuminate\\Foundation\\Http\\Kernel.php(166): Illuminate\\Routing\\Router->dispatch()
#31 C:\\Soft\\OpenServer\\domains\\MirVseh\\vendor\\laravel\\framework\\src\\Illuminate\\Pipeline\\Pipeline.php(128): Illuminate\\Foundation\\Http\\Kernel->Illuminate\\Foundation\\Http\\{closure}()
#32 C:\\Soft\\OpenServer\\domains\\MirVseh\\vendor\\laravel\\framework\\src\\Illuminate\\Foundation\\Http\\Middleware\\TransformsRequest.php(21): Illuminate\\Pipeline\\Pipeline->Illuminate\\Pipeline\\{closure}()
#33 C:\\Soft\\OpenServer\\domains\\MirVseh\\vendor\\laravel\\framework\\src\\Illuminate\\Pipeline\\Pipeline.php(167): Illuminate\\Foundation\\Http\\Middleware\\TransformsRequest->handle()
#34 C:\\Soft\\OpenServer\\domains\\MirVseh\\vendor\\laravel\\framework\\src\\Illuminate\\Foundation\\Http\\Middleware\\TransformsRequest.php(21): Illuminate\\Pipeline\\Pipeline->Illuminate\\Pipeline\\{closure}()
#35 C:\\Soft\\OpenServer\\domains\\MirVseh\\vendor\\laravel\\framework\\src\\Illuminate\\Pipeline\\Pipeline.php(167): Illuminate\\Foundation\\Http\\Middleware\\TransformsRequest->handle()
#36 C:\\Soft\\OpenServer\\domains\\MirVseh\\vendor\\laravel\\framework\\src\\Illuminate\\Foundation\\Http\\Middleware\\ValidatePostSize.php(27): Illuminate\\Pipeline\\Pipeline->Illuminate\\Pipeline\\{closure}()
#37 C:\\Soft\\OpenServer\\domains\\MirVseh\\vendor\\laravel\\framework\\src\\Illuminate\\Pipeline\\Pipeline.php(167): Illuminate\\Foundation\\Http\\Middleware\\ValidatePostSize->handle()
#38 C:\\Soft\\OpenServer\\domains\\MirVseh\\vendor\\laravel\\framework\\src\\Illuminate\\Foundation\\Http\\Middleware\\PreventRequestsDuringMaintenance.php(87): Illuminate\\Pipeline\\Pipeline->Illuminate\\Pipeline\\{closure}()
#39 C:\\Soft\\OpenServer\\domains\\MirVseh\\vendor\\laravel\\framework\\src\\Illuminate\\Pipeline\\Pipeline.php(167): Illuminate\\Foundation\\Http\\Middleware\\PreventRequestsDuringMaintenance->handle()
#40 C:\\Soft\\OpenServer\\domains\\MirVseh\\vendor\\fideloper\\proxy\\src\\TrustProxies.php(57): Illuminate\\Pipeline\\Pipeline->Illuminate\\Pipeline\\{closure}()
#41 C:\\Soft\\OpenServer\\domains\\MirVseh\\vendor\\laravel\\framework\\src\\Illuminate\\Pipeline\\Pipeline.php(167): Fideloper\\Proxy\\TrustProxies->handle()
#42 C:\\Soft\\OpenServer\\domains\\MirVseh\\app\\Http\\Middleware\\VerifyInstallation.php(22): Illuminate\\Pipeline\\Pipeline->Illuminate\\Pipeline\\{closure}()
#43 C:\\Soft\\OpenServer\\domains\\MirVseh\\vendor\\laravel\\framework\\src\\Illuminate\\Pipeline\\Pipeline.php(167): App\\Http\\Middleware\\VerifyInstallation->handle()
#44 C:\\Soft\\OpenServer\\domains\\MirVseh\\app\\Http\\Middleware\\VerifyEnv.php(22): Illuminate\\Pipeline\\Pipeline->Illuminate\\Pipeline\\{closure}()
#45 C:\\Soft\\OpenServer\\domains\\MirVseh\\vendor\\laravel\\framework\\src\\Illuminate\\Pipeline\\Pipeline.php(167): App\\Http\\Middleware\\VerifyEnv->handle()
#46 C:\\Soft\\OpenServer\\domains\\MirVseh\\vendor\\laravel\\framework\\src\\Illuminate\\Pipeline\\Pipeline.php(103): Illuminate\\Pipeline\\Pipeline->Illuminate\\Pipeline\\{closure}()
#47 C:\\Soft\\OpenServer\\domains\\MirVseh\\vendor\\laravel\\framework\\src\\Illuminate\\Foundation\\Http\\Kernel.php(141): Illuminate\\Pipeline\\Pipeline->then()
#48 C:\\Soft\\OpenServer\\domains\\MirVseh\\vendor\\laravel\\framework\\src\\Illuminate\\Foundation\\Http\\Kernel.php(110): Illuminate\\Foundation\\Http\\Kernel->sendRequestThroughRouter()
#49 C:\\Soft\\OpenServer\\domains\\MirVseh\\public\\index.php(55): Illuminate\\Foundation\\Http\\Kernel->handle()
#50 C:\\Soft\\OpenServer\\domains\\MirVseh\\server.php(21): require_once('C:\\\\Soft\\\\OpenSer...')
#51 {main}
"} 
